mode: set
github.com/evencycu/TeamsNotifyGoV2/internal/api/services/alert_service.go:43.37,55.2 1 0
github.com/evencycu/TeamsNotifyGoV2/internal/api/services/alert_service.go:58.100,63.61 3 0
github.com/evencycu/TeamsNotifyGoV2/internal/api/services/alert_service.go:63.61,76.3 2 0
github.com/evencycu/TeamsNotifyGoV2/internal/api/services/alert_service.go:79.2,79.60 1 0
github.com/evencycu/TeamsNotifyGoV2/internal/api/services/alert_service.go:79.60,92.3 2 0
github.com/evencycu/TeamsNotifyGoV2/internal/api/services/alert_service.go:95.2,95.55 1 0
github.com/evencycu/TeamsNotifyGoV2/internal/api/services/alert_service.go:95.55,108.3 2 0
github.com/evencycu/TeamsNotifyGoV2/internal/api/services/alert_service.go:111.2,111.69 1 0
github.com/evencycu/TeamsNotifyGoV2/internal/api/services/alert_service.go:111.69,124.3 2 0
github.com/evencycu/TeamsNotifyGoV2/internal/api/services/alert_service.go:127.2,127.30 1 0
github.com/evencycu/TeamsNotifyGoV2/internal/api/services/alert_service.go:127.30,139.3 2 0
github.com/evencycu/TeamsNotifyGoV2/internal/api/services/alert_service.go:142.2,144.23 2 0
github.com/evencycu/TeamsNotifyGoV2/internal/api/services/alert_service.go:148.78,150.2 1 0
github.com/evencycu/TeamsNotifyGoV2/internal/api/services/billing_service.go:55.18,63.2 1 1
github.com/evencycu/TeamsNotifyGoV2/internal/api/services/billing_service.go:230.119,239.2 1 1
github.com/evencycu/TeamsNotifyGoV2/internal/api/services/billing_service.go:241.119,254.2 1 0
github.com/evencycu/TeamsNotifyGoV2/internal/api/services/billing_service.go:256.96,259.2 1 0
github.com/evencycu/TeamsNotifyGoV2/internal/api/services/billing_service.go:261.107,264.2 1 0
github.com/evencycu/TeamsNotifyGoV2/internal/api/services/billing_service.go:266.127,269.2 1 0
github.com/evencycu/TeamsNotifyGoV2/internal/api/services/billing_service.go:271.141,274.2 1 0
github.com/evencycu/TeamsNotifyGoV2/internal/api/services/billing_service.go:276.120,279.2 1 0
github.com/evencycu/TeamsNotifyGoV2/internal/api/services/billing_service.go:281.157,284.2 1 0
github.com/evencycu/TeamsNotifyGoV2/internal/api/services/billing_service.go:286.142,289.2 1 0
github.com/evencycu/TeamsNotifyGoV2/internal/api/services/billing_service.go:291.134,303.2 1 0
github.com/evencycu/TeamsNotifyGoV2/internal/api/services/billing_service.go:305.128,313.2 1 0
github.com/evencycu/TeamsNotifyGoV2/internal/api/services/billing_service.go:315.152,327.2 1 0
github.com/evencycu/TeamsNotifyGoV2/internal/api/services/billing_service.go:329.90,332.2 1 0
github.com/evencycu/TeamsNotifyGoV2/internal/api/services/broadcast_service.go:61.20,68.2 1 0
github.com/evencycu/TeamsNotifyGoV2/internal/api/services/broadcast_service.go:71.167,76.16 3 0
github.com/evencycu/TeamsNotifyGoV2/internal/api/services/broadcast_service.go:76.16,78.3 1 0
github.com/evencycu/TeamsNotifyGoV2/internal/api/services/broadcast_service.go:80.2,80.29 1 0
github.com/evencycu/TeamsNotifyGoV2/internal/api/services/broadcast_service.go:80.29,88.3 1 0
github.com/evencycu/TeamsNotifyGoV2/internal/api/services/broadcast_service.go:91.2,93.16 3 0
github.com/evencycu/TeamsNotifyGoV2/internal/api/services/broadcast_service.go:93.16,95.3 1 0
github.com/evencycu/TeamsNotifyGoV2/internal/api/services/broadcast_service.go:96.2,106.37 6 0
github.com/evencycu/TeamsNotifyGoV2/internal/api/services/broadcast_service.go:106.37,110.21 3 0
github.com/evencycu/TeamsNotifyGoV2/internal/api/services/broadcast_service.go:110.21,114.4 2 0
github.com/evencycu/TeamsNotifyGoV2/internal/api/services/broadcast_service.go:114.9,117.101 2 0
github.com/evencycu/TeamsNotifyGoV2/internal/api/services/broadcast_service.go:117.101,119.5 1 0
github.com/evencycu/TeamsNotifyGoV2/internal/api/services/broadcast_service.go:123.2,129.8 1 0
github.com/evencycu/TeamsNotifyGoV2/internal/api/services/broadcast_service.go:133.177,138.16 3 0
github.com/evencycu/TeamsNotifyGoV2/internal/api/services/broadcast_service.go:138.16,140.3 1 0
github.com/evencycu/TeamsNotifyGoV2/internal/api/services/broadcast_service.go:143.2,144.37 2 0
github.com/evencycu/TeamsNotifyGoV2/internal/api/services/broadcast_service.go:144.37,145.87 1 0
github.com/evencycu/TeamsNotifyGoV2/internal/api/services/broadcast_service.go:145.87,147.4 1 0
github.com/evencycu/TeamsNotifyGoV2/internal/api/services/broadcast_service.go:150.2,150.24 1 0
github.com/evencycu/TeamsNotifyGoV2/internal/api/services/broadcast_service.go:150.24,158.3 1 0
github.com/evencycu/TeamsNotifyGoV2/internal/api/services/broadcast_service.go:161.2,163.16 3 0
github.com/evencycu/TeamsNotifyGoV2/internal/api/services/broadcast_service.go:163.16,165.3 1 0
github.com/evencycu/TeamsNotifyGoV2/internal/api/services/broadcast_service.go:166.2,174.32 6 0
github.com/evencycu/TeamsNotifyGoV2/internal/api/services/broadcast_service.go:174.32,178.21 3 0
github.com/evencycu/TeamsNotifyGoV2/internal/api/services/broadcast_service.go:178.21,181.4 2 0
github.com/evencycu/TeamsNotifyGoV2/internal/api/services/broadcast_service.go:181.9,183.101 2 0
github.com/evencycu/TeamsNotifyGoV2/internal/api/services/broadcast_service.go:183.101,185.5 1 0
github.com/evencycu/TeamsNotifyGoV2/internal/api/services/broadcast_service.go:189.2,195.8 1 0
github.com/evencycu/TeamsNotifyGoV2/internal/api/services/broadcast_service.go:199.166,202.28 2 0
github.com/evencycu/TeamsNotifyGoV2/internal/api/services/broadcast_service.go:202.28,210.3 1 0
github.com/evencycu/TeamsNotifyGoV2/internal/api/services/broadcast_service.go:213.2,215.33 3 0
github.com/evencycu/TeamsNotifyGoV2/internal/api/services/broadcast_service.go:215.33,216.22 1 0
github.com/evencycu/TeamsNotifyGoV2/internal/api/services/broadcast_service.go:216.22,218.9 2 0
github.com/evencycu/TeamsNotifyGoV2/internal/api/services/broadcast_service.go:220.3,220.34 1 0
github.com/evencycu/TeamsNotifyGoV2/internal/api/services/broadcast_service.go:224.2,226.36 3 0
github.com/evencycu/TeamsNotifyGoV2/internal/api/services/broadcast_service.go:226.36,227.16 1 0
github.com/evencycu/TeamsNotifyGoV2/internal/api/services/broadcast_service.go:227.16,231.12 3 0
github.com/evencycu/TeamsNotifyGoV2/internal/api/services/broadcast_service.go:233.3,233.39 1 0
github.com/evencycu/TeamsNotifyGoV2/internal/api/services/broadcast_service.go:233.39,234.27 1 0
github.com/evencycu/TeamsNotifyGoV2/internal/api/services/broadcast_service.go:234.27,236.46 1 0
github.com/evencycu/TeamsNotifyGoV2/internal/api/services/broadcast_service.go:236.46,239.14 3 0
github.com/evencycu/TeamsNotifyGoV2/internal/api/services/broadcast_service.go:241.5,241.55 1 0
github.com/evencycu/TeamsNotifyGoV2/internal/api/services/broadcast_service.go:241.55,244.6 2 0
github.com/evencycu/TeamsNotifyGoV2/internal/api/services/broadcast_service.go:245.10,249.5 2 0
github.com/evencycu/TeamsNotifyGoV2/internal/api/services/broadcast_service.go:253.2,253.50 1 0
github.com/evencycu/TeamsNotifyGoV2/internal/api/services/broadcast_service.go:257.137,260.23 2 0
github.com/evencycu/TeamsNotifyGoV2/internal/api/services/broadcast_service.go:260.23,268.3 1 0
github.com/evencycu/TeamsNotifyGoV2/internal/api/services/broadcast_service.go:271.2,273.28 3 0
github.com/evencycu/TeamsNotifyGoV2/internal/api/services/broadcast_service.go:273.28,275.17 2 0
github.com/evencycu/TeamsNotifyGoV2/internal/api/services/broadcast_service.go:276.19,277.47 1 0
github.com/evencycu/TeamsNotifyGoV2/internal/api/services/broadcast_service.go:277.47,285.13 2 0
github.com/evencycu/TeamsNotifyGoV2/internal/api/services/broadcast_service.go:287.31,288.30 1 0
github.com/evencycu/TeamsNotifyGoV2/internal/api/services/broadcast_service.go:288.30,296.13 2 0
github.com/evencycu/TeamsNotifyGoV2/internal/api/services/broadcast_service.go:298.11,306.12 2 0
github.com/evencycu/TeamsNotifyGoV2/internal/api/services/broadcast_service.go:308.3,308.35 1 0
github.com/evencycu/TeamsNotifyGoV2/internal/api/services/broadcast_service.go:311.2,311.25 1 0
github.com/evencycu/TeamsNotifyGoV2/internal/api/services/broadcast_service.go:311.25,319.3 1 0
github.com/evencycu/TeamsNotifyGoV2/internal/api/services/broadcast_service.go:323.2,324.24 2 0
github.com/evencycu/TeamsNotifyGoV2/internal/api/services/broadcast_service.go:324.24,326.3 1 0
github.com/evencycu/TeamsNotifyGoV2/internal/api/services/broadcast_service.go:329.2,330.16 2 0
github.com/evencycu/TeamsNotifyGoV2/internal/api/services/broadcast_service.go:330.16,339.3 2 0
github.com/evencycu/TeamsNotifyGoV2/internal/api/services/broadcast_service.go:340.2,348.35 6 0
github.com/evencycu/TeamsNotifyGoV2/internal/api/services/broadcast_service.go:348.35,350.85 1 0
github.com/evencycu/TeamsNotifyGoV2/internal/api/services/broadcast_service.go:350.85,351.109 1 0
github.com/evencycu/TeamsNotifyGoV2/internal/api/services/broadcast_service.go:351.109,353.5 1 0
github.com/evencycu/TeamsNotifyGoV2/internal/api/services/broadcast_service.go:353.10,355.5 1 0
github.com/evencycu/TeamsNotifyGoV2/internal/api/services/broadcast_service.go:357.3,359.38 3 0
github.com/evencycu/TeamsNotifyGoV2/internal/api/services/broadcast_service.go:359.38,361.37 2 0
github.com/evencycu/TeamsNotifyGoV2/internal/api/services/broadcast_service.go:361.37,364.10 3 0
github.com/evencycu/TeamsNotifyGoV2/internal/api/services/broadcast_service.go:368.3,368.33 1 0
github.com/evencycu/TeamsNotifyGoV2/internal/api/services/broadcast_service.go:368.33,378.12 4 0
github.com/evencycu/TeamsNotifyGoV2/internal/api/services/broadcast_service.go:383.3,386.17 4 0
github.com/evencycu/TeamsNotifyGoV2/internal/api/services/broadcast_service.go:386.17,388.4 1 0
github.com/evencycu/TeamsNotifyGoV2/internal/api/services/broadcast_service.go:389.3,397.21 6 0
github.com/evencycu/TeamsNotifyGoV2/internal/api/services/broadcast_service.go:397.21,400.4 2 0
github.com/evencycu/TeamsNotifyGoV2/internal/api/services/broadcast_service.go:400.9,402.101 2 0
github.com/evencycu/TeamsNotifyGoV2/internal/api/services/broadcast_service.go:402.101,404.5 1 0
github.com/evencycu/TeamsNotifyGoV2/internal/api/services/broadcast_service.go:408.2,414.8 1 0
github.com/evencycu/TeamsNotifyGoV2/internal/api/services/broadcast_service.go:418.149,425.16 5 0
github.com/evencycu/TeamsNotifyGoV2/internal/api/services/broadcast_service.go:425.16,435.3 2 0
github.com/evencycu/TeamsNotifyGoV2/internal/api/services/broadcast_service.go:436.2,462.16 7 0
github.com/evencycu/TeamsNotifyGoV2/internal/api/services/broadcast_service.go:462.16,472.3 2 0
github.com/evencycu/TeamsNotifyGoV2/internal/api/services/broadcast_service.go:474.2,481.29 6 0
github.com/evencycu/TeamsNotifyGoV2/internal/api/services/broadcast_service.go:481.29,483.3 1 0
github.com/evencycu/TeamsNotifyGoV2/internal/api/services/broadcast_service.go:485.2,485.16 1 0
github.com/evencycu/TeamsNotifyGoV2/internal/api/services/broadcast_service.go:485.16,487.30 1 0
github.com/evencycu/TeamsNotifyGoV2/internal/api/services/broadcast_service.go:487.30,489.4 1 0
github.com/evencycu/TeamsNotifyGoV2/internal/api/services/broadcast_service.go:491.3,499.4 2 0
github.com/evencycu/TeamsNotifyGoV2/internal/api/services/broadcast_service.go:501.2,505.28 3 0
github.com/evencycu/TeamsNotifyGoV2/internal/api/services/broadcast_service.go:505.28,507.30 1 0
github.com/evencycu/TeamsNotifyGoV2/internal/api/services/broadcast_service.go:507.30,509.4 1 0
github.com/evencycu/TeamsNotifyGoV2/internal/api/services/broadcast_service.go:511.3,520.4 3 0
github.com/evencycu/TeamsNotifyGoV2/internal/api/services/broadcast_service.go:524.2,525.69 2 0
github.com/evencycu/TeamsNotifyGoV2/internal/api/services/broadcast_service.go:525.69,526.44 1 0
github.com/evencycu/TeamsNotifyGoV2/internal/api/services/broadcast_service.go:526.44,528.31 1 0
github.com/evencycu/TeamsNotifyGoV2/internal/api/services/broadcast_service.go:528.31,531.5 2 0
github.com/evencycu/TeamsNotifyGoV2/internal/api/services/broadcast_service.go:533.4,540.5 1 0
github.com/evencycu/TeamsNotifyGoV2/internal/api/services/broadcast_service.go:544.2,550.3 1 0
github.com/evencycu/TeamsNotifyGoV2/internal/api/services/broadcast_service.go:554.120,560.20 1 0
github.com/evencycu/TeamsNotifyGoV2/internal/api/services/broadcast_service.go:560.20,562.3 1 0
github.com/evencycu/TeamsNotifyGoV2/internal/api/services/broadcast_service.go:564.2,574.16 9 0
github.com/evencycu/TeamsNotifyGoV2/internal/api/services/broadcast_service.go:574.16,577.3 2 0
github.com/evencycu/TeamsNotifyGoV2/internal/api/services/broadcast_service.go:579.2,583.16 4 0
github.com/evencycu/TeamsNotifyGoV2/internal/api/services/broadcast_service.go:583.16,586.3 2 0
github.com/evencycu/TeamsNotifyGoV2/internal/api/services/broadcast_service.go:587.2,591.53 3 0
github.com/evencycu/TeamsNotifyGoV2/internal/api/services/broadcast_service.go:591.53,595.3 3 0
github.com/evencycu/TeamsNotifyGoV2/internal/api/services/broadcast_service.go:597.2,600.63 2 0
github.com/evencycu/TeamsNotifyGoV2/internal/api/services/broadcast_service.go:600.63,603.3 2 0
github.com/evencycu/TeamsNotifyGoV2/internal/api/services/broadcast_service.go:605.2,605.26 1 0
github.com/evencycu/TeamsNotifyGoV2/internal/api/services/broadcast_service.go:605.26,608.3 2 0
github.com/evencycu/TeamsNotifyGoV2/internal/api/services/broadcast_service.go:610.2,611.28 2 0
github.com/evencycu/TeamsNotifyGoV2/internal/api/services/broadcast_service.go:615.108,618.21 2 0
github.com/evencycu/TeamsNotifyGoV2/internal/api/services/broadcast_service.go:619.18,620.27 1 0
github.com/evencycu/TeamsNotifyGoV2/internal/api/services/broadcast_service.go:621.17,622.26 1 0
github.com/evencycu/TeamsNotifyGoV2/internal/api/services/broadcast_service.go:623.19,624.28 1 0
github.com/evencycu/TeamsNotifyGoV2/internal/api/services/broadcast_service.go:625.10,626.15 1 0
github.com/evencycu/TeamsNotifyGoV2/internal/api/services/broadcast_service.go:630.2,630.121 1 0
github.com/evencycu/TeamsNotifyGoV2/internal/api/services/broadcast_service.go:630.121,632.3 1 0
github.com/evencycu/TeamsNotifyGoV2/internal/api/services/broadcast_service.go:634.2,634.93 1 0
github.com/evencycu/TeamsNotifyGoV2/internal/api/services/broadcast_service.go:634.93,636.3 1 0
github.com/evencycu/TeamsNotifyGoV2/internal/api/services/broadcast_service.go:637.2,637.14 1 0
github.com/evencycu/TeamsNotifyGoV2/internal/api/services/config_service.go:107.39,109.2 1 1
github.com/evencycu/TeamsNotifyGoV2/internal/api/services/config_service.go:112.81,156.2 1 1
github.com/evencycu/TeamsNotifyGoV2/internal/api/services/config_service.go:159.96,172.39 4 1
github.com/evencycu/TeamsNotifyGoV2/internal/api/services/config_service.go:172.39,173.47 1 1
github.com/evencycu/TeamsNotifyGoV2/internal/api/services/config_service.go:173.47,179.4 1 1
github.com/evencycu/TeamsNotifyGoV2/internal/api/services/config_service.go:183.2,183.48 1 1
github.com/evencycu/TeamsNotifyGoV2/internal/api/services/config_service.go:183.48,184.47 1 1
github.com/evencycu/TeamsNotifyGoV2/internal/api/services/config_service.go:184.47,190.4 1 0
github.com/evencycu/TeamsNotifyGoV2/internal/api/services/config_service.go:194.2,194.70 1 1
github.com/evencycu/TeamsNotifyGoV2/internal/api/services/config_service.go:194.70,195.67 1 0
github.com/evencycu/TeamsNotifyGoV2/internal/api/services/config_service.go:195.67,201.4 1 0
github.com/evencycu/TeamsNotifyGoV2/internal/api/services/config_service.go:205.2,205.57 1 1
github.com/evencycu/TeamsNotifyGoV2/internal/api/services/config_service.go:205.57,206.92 1 0
github.com/evencycu/TeamsNotifyGoV2/internal/api/services/config_service.go:206.92,212.4 1 0
github.com/evencycu/TeamsNotifyGoV2/internal/api/services/config_service.go:216.2,216.54 1 1
github.com/evencycu/TeamsNotifyGoV2/internal/api/services/config_service.go:216.54,217.93 1 0
github.com/evencycu/TeamsNotifyGoV2/internal/api/services/config_service.go:217.93,223.4 1 0
github.com/evencycu/TeamsNotifyGoV2/internal/api/services/config_service.go:226.2,230.8 1 1
github.com/evencycu/TeamsNotifyGoV2/internal/api/services/config_service.go:234.50,235.42 1 1
github.com/evencycu/TeamsNotifyGoV2/internal/api/services/config_service.go:235.42,236.55 1 0
github.com/evencycu/TeamsNotifyGoV2/internal/api/services/config_service.go:236.55,238.4 1 0
github.com/evencycu/TeamsNotifyGoV2/internal/api/services/config_service.go:240.2,240.21 1 1
github.com/evencycu/TeamsNotifyGoV2/internal/api/services/external_service.go:29.19,35.2 1 0
github.com/evencycu/TeamsNotifyGoV2/internal/api/services/external_service.go:70.138,72.27 1 0
github.com/evencycu/TeamsNotifyGoV2/internal/api/services/external_service.go:72.27,74.3 1 0
github.com/evencycu/TeamsNotifyGoV2/internal/api/services/external_service.go:75.2,75.24 1 0
github.com/evencycu/TeamsNotifyGoV2/internal/api/services/external_service.go:75.24,77.3 1 0
github.com/evencycu/TeamsNotifyGoV2/internal/api/services/external_service.go:80.2,81.16 2 0
github.com/evencycu/TeamsNotifyGoV2/internal/api/services/external_service.go:81.16,83.3 1 0
github.com/evencycu/TeamsNotifyGoV2/internal/api/services/external_service.go:86.2,86.32 1 0
github.com/evencycu/TeamsNotifyGoV2/internal/api/services/external_service.go:86.32,88.3 1 0
github.com/evencycu/TeamsNotifyGoV2/internal/api/services/external_service.go:91.2,92.16 2 0
github.com/evencycu/TeamsNotifyGoV2/internal/api/services/external_service.go:92.16,94.3 1 0
github.com/evencycu/TeamsNotifyGoV2/internal/api/services/external_service.go:96.2,96.28 1 0
github.com/evencycu/TeamsNotifyGoV2/internal/api/services/external_service.go:96.28,98.3 1 0
github.com/evencycu/TeamsNotifyGoV2/internal/api/services/external_service.go:103.2,116.16 3 0
github.com/evencycu/TeamsNotifyGoV2/internal/api/services/external_service.go:116.16,118.3 1 0
github.com/evencycu/TeamsNotifyGoV2/internal/api/services/external_service.go:121.2,122.22 2 0
github.com/evencycu/TeamsNotifyGoV2/internal/api/services/external_service.go:123.14,124.32 1 0
github.com/evencycu/TeamsNotifyGoV2/internal/api/services/external_service.go:125.13,126.34 1 0
github.com/evencycu/TeamsNotifyGoV2/internal/api/services/external_service.go:130.2,131.36 2 0
github.com/evencycu/TeamsNotifyGoV2/internal/api/services/external_service.go:131.36,139.3 1 0
github.com/evencycu/TeamsNotifyGoV2/internal/api/services/external_service.go:141.2,156.22 3 0
github.com/evencycu/TeamsNotifyGoV2/internal/api/services/external_service.go:160.124,162.16 2 0
github.com/evencycu/TeamsNotifyGoV2/internal/api/services/external_service.go:162.16,164.3 1 0
github.com/evencycu/TeamsNotifyGoV2/internal/api/services/external_service.go:166.2,167.16 2 0
github.com/evencycu/TeamsNotifyGoV2/internal/api/services/external_service.go:167.16,169.3 1 0
github.com/evencycu/TeamsNotifyGoV2/internal/api/services/external_service.go:171.2,172.36 2 0
github.com/evencycu/TeamsNotifyGoV2/internal/api/services/external_service.go:172.36,180.3 1 0
github.com/evencycu/TeamsNotifyGoV2/internal/api/services/external_service.go:182.2,182.20 1 0
github.com/evencycu/TeamsNotifyGoV2/internal/api/services/file_service.go:40.92,45.2 1 1
github.com/evencycu/TeamsNotifyGoV2/internal/api/services/file_service.go:116.98,121.66 2 0
github.com/evencycu/TeamsNotifyGoV2/internal/api/services/file_service.go:121.66,123.3 1 0
github.com/evencycu/TeamsNotifyGoV2/internal/api/services/file_service.go:126.2,127.16 2 0
github.com/evencycu/TeamsNotifyGoV2/internal/api/services/file_service.go:127.16,129.3 1 0
github.com/evencycu/TeamsNotifyGoV2/internal/api/services/file_service.go:132.2,133.50 2 0
github.com/evencycu/TeamsNotifyGoV2/internal/api/services/file_service.go:133.50,134.69 1 0
github.com/evencycu/TeamsNotifyGoV2/internal/api/services/file_service.go:134.69,136.4 1 0
github.com/evencycu/TeamsNotifyGoV2/internal/api/services/file_service.go:140.2,159.53 2 0
github.com/evencycu/TeamsNotifyGoV2/internal/api/services/file_service.go:159.53,163.3 2 0
github.com/evencycu/TeamsNotifyGoV2/internal/api/services/file_service.go:166.2,181.22 2 0
github.com/evencycu/TeamsNotifyGoV2/internal/api/services/file_service.go:184.118,188.36 3 0
github.com/evencycu/TeamsNotifyGoV2/internal/api/services/file_service.go:188.36,197.17 7 0
github.com/evencycu/TeamsNotifyGoV2/internal/api/services/file_service.go:197.17,199.12 2 0
github.com/evencycu/TeamsNotifyGoV2/internal/api/services/file_service.go:202.3,202.42 1 0
github.com/evencycu/TeamsNotifyGoV2/internal/api/services/file_service.go:206.2,206.44 1 0
github.com/evencycu/TeamsNotifyGoV2/internal/api/services/file_service.go:206.44,208.3 1 0
github.com/evencycu/TeamsNotifyGoV2/internal/api/services/file_service.go:210.2,210.23 1 0
github.com/evencycu/TeamsNotifyGoV2/internal/api/services/file_service.go:213.89,215.16 2 0
github.com/evencycu/TeamsNotifyGoV2/internal/api/services/file_service.go:215.16,217.3 1 0
github.com/evencycu/TeamsNotifyGoV2/internal/api/services/file_service.go:220.2,235.22 2 0
github.com/evencycu/TeamsNotifyGoV2/internal/api/services/file_service.go:238.98,240.16 2 0
github.com/evencycu/TeamsNotifyGoV2/internal/api/services/file_service.go:240.16,242.3 1 0
github.com/evencycu/TeamsNotifyGoV2/internal/api/services/file_service.go:245.2,245.64 1 0
github.com/evencycu/TeamsNotifyGoV2/internal/api/services/file_service.go:245.64,247.3 1 0
github.com/evencycu/TeamsNotifyGoV2/internal/api/services/file_service.go:250.2,251.16 2 0
github.com/evencycu/TeamsNotifyGoV2/internal/api/services/file_service.go:251.16,253.3 1 0
github.com/evencycu/TeamsNotifyGoV2/internal/api/services/file_service.go:255.2,255.20 1 0
github.com/evencycu/TeamsNotifyGoV2/internal/api/services/file_service.go:258.79,260.16 2 0
github.com/evencycu/TeamsNotifyGoV2/internal/api/services/file_service.go:260.16,262.3 1 0
github.com/evencycu/TeamsNotifyGoV2/internal/api/services/file_service.go:265.2,265.60 1 0
github.com/evencycu/TeamsNotifyGoV2/internal/api/services/file_service.go:265.60,267.3 1 0
github.com/evencycu/TeamsNotifyGoV2/internal/api/services/file_service.go:270.2,270.55 1 0
github.com/evencycu/TeamsNotifyGoV2/internal/api/services/file_service.go:270.55,272.3 1 0
github.com/evencycu/TeamsNotifyGoV2/internal/api/services/file_service.go:274.2,274.12 1 0
github.com/evencycu/TeamsNotifyGoV2/internal/api/services/file_service.go:277.105,287.16 2 0
github.com/evencycu/TeamsNotifyGoV2/internal/api/services/file_service.go:287.16,289.3 1 0
github.com/evencycu/TeamsNotifyGoV2/internal/api/services/file_service.go:292.2,293.29 2 0
github.com/evencycu/TeamsNotifyGoV2/internal/api/services/file_service.go:293.29,309.3 2 0
github.com/evencycu/TeamsNotifyGoV2/internal/api/services/file_service.go:311.2,311.30 1 0
github.com/evencycu/TeamsNotifyGoV2/internal/api/services/file_service.go:314.114,316.24 1 1
github.com/evencycu/TeamsNotifyGoV2/internal/api/services/file_service.go:316.24,321.3 1 1
github.com/evencycu/TeamsNotifyGoV2/internal/api/services/file_service.go:324.2,325.23 2 1
github.com/evencycu/TeamsNotifyGoV2/internal/api/services/file_service.go:325.23,330.3 1 1
github.com/evencycu/TeamsNotifyGoV2/internal/api/services/file_service.go:332.2,332.32 1 1
github.com/evencycu/TeamsNotifyGoV2/internal/api/services/file_service.go:332.32,337.3 1 1
github.com/evencycu/TeamsNotifyGoV2/internal/api/services/file_service.go:340.2,357.43 3 1
github.com/evencycu/TeamsNotifyGoV2/internal/api/services/file_service.go:357.43,358.37 1 1
github.com/evencycu/TeamsNotifyGoV2/internal/api/services/file_service.go:358.37,360.9 2 1
github.com/evencycu/TeamsNotifyGoV2/internal/api/services/file_service.go:364.2,364.14 1 1
github.com/evencycu/TeamsNotifyGoV2/internal/api/services/file_service.go:364.14,369.3 1 1
github.com/evencycu/TeamsNotifyGoV2/internal/api/services/file_service.go:371.2,374.8 1 1
github.com/evencycu/TeamsNotifyGoV2/internal/api/services/file_service.go:377.70,380.16 2 0
github.com/evencycu/TeamsNotifyGoV2/internal/api/services/file_service.go:380.16,382.3 1 0
github.com/evencycu/TeamsNotifyGoV2/internal/api/services/file_service.go:385.2,385.36 1 0
github.com/evencycu/TeamsNotifyGoV2/internal/api/services/file_service.go:385.36,387.61 1 0
github.com/evencycu/TeamsNotifyGoV2/internal/api/services/file_service.go:387.61,390.4 1 0
github.com/evencycu/TeamsNotifyGoV2/internal/api/services/file_service.go:393.3,393.57 1 0
github.com/evencycu/TeamsNotifyGoV2/internal/api/services/file_service.go:393.57,396.4 1 0
github.com/evencycu/TeamsNotifyGoV2/internal/api/services/file_service.go:399.2,399.12 1 0
github.com/evencycu/TeamsNotifyGoV2/internal/api/services/metrics_service.go:114.66,120.2 1 1
github.com/evencycu/TeamsNotifyGoV2/internal/api/services/metrics_service.go:123.84,126.61 2 1
github.com/evencycu/TeamsNotifyGoV2/internal/api/services/metrics_service.go:126.61,130.3 3 0
github.com/evencycu/TeamsNotifyGoV2/internal/api/services/metrics_service.go:131.2,138.16 4 1
github.com/evencycu/TeamsNotifyGoV2/internal/api/services/metrics_service.go:138.16,140.3 1 0
github.com/evencycu/TeamsNotifyGoV2/internal/api/services/metrics_service.go:143.2,174.16 5 1
github.com/evencycu/TeamsNotifyGoV2/internal/api/services/metrics_service.go:174.16,176.3 1 0
github.com/evencycu/TeamsNotifyGoV2/internal/api/services/metrics_service.go:179.2,180.16 2 1
github.com/evencycu/TeamsNotifyGoV2/internal/api/services/metrics_service.go:180.16,182.3 1 0
github.com/evencycu/TeamsNotifyGoV2/internal/api/services/metrics_service.go:185.2,201.22 6 1
github.com/evencycu/TeamsNotifyGoV2/internal/api/services/metrics_service.go:205.68,222.2 5 1
github.com/evencycu/TeamsNotifyGoV2/internal/api/services/metrics_service.go:225.85,239.15 10 1
github.com/evencycu/TeamsNotifyGoV2/internal/api/services/metrics_service.go:239.15,246.17 4 1
github.com/evencycu/TeamsNotifyGoV2/internal/api/services/metrics_service.go:246.17,250.4 1 1
github.com/evencycu/TeamsNotifyGoV2/internal/api/services/metrics_service.go:253.3,254.18 2 1
github.com/evencycu/TeamsNotifyGoV2/internal/api/services/metrics_service.go:257.2,267.8 1 1
github.com/evencycu/TeamsNotifyGoV2/internal/api/services/metrics_service.go:271.91,284.28 10 1
github.com/evencycu/TeamsNotifyGoV2/internal/api/services/metrics_service.go:284.28,286.3 1 1
github.com/evencycu/TeamsNotifyGoV2/internal/api/services/metrics_service.go:289.2,305.8 3 1
github.com/evencycu/TeamsNotifyGoV2/internal/api/services/metrics_service.go:309.79,311.2 1 1
github.com/evencycu/TeamsNotifyGoV2/internal/api/services/metrics_service.go:314.81,316.2 1 1
github.com/evencycu/TeamsNotifyGoV2/internal/api/services/metrics_service.go:319.82,321.2 1 1
github.com/evencycu/TeamsNotifyGoV2/internal/api/services/metrics_service.go:324.75,326.2 1 1
github.com/evencycu/TeamsNotifyGoV2/internal/api/services/metrics_service.go:329.76,331.2 1 1
github.com/evencycu/TeamsNotifyGoV2/internal/api/services/metrics_service.go:334.96,340.16 5 1
github.com/evencycu/TeamsNotifyGoV2/internal/api/services/metrics_service.go:340.16,342.3 1 1
github.com/evencycu/TeamsNotifyGoV2/internal/api/services/metrics_service.go:344.2,354.12 9 0
github.com/evencycu/TeamsNotifyGoV2/internal/api/services/metrics_service.go:358.93,360.2 1 1
github.com/evencycu/TeamsNotifyGoV2/internal/api/services/metrics_service.go:363.87,365.2 1 1
github.com/evencycu/TeamsNotifyGoV2/internal/api/services/metrics_service.go:368.91,370.2 1 1
github.com/evencycu/TeamsNotifyGoV2/internal/api/services/mock_redis.go:14.44,18.2 1 0
github.com/evencycu/TeamsNotifyGoV2/internal/api/services/mock_redis.go:21.115,24.2 2 0
github.com/evencycu/TeamsNotifyGoV2/internal/api/services/mock_redis.go:27.80,28.40 1 0
github.com/evencycu/TeamsNotifyGoV2/internal/api/services/mock_redis.go:28.40,29.34 1 0
github.com/evencycu/TeamsNotifyGoV2/internal/api/services/mock_redis.go:29.34,31.4 1 0
github.com/evencycu/TeamsNotifyGoV2/internal/api/services/mock_redis.go:33.2,33.16 1 0
github.com/evencycu/TeamsNotifyGoV2/internal/api/services/mock_redis.go:37.80,38.40 1 0
github.com/evencycu/TeamsNotifyGoV2/internal/api/services/mock_redis.go:38.40,39.35 1 0
github.com/evencycu/TeamsNotifyGoV2/internal/api/services/mock_redis.go:39.35,42.4 2 0
github.com/evencycu/TeamsNotifyGoV2/internal/api/services/mock_redis.go:44.2,45.15 2 0
github.com/evencycu/TeamsNotifyGoV2/internal/api/services/mock_redis.go:49.59,51.2 1 0
github.com/evencycu/TeamsNotifyGoV2/internal/api/services/monitoring_service.go:145.21,152.2 1 0
github.com/evencycu/TeamsNotifyGoV2/internal/api/services/monitoring_service.go:155.89,175.24 7 0
github.com/evencycu/TeamsNotifyGoV2/internal/api/services/monitoring_service.go:175.24,177.3 1 0
github.com/evencycu/TeamsNotifyGoV2/internal/api/services/monitoring_service.go:178.2,178.24 1 0
github.com/evencycu/TeamsNotifyGoV2/internal/api/services/monitoring_service.go:178.24,180.3 1 0
github.com/evencycu/TeamsNotifyGoV2/internal/api/services/monitoring_service.go:182.2,187.8 1 0
github.com/evencycu/TeamsNotifyGoV2/internal/api/services/monitoring_service.go:191.101,194.16 2 0
github.com/evencycu/TeamsNotifyGoV2/internal/api/services/monitoring_service.go:194.16,196.3 1 0
github.com/evencycu/TeamsNotifyGoV2/internal/api/services/monitoring_service.go:199.2,235.8 5 0
github.com/evencycu/TeamsNotifyGoV2/internal/api/services/monitoring_service.go:239.93,242.16 2 0
github.com/evencycu/TeamsNotifyGoV2/internal/api/services/monitoring_service.go:242.16,244.3 1 0
github.com/evencycu/TeamsNotifyGoV2/internal/api/services/monitoring_service.go:247.2,277.8 6 0
github.com/evencycu/TeamsNotifyGoV2/internal/api/services/monitoring_service.go:281.87,286.16 3 0
github.com/evencycu/TeamsNotifyGoV2/internal/api/services/monitoring_service.go:286.16,288.40 1 0
github.com/evencycu/TeamsNotifyGoV2/internal/api/services/monitoring_service.go:288.40,298.4 1 0
github.com/evencycu/TeamsNotifyGoV2/internal/api/services/monitoring_service.go:301.3,301.50 1 0
github.com/evencycu/TeamsNotifyGoV2/internal/api/services/monitoring_service.go:301.50,311.4 1 0
github.com/evencycu/TeamsNotifyGoV2/internal/api/services/monitoring_service.go:314.3,314.43 1 0
github.com/evencycu/TeamsNotifyGoV2/internal/api/services/monitoring_service.go:314.43,324.4 1 0
github.com/evencycu/TeamsNotifyGoV2/internal/api/services/monitoring_service.go:327.2,331.8 1 0
github.com/evencycu/TeamsNotifyGoV2/internal/api/services/monitoring_service.go:335.86,345.2 2 0
github.com/evencycu/TeamsNotifyGoV2/internal/api/services/monitoring_service.go:347.83,357.2 2 0
github.com/evencycu/TeamsNotifyGoV2/internal/api/services/monitoring_service.go:359.81,368.2 2 0
github.com/evencycu/TeamsNotifyGoV2/internal/api/services/monitoring_service.go:370.96,374.28 3 0
github.com/evencycu/TeamsNotifyGoV2/internal/api/services/monitoring_service.go:374.28,377.3 2 0
github.com/evencycu/TeamsNotifyGoV2/internal/api/services/monitoring_service.go:378.2,378.31 1 0
github.com/evencycu/TeamsNotifyGoV2/internal/api/services/monitoring_service.go:378.31,381.3 2 0
github.com/evencycu/TeamsNotifyGoV2/internal/api/services/monitoring_service.go:382.2,382.29 1 0
github.com/evencycu/TeamsNotifyGoV2/internal/api/services/monitoring_service.go:382.29,385.3 2 0
github.com/evencycu/TeamsNotifyGoV2/internal/api/services/monitoring_service.go:387.2,388.16 2 0
github.com/evencycu/TeamsNotifyGoV2/internal/api/services/monitoring_service.go:388.16,390.3 1 0
github.com/evencycu/TeamsNotifyGoV2/internal/api/services/monitoring_service.go:391.2,391.16 1 0
github.com/evencycu/TeamsNotifyGoV2/internal/api/services/monitoring_service.go:391.16,393.3 1 0
github.com/evencycu/TeamsNotifyGoV2/internal/api/services/monitoring_service.go:394.2,394.16 1 0
github.com/evencycu/TeamsNotifyGoV2/internal/api/services/monitoring_service.go:394.16,396.3 1 0
github.com/evencycu/TeamsNotifyGoV2/internal/api/services/monitoring_service.go:397.2,397.16 1 0
github.com/evencycu/TeamsNotifyGoV2/internal/api/services/monitoring_service.go:397.16,399.3 1 0
github.com/evencycu/TeamsNotifyGoV2/internal/api/services/monitoring_service.go:401.2,402.21 2 0
github.com/evencycu/TeamsNotifyGoV2/internal/api/services/monitoring_service.go:402.21,404.3 1 0
github.com/evencycu/TeamsNotifyGoV2/internal/api/services/monitoring_service.go:406.2,410.3 1 0
github.com/evencycu/TeamsNotifyGoV2/internal/api/services/provision_service.go:33.20,39.2 1 0
github.com/evencycu/TeamsNotifyGoV2/internal/api/services/provision_service.go:68.119,69.60 1 0
github.com/evencycu/TeamsNotifyGoV2/internal/api/services/provision_service.go:69.60,71.3 1 0
github.com/evencycu/TeamsNotifyGoV2/internal/api/services/provision_service.go:72.2,72.46 1 0
github.com/evencycu/TeamsNotifyGoV2/internal/api/services/provision_service.go:72.46,74.3 1 0
github.com/evencycu/TeamsNotifyGoV2/internal/api/services/provision_service.go:75.2,75.48 1 0
github.com/evencycu/TeamsNotifyGoV2/internal/api/services/provision_service.go:75.48,77.3 1 0
github.com/evencycu/TeamsNotifyGoV2/internal/api/services/provision_service.go:78.2,78.27 1 0
github.com/evencycu/TeamsNotifyGoV2/internal/api/services/provision_service.go:78.27,80.3 1 0
github.com/evencycu/TeamsNotifyGoV2/internal/api/services/provision_service.go:83.2,83.69 1 0
github.com/evencycu/TeamsNotifyGoV2/internal/api/services/provision_service.go:83.69,85.3 1 0
github.com/evencycu/TeamsNotifyGoV2/internal/api/services/provision_service.go:88.2,102.59 4 0
github.com/evencycu/TeamsNotifyGoV2/internal/api/services/provision_service.go:102.59,104.3 1 0
github.com/evencycu/TeamsNotifyGoV2/internal/api/services/provision_service.go:107.2,118.60 2 0
github.com/evencycu/TeamsNotifyGoV2/internal/api/services/provision_service.go:118.60,120.3 1 0
github.com/evencycu/TeamsNotifyGoV2/internal/api/services/provision_service.go:122.2,122.97 1 0
github.com/evencycu/TeamsNotifyGoV2/internal/api/services/provision_service.go:125.104,127.16 2 0
github.com/evencycu/TeamsNotifyGoV2/internal/api/services/provision_service.go:127.16,129.3 1 0
github.com/evencycu/TeamsNotifyGoV2/internal/api/services/provision_service.go:130.2,131.16 2 0
github.com/evencycu/TeamsNotifyGoV2/internal/api/services/provision_service.go:131.16,133.3 1 0
github.com/evencycu/TeamsNotifyGoV2/internal/api/services/provision_service.go:134.2,134.72 1 0
github.com/evencycu/TeamsNotifyGoV2/internal/api/services/provision_service.go:137.135,139.16 2 0
github.com/evencycu/TeamsNotifyGoV2/internal/api/services/provision_service.go:139.16,141.3 1 0
github.com/evencycu/TeamsNotifyGoV2/internal/api/services/provision_service.go:143.2,143.28 1 0
github.com/evencycu/TeamsNotifyGoV2/internal/api/services/provision_service.go:143.28,145.3 1 0
github.com/evencycu/TeamsNotifyGoV2/internal/api/services/provision_service.go:147.2,147.56 1 0
github.com/evencycu/TeamsNotifyGoV2/internal/api/services/provision_service.go:147.56,149.3 1 0
github.com/evencycu/TeamsNotifyGoV2/internal/api/services/provision_service.go:152.2,152.52 1 0
github.com/evencycu/TeamsNotifyGoV2/internal/api/services/provision_service.go:152.52,154.17 2 0
github.com/evencycu/TeamsNotifyGoV2/internal/api/services/provision_service.go:154.17,156.4 1 0
github.com/evencycu/TeamsNotifyGoV2/internal/api/services/provision_service.go:157.3,157.21 1 0
github.com/evencycu/TeamsNotifyGoV2/internal/api/services/provision_service.go:157.21,159.32 2 0
github.com/evencycu/TeamsNotifyGoV2/internal/api/services/provision_service.go:159.32,161.5 1 0
github.com/evencycu/TeamsNotifyGoV2/internal/api/services/provision_service.go:162.4,162.26 1 0
github.com/evencycu/TeamsNotifyGoV2/internal/api/services/provision_service.go:162.26,164.5 1 0
github.com/evencycu/TeamsNotifyGoV2/internal/api/services/provision_service.go:165.4,165.59 1 0
github.com/evencycu/TeamsNotifyGoV2/internal/api/services/provision_service.go:165.59,167.5 1 0
github.com/evencycu/TeamsNotifyGoV2/internal/api/services/provision_service.go:171.2,171.31 1 0
github.com/evencycu/TeamsNotifyGoV2/internal/api/services/provision_service.go:174.97,176.16 2 0
github.com/evencycu/TeamsNotifyGoV2/internal/api/services/provision_service.go:176.16,178.3 1 0
github.com/evencycu/TeamsNotifyGoV2/internal/api/services/provision_service.go:179.2,179.13 1 0
github.com/evencycu/TeamsNotifyGoV2/internal/api/services/provision_service.go:179.13,181.3 1 0
github.com/evencycu/TeamsNotifyGoV2/internal/api/services/provision_service.go:181.8,183.3 1 0
github.com/evencycu/TeamsNotifyGoV2/internal/api/services/provision_service.go:184.2,184.56 1 0
github.com/evencycu/TeamsNotifyGoV2/internal/api/services/provision_service.go:184.56,186.3 1 0
github.com/evencycu/TeamsNotifyGoV2/internal/api/services/provision_service.go:187.2,187.12 1 0
github.com/evencycu/TeamsNotifyGoV2/internal/api/services/provision_service.go:190.63,194.2 2 0
github.com/evencycu/TeamsNotifyGoV2/internal/api/services/service.go:75.76,77.2 1 0
github.com/evencycu/TeamsNotifyGoV2/internal/api/services/service.go:98.67,100.2 1 0
github.com/evencycu/TeamsNotifyGoV2/internal/api/services/service.go:103.110,111.66 5 0
github.com/evencycu/TeamsNotifyGoV2/internal/api/services/service.go:111.66,113.17 2 0
github.com/evencycu/TeamsNotifyGoV2/internal/api/services/service.go:113.17,115.4 1 0
github.com/evencycu/TeamsNotifyGoV2/internal/api/services/service.go:116.3,117.37 2 0
github.com/evencycu/TeamsNotifyGoV2/internal/api/services/service.go:120.2,121.16 2 0
github.com/evencycu/TeamsNotifyGoV2/internal/api/services/service.go:121.16,123.3 1 0
github.com/evencycu/TeamsNotifyGoV2/internal/api/services/service.go:125.2,125.23 1 0
github.com/evencycu/TeamsNotifyGoV2/internal/api/services/service.go:129.90,131.2 1 0
github.com/evencycu/TeamsNotifyGoV2/internal/api/services/service.go:134.124,139.66 3 0
github.com/evencycu/TeamsNotifyGoV2/internal/api/services/service.go:139.66,141.17 2 0
github.com/evencycu/TeamsNotifyGoV2/internal/api/services/service.go:141.17,143.4 1 0
github.com/evencycu/TeamsNotifyGoV2/internal/api/services/service.go:144.3,145.37 2 0
github.com/evencycu/TeamsNotifyGoV2/internal/api/services/service.go:148.2,149.16 2 0
github.com/evencycu/TeamsNotifyGoV2/internal/api/services/service.go:149.16,151.3 1 0
github.com/evencycu/TeamsNotifyGoV2/internal/api/services/service.go:153.2,153.23 1 0
github.com/evencycu/TeamsNotifyGoV2/internal/api/services/service.go:157.71,159.2 1 0
github.com/evencycu/TeamsNotifyGoV2/internal/api/services/service.go:162.93,164.16 2 0
github.com/evencycu/TeamsNotifyGoV2/internal/api/services/service.go:164.16,166.3 1 0
github.com/evencycu/TeamsNotifyGoV2/internal/api/services/service.go:168.2,168.19 1 0
github.com/evencycu/TeamsNotifyGoV2/internal/api/services/service.go:172.84,174.2 1 0
github.com/evencycu/TeamsNotifyGoV2/internal/api/services/service.go:177.93,179.2 1 0
github.com/evencycu/TeamsNotifyGoV2/internal/api/services/service.go:182.106,184.2 1 0
github.com/evencycu/TeamsNotifyGoV2/internal/api/services/service.go:187.93,189.2 1 0
github.com/evencycu/TeamsNotifyGoV2/internal/api/services/service.go:192.97,194.2 1 0
github.com/evencycu/TeamsNotifyGoV2/internal/api/services/service.go:197.116,199.16 2 0
github.com/evencycu/TeamsNotifyGoV2/internal/api/services/service.go:199.16,201.3 1 0
github.com/evencycu/TeamsNotifyGoV2/internal/api/services/service.go:204.2,204.30 1 0
github.com/evencycu/TeamsNotifyGoV2/internal/api/services/service.go:204.30,206.3 1 0
github.com/evencycu/TeamsNotifyGoV2/internal/api/services/service.go:207.2,208.16 2 0
github.com/evencycu/TeamsNotifyGoV2/internal/api/services/service.go:208.16,210.3 1 0
github.com/evencycu/TeamsNotifyGoV2/internal/api/services/service.go:213.2,214.16 2 0
github.com/evencycu/TeamsNotifyGoV2/internal/api/services/service.go:214.16,216.3 1 0
github.com/evencycu/TeamsNotifyGoV2/internal/api/services/service.go:219.2,223.33 4 0
github.com/evencycu/TeamsNotifyGoV2/internal/api/services/service.go:227.93,229.16 2 0
github.com/evencycu/TeamsNotifyGoV2/internal/api/services/service.go:229.16,231.3 1 0
github.com/evencycu/TeamsNotifyGoV2/internal/api/services/service.go:234.2,242.16 7 0
github.com/evencycu/TeamsNotifyGoV2/internal/api/services/service.go:242.16,244.3 1 0
github.com/evencycu/TeamsNotifyGoV2/internal/api/services/service.go:246.2,246.20 1 0
github.com/evencycu/TeamsNotifyGoV2/internal/api/services/service.go:250.81,252.16 2 0
github.com/evencycu/TeamsNotifyGoV2/internal/api/services/service.go:252.16,254.3 1 0
github.com/evencycu/TeamsNotifyGoV2/internal/api/services/service.go:256.2,260.33 4 0
github.com/evencycu/TeamsNotifyGoV2/internal/api/services/service.go:264.84,266.16 2 0
github.com/evencycu/TeamsNotifyGoV2/internal/api/services/service.go:266.16,268.3 1 0
github.com/evencycu/TeamsNotifyGoV2/internal/api/services/service.go:270.2,274.33 4 0
github.com/evencycu/TeamsNotifyGoV2/internal/api/services/service.go:278.119,284.52 5 0
github.com/evencycu/TeamsNotifyGoV2/internal/api/services/service.go:284.52,286.3 1 0
github.com/evencycu/TeamsNotifyGoV2/internal/api/services/service.go:288.2,288.21 1 0
github.com/evencycu/TeamsNotifyGoV2/internal/api/services/service.go:292.96,294.16 2 0
github.com/evencycu/TeamsNotifyGoV2/internal/api/services/service.go:294.16,296.3 1 0
github.com/evencycu/TeamsNotifyGoV2/internal/api/services/service.go:297.2,297.21 1 0
github.com/evencycu/TeamsNotifyGoV2/internal/api/services/service.go:301.133,304.16 2 0
github.com/evencycu/TeamsNotifyGoV2/internal/api/services/service.go:304.16,306.3 1 0
github.com/evencycu/TeamsNotifyGoV2/internal/api/services/service.go:309.2,317.52 8 0
github.com/evencycu/TeamsNotifyGoV2/internal/api/services/service.go:317.52,319.3 1 0
github.com/evencycu/TeamsNotifyGoV2/internal/api/services/service.go:321.2,321.21 1 0
github.com/evencycu/TeamsNotifyGoV2/internal/api/services/service.go:325.74,328.16 2 0
github.com/evencycu/TeamsNotifyGoV2/internal/api/services/service.go:328.16,330.3 1 0
github.com/evencycu/TeamsNotifyGoV2/internal/api/services/service.go:332.2,332.31 1 0
github.com/evencycu/TeamsNotifyGoV2/internal/api/services/service.go:336.99,338.16 2 0
github.com/evencycu/TeamsNotifyGoV2/internal/api/services/service.go:338.16,340.3 1 0
github.com/evencycu/TeamsNotifyGoV2/internal/api/services/service.go:341.2,341.17 1 0
github.com/evencycu/TeamsNotifyGoV2/internal/api/services/service.go:341.17,343.3 1 0
github.com/evencycu/TeamsNotifyGoV2/internal/api/services/service.go:345.2,346.16 2 0
github.com/evencycu/TeamsNotifyGoV2/internal/api/services/service.go:346.16,348.3 1 0
github.com/evencycu/TeamsNotifyGoV2/internal/api/services/service.go:350.2,350.40 1 0
github.com/evencycu/TeamsNotifyGoV2/internal/api/services/service.go:354.87,356.2 1 0
github.com/evencycu/TeamsNotifyGoV2/internal/api/services/service.go:359.99,361.16 2 0
github.com/evencycu/TeamsNotifyGoV2/internal/api/services/service.go:361.16,363.3 1 0
github.com/evencycu/TeamsNotifyGoV2/internal/api/services/service.go:364.2,364.21 1 0
github.com/evencycu/TeamsNotifyGoV2/internal/api/services/service.go:368.103,370.2 1 0
github.com/evencycu/TeamsNotifyGoV2/internal/api/services/service.go:373.95,375.16 2 0
github.com/evencycu/TeamsNotifyGoV2/internal/api/services/service.go:375.16,377.3 1 0
github.com/evencycu/TeamsNotifyGoV2/internal/api/services/service.go:379.2,382.36 3 0
github.com/evencycu/TeamsNotifyGoV2/internal/api/services/service.go:386.81,388.16 2 0
github.com/evencycu/TeamsNotifyGoV2/internal/api/services/service.go:388.16,390.3 1 0
github.com/evencycu/TeamsNotifyGoV2/internal/api/services/service.go:392.2,395.36 3 0
github.com/evencycu/TeamsNotifyGoV2/internal/api/services/service.go:399.82,401.16 2 0
github.com/evencycu/TeamsNotifyGoV2/internal/api/services/service.go:401.16,403.3 1 0
github.com/evencycu/TeamsNotifyGoV2/internal/api/services/service.go:405.2,408.36 3 0
github.com/evencycu/TeamsNotifyGoV2/internal/api/services/service.go:489.163,491.2 1 0
github.com/evencycu/TeamsNotifyGoV2/internal/api/services/service.go:493.111,494.16 1 0
github.com/evencycu/TeamsNotifyGoV2/internal/api/services/service.go:494.16,496.3 1 0
github.com/evencycu/TeamsNotifyGoV2/internal/api/services/service.go:497.2,498.22 2 0
github.com/evencycu/TeamsNotifyGoV2/internal/api/services/service.go:499.28,500.58 1 0
github.com/evencycu/TeamsNotifyGoV2/internal/api/services/service.go:501.17,502.47 1 0
github.com/evencycu/TeamsNotifyGoV2/internal/api/services/service.go:503.28,504.58 1 0
github.com/evencycu/TeamsNotifyGoV2/internal/api/services/service.go:505.10,507.13 2 0
github.com/evencycu/TeamsNotifyGoV2/internal/api/services/service.go:512.121,515.40 2 0
github.com/evencycu/TeamsNotifyGoV2/internal/api/services/service.go:515.40,516.52 1 0
github.com/evencycu/TeamsNotifyGoV2/internal/api/services/service.go:516.52,518.4 1 0
github.com/evencycu/TeamsNotifyGoV2/internal/api/services/service.go:520.2,520.17 1 0
github.com/evencycu/TeamsNotifyGoV2/internal/api/services/service.go:520.17,522.3 1 0
github.com/evencycu/TeamsNotifyGoV2/internal/api/services/service.go:525.2,529.33 4 0
github.com/evencycu/TeamsNotifyGoV2/internal/api/services/service.go:529.33,532.3 2 0
github.com/evencycu/TeamsNotifyGoV2/internal/api/services/service.go:534.2,535.56 2 0
github.com/evencycu/TeamsNotifyGoV2/internal/api/services/service.go:535.56,536.53 1 0
github.com/evencycu/TeamsNotifyGoV2/internal/api/services/service.go:536.53,538.4 1 0
github.com/evencycu/TeamsNotifyGoV2/internal/api/services/service.go:541.2,541.20 1 0
github.com/evencycu/TeamsNotifyGoV2/internal/api/services/service.go:541.20,542.63 1 0
github.com/evencycu/TeamsNotifyGoV2/internal/api/services/service.go:542.63,543.55 1 0
github.com/evencycu/TeamsNotifyGoV2/internal/api/services/service.go:543.55,545.5 1 0
github.com/evencycu/TeamsNotifyGoV2/internal/api/services/service.go:549.2,549.20 1 0
github.com/evencycu/TeamsNotifyGoV2/internal/api/services/service.go:549.20,550.69 1 0
github.com/evencycu/TeamsNotifyGoV2/internal/api/services/service.go:550.69,551.66 1 0
github.com/evencycu/TeamsNotifyGoV2/internal/api/services/service.go:551.66,553.5 1 0
github.com/evencycu/TeamsNotifyGoV2/internal/api/services/service.go:556.2,556.20 1 0
github.com/evencycu/TeamsNotifyGoV2/internal/api/services/service.go:556.20,558.3 1 0
github.com/evencycu/TeamsNotifyGoV2/internal/api/services/service.go:561.2,565.65 3 0
github.com/evencycu/TeamsNotifyGoV2/internal/api/services/service.go:565.65,567.3 1 0
github.com/evencycu/TeamsNotifyGoV2/internal/api/services/service.go:570.2,571.69 2 0
github.com/evencycu/TeamsNotifyGoV2/internal/api/services/service.go:571.69,572.58 1 0
github.com/evencycu/TeamsNotifyGoV2/internal/api/services/service.go:572.58,573.14 1 0
github.com/evencycu/TeamsNotifyGoV2/internal/api/services/service.go:574.20,575.34 1 0
github.com/evencycu/TeamsNotifyGoV2/internal/api/services/service.go:576.19,577.33 1 0
github.com/evencycu/TeamsNotifyGoV2/internal/api/services/service.go:578.21,579.35 1 0
github.com/evencycu/TeamsNotifyGoV2/internal/api/services/service.go:585.2,588.57 4 0
github.com/evencycu/TeamsNotifyGoV2/internal/api/services/service.go:588.57,589.50 1 0
github.com/evencycu/TeamsNotifyGoV2/internal/api/services/service.go:589.50,591.4 1 0
github.com/evencycu/TeamsNotifyGoV2/internal/api/services/service.go:592.3,592.44 1 0
github.com/evencycu/TeamsNotifyGoV2/internal/api/services/service.go:592.44,594.4 1 0
github.com/evencycu/TeamsNotifyGoV2/internal/api/services/service.go:596.2,596.67 1 0
github.com/evencycu/TeamsNotifyGoV2/internal/api/services/service.go:596.67,597.49 1 0
github.com/evencycu/TeamsNotifyGoV2/internal/api/services/service.go:597.49,599.4 1 0
github.com/evencycu/TeamsNotifyGoV2/internal/api/services/service.go:603.2,606.26 3 0
github.com/evencycu/TeamsNotifyGoV2/internal/api/services/service.go:607.18,609.24 1 0
github.com/evencycu/TeamsNotifyGoV2/internal/api/services/service.go:609.24,611.4 1 0
github.com/evencycu/TeamsNotifyGoV2/internal/api/services/service.go:612.3,612.29 1 0
github.com/evencycu/TeamsNotifyGoV2/internal/api/services/service.go:614.19,616.66 1 0
github.com/evencycu/TeamsNotifyGoV2/internal/api/services/service.go:616.66,617.46 1 0
github.com/evencycu/TeamsNotifyGoV2/internal/api/services/service.go:617.46,619.5 1 0
github.com/evencycu/TeamsNotifyGoV2/internal/api/services/service.go:622.17,624.72 1 0
github.com/evencycu/TeamsNotifyGoV2/internal/api/services/service.go:624.72,625.60 1 0
github.com/evencycu/TeamsNotifyGoV2/internal/api/services/service.go:625.60,626.50 1 0
github.com/evencycu/TeamsNotifyGoV2/internal/api/services/service.go:626.50,628.6 1 0
github.com/evencycu/TeamsNotifyGoV2/internal/api/services/service.go:634.2,635.59 2 0
github.com/evencycu/TeamsNotifyGoV2/internal/api/services/service.go:635.59,637.3 1 0
github.com/evencycu/TeamsNotifyGoV2/internal/api/services/service.go:640.2,661.83 3 0
github.com/evencycu/TeamsNotifyGoV2/internal/api/services/service.go:661.83,667.3 3 0
github.com/evencycu/TeamsNotifyGoV2/internal/api/services/service.go:668.2,668.40 1 0
github.com/evencycu/TeamsNotifyGoV2/internal/api/services/service.go:672.110,675.16 2 0
github.com/evencycu/TeamsNotifyGoV2/internal/api/services/service.go:675.16,677.3 1 0
github.com/evencycu/TeamsNotifyGoV2/internal/api/services/service.go:678.2,679.12 2 0
github.com/evencycu/TeamsNotifyGoV2/internal/api/services/service.go:683.121,686.2 1 0
github.com/evencycu/TeamsNotifyGoV2/internal/api/services/service.go:689.110,692.22 2 0
github.com/evencycu/TeamsNotifyGoV2/internal/api/services/service.go:692.22,694.3 1 0
github.com/evencycu/TeamsNotifyGoV2/internal/api/services/service.go:695.2,697.18 3 0
github.com/evencycu/TeamsNotifyGoV2/internal/api/services/service.go:697.18,699.3 1 0
github.com/evencycu/TeamsNotifyGoV2/internal/api/services/service.go:701.2,702.20 2 0
github.com/evencycu/TeamsNotifyGoV2/internal/api/services/service.go:702.20,703.61 1 0
github.com/evencycu/TeamsNotifyGoV2/internal/api/services/service.go:703.61,704.52 1 0
github.com/evencycu/TeamsNotifyGoV2/internal/api/services/service.go:704.52,705.42 1 0
github.com/evencycu/TeamsNotifyGoV2/internal/api/services/service.go:705.42,707.6 1 0
github.com/evencycu/TeamsNotifyGoV2/internal/api/services/service.go:711.2,711.20 1 0
github.com/evencycu/TeamsNotifyGoV2/internal/api/services/service.go:711.20,713.3 1 0
github.com/evencycu/TeamsNotifyGoV2/internal/api/services/service.go:714.2,725.42 9 0
github.com/evencycu/TeamsNotifyGoV2/internal/api/services/service.go:725.42,727.3 1 0
github.com/evencycu/TeamsNotifyGoV2/internal/api/services/service.go:728.2,729.16 2 0
github.com/evencycu/TeamsNotifyGoV2/internal/api/services/service.go:729.16,731.3 1 0
github.com/evencycu/TeamsNotifyGoV2/internal/api/services/service.go:734.2,746.16 5 0
github.com/evencycu/TeamsNotifyGoV2/internal/api/services/service.go:746.16,748.3 1 0
github.com/evencycu/TeamsNotifyGoV2/internal/api/services/service.go:749.2,754.16 5 0
github.com/evencycu/TeamsNotifyGoV2/internal/api/services/service.go:754.16,756.3 1 0
github.com/evencycu/TeamsNotifyGoV2/internal/api/services/service.go:757.2,758.53 2 0
github.com/evencycu/TeamsNotifyGoV2/internal/api/services/service.go:758.53,761.3 2 0
github.com/evencycu/TeamsNotifyGoV2/internal/api/services/service.go:762.2,762.12 1 0
github.com/evencycu/TeamsNotifyGoV2/internal/api/services/service.go:766.107,767.20 1 0
github.com/evencycu/TeamsNotifyGoV2/internal/api/services/service.go:767.20,769.3 1 0
github.com/evencycu/TeamsNotifyGoV2/internal/api/services/service.go:770.2,777.16 8 0
github.com/evencycu/TeamsNotifyGoV2/internal/api/services/service.go:777.16,779.3 1 0
github.com/evencycu/TeamsNotifyGoV2/internal/api/services/service.go:780.2,783.16 4 0
github.com/evencycu/TeamsNotifyGoV2/internal/api/services/service.go:783.16,785.3 1 0
github.com/evencycu/TeamsNotifyGoV2/internal/api/services/service.go:786.2,787.53 2 0
github.com/evencycu/TeamsNotifyGoV2/internal/api/services/service.go:787.53,790.3 2 0
github.com/evencycu/TeamsNotifyGoV2/internal/api/services/service.go:791.2,794.62 2 0
github.com/evencycu/TeamsNotifyGoV2/internal/api/services/service.go:794.62,796.3 1 0
github.com/evencycu/TeamsNotifyGoV2/internal/api/services/service.go:797.2,797.26 1 0
github.com/evencycu/TeamsNotifyGoV2/internal/api/services/service.go:797.26,799.3 1 0
github.com/evencycu/TeamsNotifyGoV2/internal/api/services/service.go:800.2,800.28 1 0
github.com/evencycu/TeamsNotifyGoV2/internal/api/services/service.go:804.48,804.74 1 0
github.com/evencycu/TeamsNotifyGoV2/internal/api/services/service.go:805.48,805.77 1 0
github.com/evencycu/TeamsNotifyGoV2/internal/api/services/service.go:806.37,807.34 1 1
github.com/evencycu/TeamsNotifyGoV2/internal/api/services/service.go:807.34,809.3 1 0
github.com/evencycu/TeamsNotifyGoV2/internal/api/services/service.go:810.2,810.12 1 1
github.com/evencycu/TeamsNotifyGoV2/internal/api/services/service.go:839.41,841.2 1 0
github.com/evencycu/TeamsNotifyGoV2/internal/api/services/service.go:849.39,851.2 1 0
github.com/evencycu/TeamsNotifyGoV2/internal/api/services/service.go:860.39,862.2 1 0
github.com/evencycu/TeamsNotifyGoV2/internal/api/services/service.go:870.76,872.2 1 0
github.com/evencycu/TeamsNotifyGoV2/internal/api/services/service.go:875.119,883.29 5 0
github.com/evencycu/TeamsNotifyGoV2/internal/api/services/service.go:883.29,885.3 1 0
github.com/evencycu/TeamsNotifyGoV2/internal/api/services/service.go:887.2,888.16 2 0
github.com/evencycu/TeamsNotifyGoV2/internal/api/services/service.go:888.16,890.3 1 0
github.com/evencycu/TeamsNotifyGoV2/internal/api/services/service.go:892.2,892.23 1 0
github.com/evencycu/TeamsNotifyGoV2/internal/api/services/service.go:896.96,898.2 1 0
github.com/evencycu/TeamsNotifyGoV2/internal/api/services/service.go:901.133,906.16 4 0
github.com/evencycu/TeamsNotifyGoV2/internal/api/services/service.go:906.16,908.3 1 0
github.com/evencycu/TeamsNotifyGoV2/internal/api/services/service.go:910.2,910.23 1 0
github.com/evencycu/TeamsNotifyGoV2/internal/api/services/service.go:914.74,916.2 1 0
github.com/evencycu/TeamsNotifyGoV2/internal/api/services/service.go:919.99,921.16 2 0
github.com/evencycu/TeamsNotifyGoV2/internal/api/services/service.go:921.16,923.3 1 0
github.com/evencycu/TeamsNotifyGoV2/internal/api/services/service.go:925.2,925.22 1 0
github.com/evencycu/TeamsNotifyGoV2/internal/api/services/service.go:929.87,931.2 1 0
github.com/evencycu/TeamsNotifyGoV2/internal/api/services/service.go:934.112,936.2 1 0
github.com/evencycu/TeamsNotifyGoV2/internal/api/services/service.go:939.103,941.2 1 0
github.com/evencycu/TeamsNotifyGoV2/internal/api/services/service.go:944.103,946.2 1 0
github.com/evencycu/TeamsNotifyGoV2/internal/api/services/service.go:949.110,951.16 2 0
github.com/evencycu/TeamsNotifyGoV2/internal/api/services/service.go:951.16,953.3 1 0
github.com/evencycu/TeamsNotifyGoV2/internal/api/services/service.go:956.2,960.36 4 0
github.com/evencycu/TeamsNotifyGoV2/internal/api/services/service.go:964.86,966.16 2 0
github.com/evencycu/TeamsNotifyGoV2/internal/api/services/service.go:966.16,968.3 1 0
github.com/evencycu/TeamsNotifyGoV2/internal/api/services/service.go:972.2,972.18 1 0
github.com/evencycu/TeamsNotifyGoV2/internal/api/services/service.go:981.79,983.2 1 0
github.com/evencycu/TeamsNotifyGoV2/internal/api/services/service.go:986.122,995.16 7 0
github.com/evencycu/TeamsNotifyGoV2/internal/api/services/service.go:995.16,997.3 1 0
github.com/evencycu/TeamsNotifyGoV2/internal/api/services/service.go:999.2,999.23 1 0
github.com/evencycu/TeamsNotifyGoV2/internal/api/services/service.go:1003.98,1005.2 1 0
github.com/evencycu/TeamsNotifyGoV2/internal/api/services/service.go:1008.136,1013.16 4 0
github.com/evencycu/TeamsNotifyGoV2/internal/api/services/service.go:1013.16,1015.3 1 0
github.com/evencycu/TeamsNotifyGoV2/internal/api/services/service.go:1017.2,1017.23 1 0
github.com/evencycu/TeamsNotifyGoV2/internal/api/services/service.go:1021.75,1023.2 1 0
github.com/evencycu/TeamsNotifyGoV2/internal/api/services/service.go:1026.101,1028.16 2 0
github.com/evencycu/TeamsNotifyGoV2/internal/api/services/service.go:1028.16,1030.3 1 0
github.com/evencycu/TeamsNotifyGoV2/internal/api/services/service.go:1032.2,1032.18 1 0
github.com/evencycu/TeamsNotifyGoV2/internal/api/services/service.go:1036.88,1038.2 1 0
github.com/evencycu/TeamsNotifyGoV2/internal/api/services/service.go:1041.101,1043.2 1 0
github.com/evencycu/TeamsNotifyGoV2/internal/api/services/service.go:1046.105,1048.2 1 0
github.com/evencycu/TeamsNotifyGoV2/internal/api/services/service.go:1051.114,1053.2 1 0
github.com/evencycu/TeamsNotifyGoV2/internal/api/services/service.go:1056.109,1058.2 1 0
github.com/evencycu/TeamsNotifyGoV2/internal/api/services/service.go:1061.96,1063.16 2 0
github.com/evencycu/TeamsNotifyGoV2/internal/api/services/service.go:1063.16,1065.3 1 0
github.com/evencycu/TeamsNotifyGoV2/internal/api/services/service.go:1067.2,1071.32 4 0
github.com/evencycu/TeamsNotifyGoV2/internal/api/services/service.go:1075.124,1077.16 2 0
github.com/evencycu/TeamsNotifyGoV2/internal/api/services/service.go:1077.16,1079.3 1 0
github.com/evencycu/TeamsNotifyGoV2/internal/api/services/service.go:1081.2,1085.32 4 0
github.com/evencycu/TeamsNotifyGoV2/internal/api/services/service.go:1089.83,1091.16 2 0
github.com/evencycu/TeamsNotifyGoV2/internal/api/services/service.go:1091.16,1093.3 1 0
github.com/evencycu/TeamsNotifyGoV2/internal/api/services/service.go:1097.2,1097.12 1 0
github.com/evencycu/TeamsNotifyGoV2/internal/api/services/service.go:1105.88,1107.2 1 0
github.com/evencycu/TeamsNotifyGoV2/internal/api/services/service.go:1114.131,1118.66 2 0
github.com/evencycu/TeamsNotifyGoV2/internal/api/services/service.go:1118.66,1120.3 1 0
github.com/evencycu/TeamsNotifyGoV2/internal/api/services/service.go:1121.2,1125.30 4 0
github.com/evencycu/TeamsNotifyGoV2/internal/api/services/service.go:1125.30,1127.3 1 0
github.com/evencycu/TeamsNotifyGoV2/internal/api/services/service.go:1128.2,1128.40 1 0
github.com/evencycu/TeamsNotifyGoV2/internal/api/services/service.go:1128.40,1130.3 1 0
github.com/evencycu/TeamsNotifyGoV2/internal/api/services/service.go:1132.2,1133.16 2 0
github.com/evencycu/TeamsNotifyGoV2/internal/api/services/service.go:1133.16,1135.3 1 0
github.com/evencycu/TeamsNotifyGoV2/internal/api/services/service.go:1137.2,1137.26 1 0
github.com/evencycu/TeamsNotifyGoV2/internal/api/services/service.go:1141.104,1143.2 1 0
github.com/evencycu/TeamsNotifyGoV2/internal/api/services/service.go:1146.145,1150.34 3 0
github.com/evencycu/TeamsNotifyGoV2/internal/api/services/service.go:1150.34,1151.67 1 0
github.com/evencycu/TeamsNotifyGoV2/internal/api/services/service.go:1151.67,1153.4 1 0
github.com/evencycu/TeamsNotifyGoV2/internal/api/services/service.go:1155.2,1158.16 3 0
github.com/evencycu/TeamsNotifyGoV2/internal/api/services/service.go:1158.16,1160.3 1 0
github.com/evencycu/TeamsNotifyGoV2/internal/api/services/service.go:1162.2,1162.26 1 0
github.com/evencycu/TeamsNotifyGoV2/internal/api/services/service.go:1166.78,1168.2 1 0
github.com/evencycu/TeamsNotifyGoV2/internal/api/services/service.go:1171.107,1173.16 2 0
github.com/evencycu/TeamsNotifyGoV2/internal/api/services/service.go:1173.16,1175.3 1 0
github.com/evencycu/TeamsNotifyGoV2/internal/api/services/service.go:1176.2,1177.16 2 0
github.com/evencycu/TeamsNotifyGoV2/internal/api/services/service.go:1177.16,1179.3 1 0
github.com/evencycu/TeamsNotifyGoV2/internal/api/services/service.go:1181.2,1181.40 1 0
github.com/evencycu/TeamsNotifyGoV2/internal/api/services/service.go:1185.91,1187.2 1 0
github.com/evencycu/TeamsNotifyGoV2/internal/api/services/service.go:1190.120,1192.2 1 0
github.com/evencycu/TeamsNotifyGoV2/internal/api/services/service.go:1195.112,1197.2 1 0
github.com/evencycu/TeamsNotifyGoV2/internal/api/services/service.go:1200.111,1202.2 1 0
github.com/evencycu/TeamsNotifyGoV2/internal/api/services/service.go:1205.131,1207.2 1 0
github.com/evencycu/TeamsNotifyGoV2/internal/api/services/service.go:1210.117,1212.2 1 0
github.com/evencycu/TeamsNotifyGoV2/internal/api/services/service.go:1215.141,1217.16 2 0
github.com/evencycu/TeamsNotifyGoV2/internal/api/services/service.go:1217.16,1219.3 1 0
github.com/evencycu/TeamsNotifyGoV2/internal/api/services/service.go:1222.2,1222.54 1 0
github.com/evencycu/TeamsNotifyGoV2/internal/api/services/service.go:1222.54,1224.3 1 0
github.com/evencycu/TeamsNotifyGoV2/internal/api/services/service.go:1226.2,1230.16 4 0
github.com/evencycu/TeamsNotifyGoV2/internal/api/services/service.go:1230.16,1232.3 1 0
github.com/evencycu/TeamsNotifyGoV2/internal/api/services/service.go:1234.2,1234.25 1 0
github.com/evencycu/TeamsNotifyGoV2/internal/api/services/service.go:1238.112,1240.16 2 0
github.com/evencycu/TeamsNotifyGoV2/internal/api/services/service.go:1240.16,1242.3 1 0
github.com/evencycu/TeamsNotifyGoV2/internal/api/services/service.go:1245.2,1245.66 1 0
github.com/evencycu/TeamsNotifyGoV2/internal/api/services/service.go:1245.66,1247.3 1 0
github.com/evencycu/TeamsNotifyGoV2/internal/api/services/service.go:1248.2,1254.16 6 0
github.com/evencycu/TeamsNotifyGoV2/internal/api/services/service.go:1254.16,1256.3 1 0
github.com/evencycu/TeamsNotifyGoV2/internal/api/services/service.go:1258.2,1258.25 1 0
github.com/evencycu/TeamsNotifyGoV2/internal/api/services/service.go:1262.64,1263.23 1 0
github.com/evencycu/TeamsNotifyGoV2/internal/api/services/service.go:1263.23,1265.3 1 0
github.com/evencycu/TeamsNotifyGoV2/internal/api/services/service.go:1266.2,1266.30 1 0
github.com/evencycu/TeamsNotifyGoV2/internal/api/services/service.go:1266.30,1268.13 2 0
github.com/evencycu/TeamsNotifyGoV2/internal/api/services/service.go:1269.19,1271.85 1 0
github.com/evencycu/TeamsNotifyGoV2/internal/api/services/service.go:1271.85,1273.5 1 0
github.com/evencycu/TeamsNotifyGoV2/internal/api/services/service.go:1274.31,1276.49 1 0
github.com/evencycu/TeamsNotifyGoV2/internal/api/services/service.go:1276.49,1278.5 1 0
github.com/evencycu/TeamsNotifyGoV2/internal/api/services/service.go:1279.11,1280.70 1 0
github.com/evencycu/TeamsNotifyGoV2/internal/api/services/service.go:1283.3,1283.42 1 0
github.com/evencycu/TeamsNotifyGoV2/internal/api/services/service.go:1283.42,1285.4 1 0
github.com/evencycu/TeamsNotifyGoV2/internal/api/services/service.go:1287.2,1287.12 1 0
github.com/evencycu/TeamsNotifyGoV2/internal/api/services/service.go:1295.273,1303.2 1 0
github.com/evencycu/TeamsNotifyGoV2/internal/api/services/service.go:1314.134,1319.31 5 0
github.com/evencycu/TeamsNotifyGoV2/internal/api/services/service.go:1319.31,1321.3 1 0
github.com/evencycu/TeamsNotifyGoV2/internal/api/services/service.go:1323.2,1324.16 2 0
github.com/evencycu/TeamsNotifyGoV2/internal/api/services/service.go:1324.16,1326.3 1 0
github.com/evencycu/TeamsNotifyGoV2/internal/api/services/service.go:1327.2,1327.27 1 0
github.com/evencycu/TeamsNotifyGoV2/internal/api/services/service.go:1331.106,1333.2 1 0
github.com/evencycu/TeamsNotifyGoV2/internal/api/services/service.go:1336.148,1342.16 5 0
github.com/evencycu/TeamsNotifyGoV2/internal/api/services/service.go:1342.16,1344.3 1 0
github.com/evencycu/TeamsNotifyGoV2/internal/api/services/service.go:1345.2,1345.27 1 0
github.com/evencycu/TeamsNotifyGoV2/internal/api/services/service.go:1349.79,1351.2 1 0
github.com/evencycu/TeamsNotifyGoV2/internal/api/services/service.go:1354.109,1356.2 1 0
github.com/evencycu/TeamsNotifyGoV2/internal/api/services/service.go:1359.92,1361.2 1 0
github.com/evencycu/TeamsNotifyGoV2/internal/api/services/service.go:1364.122,1366.2 1 0
github.com/evencycu/TeamsNotifyGoV2/internal/api/services/service.go:1369.120,1371.2 1 0
github.com/evencycu/TeamsNotifyGoV2/internal/api/services/service.go:1374.113,1376.2 1 0
github.com/evencycu/TeamsNotifyGoV2/internal/api/services/service.go:1379.123,1381.2 1 0
github.com/evencycu/TeamsNotifyGoV2/internal/api/services/service.go:1384.131,1387.27 2 0
github.com/evencycu/TeamsNotifyGoV2/internal/api/services/service.go:1387.27,1396.3 2 0
github.com/evencycu/TeamsNotifyGoV2/internal/api/services/service.go:1398.2,1399.29 2 0
github.com/evencycu/TeamsNotifyGoV2/internal/api/services/service.go:1399.29,1408.3 2 0
github.com/evencycu/TeamsNotifyGoV2/internal/api/services/service.go:1410.2,1425.16 3 0
github.com/evencycu/TeamsNotifyGoV2/internal/api/services/service.go:1425.16,1427.3 1 0
github.com/evencycu/TeamsNotifyGoV2/internal/api/services/service.go:1430.2,1436.16 6 0
github.com/evencycu/TeamsNotifyGoV2/internal/api/services/service.go:1436.16,1438.3 1 0
github.com/evencycu/TeamsNotifyGoV2/internal/api/services/service.go:1440.2,1442.16 3 0
github.com/evencycu/TeamsNotifyGoV2/internal/api/services/service.go:1442.16,1443.34 1 0
github.com/evencycu/TeamsNotifyGoV2/internal/api/services/service.go:1443.34,1444.36 1 0
github.com/evencycu/TeamsNotifyGoV2/internal/api/services/service.go:1444.36,1446.10 2 0
github.com/evencycu/TeamsNotifyGoV2/internal/api/services/service.go:1448.4,1448.39 1 0
github.com/evencycu/TeamsNotifyGoV2/internal/api/services/service.go:1452.2,1452.16 1 0
github.com/evencycu/TeamsNotifyGoV2/internal/api/services/service.go:1452.16,1454.3 1 0
github.com/evencycu/TeamsNotifyGoV2/internal/api/services/service.go:1458.2,1458.27 1 0
github.com/evencycu/TeamsNotifyGoV2/internal/api/services/service.go:1458.27,1460.34 2 0
github.com/evencycu/TeamsNotifyGoV2/internal/api/services/service.go:1460.34,1461.32 1 0
github.com/evencycu/TeamsNotifyGoV2/internal/api/services/service.go:1461.32,1476.5 3 0
github.com/evencycu/TeamsNotifyGoV2/internal/api/services/service.go:1479.3,1479.19 1 0
github.com/evencycu/TeamsNotifyGoV2/internal/api/services/service.go:1479.19,1480.71 1 0
github.com/evencycu/TeamsNotifyGoV2/internal/api/services/service.go:1480.71,1482.5 1 0
github.com/evencycu/TeamsNotifyGoV2/internal/api/services/service.go:1487.2,1487.29 1 0
github.com/evencycu/TeamsNotifyGoV2/internal/api/services/service.go:1487.29,1493.3 1 0
github.com/evencycu/TeamsNotifyGoV2/internal/api/services/service.go:1498.2,1498.26 1 0
github.com/evencycu/TeamsNotifyGoV2/internal/api/services/service.go:1501.105,1503.33 2 0
github.com/evencycu/TeamsNotifyGoV2/internal/api/services/service.go:1503.33,1504.29 1 0
github.com/evencycu/TeamsNotifyGoV2/internal/api/services/service.go:1504.29,1505.32 1 0
github.com/evencycu/TeamsNotifyGoV2/internal/api/services/service.go:1505.32,1506.66 1 0
github.com/evencycu/TeamsNotifyGoV2/internal/api/services/service.go:1506.66,1508.6 1 0
github.com/evencycu/TeamsNotifyGoV2/internal/api/services/service.go:1509.10,1510.75 1 0
github.com/evencycu/TeamsNotifyGoV2/internal/api/services/service.go:1510.75,1512.6 1 0
github.com/evencycu/TeamsNotifyGoV2/internal/api/services/service.go:1516.2,1516.29 1 0
github.com/evencycu/TeamsNotifyGoV2/internal/api/services/service.go:1520.90,1522.16 2 0
github.com/evencycu/TeamsNotifyGoV2/internal/api/services/service.go:1522.16,1524.3 1 0
github.com/evencycu/TeamsNotifyGoV2/internal/api/services/service.go:1526.2,1526.37 1 0
github.com/evencycu/TeamsNotifyGoV2/internal/api/services/service.go:1526.37,1528.3 1 0
github.com/evencycu/TeamsNotifyGoV2/internal/api/services/service.go:1531.2,1536.16 5 0
github.com/evencycu/TeamsNotifyGoV2/internal/api/services/service.go:1536.16,1538.3 1 0
github.com/evencycu/TeamsNotifyGoV2/internal/api/services/service.go:1540.2,1540.12 1 0
github.com/evencycu/TeamsNotifyGoV2/internal/api/services/service.go:1544.91,1546.16 2 0
github.com/evencycu/TeamsNotifyGoV2/internal/api/services/service.go:1546.16,1548.3 1 0
github.com/evencycu/TeamsNotifyGoV2/internal/api/services/service.go:1550.2,1550.35 1 0
github.com/evencycu/TeamsNotifyGoV2/internal/api/services/service.go:1550.35,1552.3 1 0
github.com/evencycu/TeamsNotifyGoV2/internal/api/services/service.go:1554.2,1557.41 3 0
github.com/evencycu/TeamsNotifyGoV2/internal/api/services/service.go:1561.110,1564.16 2 0
github.com/evencycu/TeamsNotifyGoV2/internal/api/services/service.go:1564.16,1567.3 2 0
github.com/evencycu/TeamsNotifyGoV2/internal/api/services/service.go:1570.2,1572.16 3 0
github.com/evencycu/TeamsNotifyGoV2/internal/api/services/service.go:1572.16,1575.3 2 0
github.com/evencycu/TeamsNotifyGoV2/internal/api/services/service.go:1577.2,1582.16 5 0
github.com/evencycu/TeamsNotifyGoV2/internal/api/services/service.go:1582.16,1585.3 2 0
github.com/evencycu/TeamsNotifyGoV2/internal/api/services/service.go:1586.2,1588.38 2 0
github.com/evencycu/TeamsNotifyGoV2/internal/api/services/service.go:1588.38,1591.3 2 0
github.com/evencycu/TeamsNotifyGoV2/internal/api/services/service.go:1594.2,1601.16 3 0
github.com/evencycu/TeamsNotifyGoV2/internal/api/services/service.go:1601.16,1604.3 2 0
github.com/evencycu/TeamsNotifyGoV2/internal/api/services/service.go:1606.2,1606.56 1 0
github.com/evencycu/TeamsNotifyGoV2/internal/api/services/service.go:1606.56,1609.3 2 0
github.com/evencycu/TeamsNotifyGoV2/internal/api/services/service.go:1612.2,1612.25 1 0
github.com/evencycu/TeamsNotifyGoV2/internal/api/services/service.go:1612.25,1614.3 1 0
github.com/evencycu/TeamsNotifyGoV2/internal/api/services/service.go:1615.2,1615.35 1 0
github.com/evencycu/TeamsNotifyGoV2/internal/api/services/service.go:1619.104,1627.38 3 0
github.com/evencycu/TeamsNotifyGoV2/internal/api/services/service.go:1627.38,1629.3 1 0
github.com/evencycu/TeamsNotifyGoV2/internal/api/services/service.go:1632.2,1642.16 8 0
github.com/evencycu/TeamsNotifyGoV2/internal/api/services/service.go:1642.16,1644.3 1 0
github.com/evencycu/TeamsNotifyGoV2/internal/api/services/service.go:1646.2,1650.16 4 0
github.com/evencycu/TeamsNotifyGoV2/internal/api/services/service.go:1650.16,1652.3 1 0
github.com/evencycu/TeamsNotifyGoV2/internal/api/services/service.go:1653.2,1655.38 2 0
github.com/evencycu/TeamsNotifyGoV2/internal/api/services/service.go:1655.38,1658.3 2 0
github.com/evencycu/TeamsNotifyGoV2/internal/api/services/service.go:1661.2,1668.16 3 0
github.com/evencycu/TeamsNotifyGoV2/internal/api/services/service.go:1668.16,1670.3 1 0
github.com/evencycu/TeamsNotifyGoV2/internal/api/services/service.go:1672.2,1672.57 1 0
github.com/evencycu/TeamsNotifyGoV2/internal/api/services/service.go:1672.57,1674.3 1 0
github.com/evencycu/TeamsNotifyGoV2/internal/api/services/service.go:1676.2,1676.35 1 0
github.com/evencycu/TeamsNotifyGoV2/internal/api/services/token_manager.go:65.56,73.2 1 0
github.com/evencycu/TeamsNotifyGoV2/internal/api/services/token_manager.go:76.109,78.2 1 0
github.com/evencycu/TeamsNotifyGoV2/internal/api/services/token_manager.go:81.105,83.2 1 0
github.com/evencycu/TeamsNotifyGoV2/internal/api/services/token_manager.go:86.121,91.60 3 0
github.com/evencycu/TeamsNotifyGoV2/internal/api/services/token_manager.go:91.60,93.3 1 0
github.com/evencycu/TeamsNotifyGoV2/internal/api/services/token_manager.go:96.2,96.63 1 0
github.com/evencycu/TeamsNotifyGoV2/internal/api/services/token_manager.go:100.103,102.16 2 0
github.com/evencycu/TeamsNotifyGoV2/internal/api/services/token_manager.go:102.16,103.23 1 0
github.com/evencycu/TeamsNotifyGoV2/internal/api/services/token_manager.go:103.23,105.4 1 0
github.com/evencycu/TeamsNotifyGoV2/internal/api/services/token_manager.go:106.3,106.18 1 0
github.com/evencycu/TeamsNotifyGoV2/internal/api/services/token_manager.go:109.2,110.64 2 0
github.com/evencycu/TeamsNotifyGoV2/internal/api/services/token_manager.go:110.64,112.3 1 0
github.com/evencycu/TeamsNotifyGoV2/internal/api/services/token_manager.go:114.2,114.24 1 0
github.com/evencycu/TeamsNotifyGoV2/internal/api/services/token_manager.go:118.66,119.18 1 0
github.com/evencycu/TeamsNotifyGoV2/internal/api/services/token_manager.go:119.18,121.3 1 0
github.com/evencycu/TeamsNotifyGoV2/internal/api/services/token_manager.go:124.2,125.63 2 0
github.com/evencycu/TeamsNotifyGoV2/internal/api/services/token_manager.go:129.131,136.16 4 0
github.com/evencycu/TeamsNotifyGoV2/internal/api/services/token_manager.go:136.16,138.3 1 0
github.com/evencycu/TeamsNotifyGoV2/internal/api/services/token_manager.go:140.2,140.15 1 0
github.com/evencycu/TeamsNotifyGoV2/internal/api/services/token_manager.go:140.15,144.3 2 0
github.com/evencycu/TeamsNotifyGoV2/internal/api/services/token_manager.go:147.2,147.15 1 0
github.com/evencycu/TeamsNotifyGoV2/internal/api/services/token_manager.go:147.15,157.3 2 0
github.com/evencycu/TeamsNotifyGoV2/internal/api/services/token_manager.go:160.2,161.16 2 0
github.com/evencycu/TeamsNotifyGoV2/internal/api/services/token_manager.go:161.16,163.3 1 0
github.com/evencycu/TeamsNotifyGoV2/internal/api/services/token_manager.go:166.2,167.16 2 0
github.com/evencycu/TeamsNotifyGoV2/internal/api/services/token_manager.go:167.16,169.3 1 0
github.com/evencycu/TeamsNotifyGoV2/internal/api/services/token_manager.go:172.2,173.64 2 0
github.com/evencycu/TeamsNotifyGoV2/internal/api/services/token_manager.go:173.64,176.3 1 0
github.com/evencycu/TeamsNotifyGoV2/internal/api/services/token_manager.go:178.2,178.35 1 0
github.com/evencycu/TeamsNotifyGoV2/internal/api/services/token_manager.go:182.135,184.19 2 0
github.com/evencycu/TeamsNotifyGoV2/internal/api/services/token_manager.go:185.26,186.50 1 0
github.com/evencycu/TeamsNotifyGoV2/internal/api/services/token_manager.go:187.22,188.49 1 0
github.com/evencycu/TeamsNotifyGoV2/internal/api/services/token_manager.go:189.10,190.66 1 0
github.com/evencycu/TeamsNotifyGoV2/internal/api/services/token_manager.go:194.2,203.16 8 0
github.com/evencycu/TeamsNotifyGoV2/internal/api/services/token_manager.go:203.16,205.3 1 0
github.com/evencycu/TeamsNotifyGoV2/internal/api/services/token_manager.go:207.2,211.16 4 0
github.com/evencycu/TeamsNotifyGoV2/internal/api/services/token_manager.go:211.16,213.3 1 0
github.com/evencycu/TeamsNotifyGoV2/internal/api/services/token_manager.go:214.2,216.38 2 0
github.com/evencycu/TeamsNotifyGoV2/internal/api/services/token_manager.go:216.38,219.3 2 0
github.com/evencycu/TeamsNotifyGoV2/internal/api/services/token_manager.go:222.2,229.16 3 0
github.com/evencycu/TeamsNotifyGoV2/internal/api/services/token_manager.go:229.16,231.3 1 0
github.com/evencycu/TeamsNotifyGoV2/internal/api/services/token_manager.go:233.2,233.57 1 0
github.com/evencycu/TeamsNotifyGoV2/internal/api/services/token_manager.go:233.57,235.3 1 0
github.com/evencycu/TeamsNotifyGoV2/internal/api/services/token_manager.go:238.2,250.23 3 0
github.com/evencycu/TeamsNotifyGoV2/internal/api/services/token_manager.go:254.103,256.16 2 0
github.com/evencycu/TeamsNotifyGoV2/internal/api/services/token_manager.go:256.16,258.3 1 0
github.com/evencycu/TeamsNotifyGoV2/internal/api/services/token_manager.go:260.2,260.61 1 0
github.com/evencycu/TeamsNotifyGoV2/internal/api/services/token_manager.go:264.94,266.2 1 0
github.com/evencycu/TeamsNotifyGoV2/internal/api/services/token_manager.go:269.118,272.2 2 0
github.com/evencycu/TeamsNotifyGoV2/internal/api/services/token_manager.go:275.125,277.76 1 0
github.com/evencycu/TeamsNotifyGoV2/internal/api/services/token_manager.go:277.76,279.3 1 0
github.com/evencycu/TeamsNotifyGoV2/internal/api/services/token_manager.go:282.2,282.63 1 0
github.com/evencycu/TeamsNotifyGoV2/internal/api/services/token_manager.go:286.98,288.52 1 0
github.com/evencycu/TeamsNotifyGoV2/internal/api/services/token_manager.go:288.52,290.3 1 0
github.com/evencycu/TeamsNotifyGoV2/internal/api/services/token_manager.go:293.2,294.16 2 0
github.com/evencycu/TeamsNotifyGoV2/internal/api/services/token_manager.go:294.16,297.56 2 0
github.com/evencycu/TeamsNotifyGoV2/internal/api/services/token_manager.go:297.56,299.4 1 0
github.com/evencycu/TeamsNotifyGoV2/internal/api/services/token_manager.go:303.2,304.20 2 0
github.com/evencycu/TeamsNotifyGoV2/internal/api/services/token_manager.go:308.105,312.2 1 0
github.com/evencycu/TeamsNotifyGoV2/internal/api/services/token_manager.go:315.73,322.2 1 0
github.com/evencycu/TeamsNotifyGoV2/internal/api/services/token_manager.go:325.51,327.17 2 0
github.com/evencycu/TeamsNotifyGoV2/internal/api/services/token_manager.go:327.17,329.3 1 0
github.com/evencycu/TeamsNotifyGoV2/internal/api/services/token_manager.go:330.2,330.14 1 0
github.com/evencycu/TeamsNotifyGoV2/internal/api/services/token_manager.go:339.67,341.2 1 0
github.com/evencycu/TeamsNotifyGoV2/internal/api/services/token_manager.go:344.110,346.2 1 1
github.com/evencycu/TeamsNotifyGoV2/internal/api/services/token_manager.go:349.106,351.2 1 1
github.com/evencycu/TeamsNotifyGoV2/internal/api/services/token_manager.go:354.121,356.41 1 1
github.com/evencycu/TeamsNotifyGoV2/internal/api/services/token_manager.go:356.41,358.3 1 1
github.com/evencycu/TeamsNotifyGoV2/internal/api/services/token_manager.go:360.2,360.39 1 0
github.com/evencycu/TeamsNotifyGoV2/internal/api/services/token_manager.go:360.39,362.3 1 0
github.com/evencycu/TeamsNotifyGoV2/internal/api/services/token_manager.go:363.2,363.56 1 0
github.com/evencycu/TeamsNotifyGoV2/internal/api/services/token_manager.go:367.128,369.41 1 1
github.com/evencycu/TeamsNotifyGoV2/internal/api/services/token_manager.go:369.41,371.3 1 1
github.com/evencycu/TeamsNotifyGoV2/internal/api/services/token_manager.go:373.2,373.39 1 0
github.com/evencycu/TeamsNotifyGoV2/internal/api/services/token_manager.go:373.39,375.3 1 0
github.com/evencycu/TeamsNotifyGoV2/internal/api/services/token_manager.go:376.2,376.60 1 0
github.com/evencycu/TeamsNotifyGoV2/internal/api/services/token_manager.go:380.100,382.2 1 1
