mode: set
github.com/evencycu/TeamsNotifyGoV2/internal/api/services/batch_service.go:43.16,50.2 1 1
github.com/evencycu/TeamsNotifyGoV2/internal/api/services/batch_service.go:171.126,174.16 2 0
github.com/evencycu/TeamsNotifyGoV2/internal/api/services/batch_service.go:174.16,176.3 1 0
github.com/evencycu/TeamsNotifyGoV2/internal/api/services/batch_service.go:179.2,198.52 2 0
github.com/evencycu/TeamsNotifyGoV2/internal/api/services/batch_service.go:198.52,199.70 1 0
github.com/evencycu/TeamsNotifyGoV2/internal/api/services/batch_service.go:199.70,201.4 1 0
github.com/evencycu/TeamsNotifyGoV2/internal/api/services/batch_service.go:205.2,205.50 1 0
github.com/evencycu/TeamsNotifyGoV2/internal/api/services/batch_service.go:205.50,206.69 1 0
github.com/evencycu/TeamsNotifyGoV2/internal/api/services/batch_service.go:206.69,208.4 1 0
github.com/evencycu/TeamsNotifyGoV2/internal/api/services/batch_service.go:212.2,212.55 1 0
github.com/evencycu/TeamsNotifyGoV2/internal/api/services/batch_service.go:212.55,214.3 1 0
github.com/evencycu/TeamsNotifyGoV2/internal/api/services/batch_service.go:217.2,218.37 2 0
github.com/evencycu/TeamsNotifyGoV2/internal/api/services/batch_service.go:218.37,235.3 2 0
github.com/evencycu/TeamsNotifyGoV2/internal/api/services/batch_service.go:238.2,238.74 1 0
github.com/evencycu/TeamsNotifyGoV2/internal/api/services/batch_service.go:238.74,240.3 1 0
github.com/evencycu/TeamsNotifyGoV2/internal/api/services/batch_service.go:243.2,254.8 3 0
github.com/evencycu/TeamsNotifyGoV2/internal/api/services/batch_service.go:257.101,259.16 2 0
github.com/evencycu/TeamsNotifyGoV2/internal/api/services/batch_service.go:259.16,261.3 1 0
github.com/evencycu/TeamsNotifyGoV2/internal/api/services/batch_service.go:264.2,265.16 2 0
github.com/evencycu/TeamsNotifyGoV2/internal/api/services/batch_service.go:265.16,267.3 1 0
github.com/evencycu/TeamsNotifyGoV2/internal/api/services/batch_service.go:270.2,274.33 4 0
github.com/evencycu/TeamsNotifyGoV2/internal/api/services/batch_service.go:274.33,275.24 1 0
github.com/evencycu/TeamsNotifyGoV2/internal/api/services/batch_service.go:276.20,277.15 1 0
github.com/evencycu/TeamsNotifyGoV2/internal/api/services/batch_service.go:278.17,279.12 1 0
github.com/evencycu/TeamsNotifyGoV2/internal/api/services/batch_service.go:280.18,281.13 1 0
github.com/evencycu/TeamsNotifyGoV2/internal/api/services/batch_service.go:285.2,286.28 2 0
github.com/evencycu/TeamsNotifyGoV2/internal/api/services/batch_service.go:286.28,288.3 1 0
github.com/evencycu/TeamsNotifyGoV2/internal/api/services/batch_service.go:290.2,304.49 2 0
github.com/evencycu/TeamsNotifyGoV2/internal/api/services/batch_service.go:304.49,307.3 2 0
github.com/evencycu/TeamsNotifyGoV2/internal/api/services/batch_service.go:309.2,309.20 1 0
github.com/evencycu/TeamsNotifyGoV2/internal/api/services/batch_service.go:312.103,314.16 2 0
github.com/evencycu/TeamsNotifyGoV2/internal/api/services/batch_service.go:314.16,316.3 1 0
github.com/evencycu/TeamsNotifyGoV2/internal/api/services/batch_service.go:319.2,320.16 2 0
github.com/evencycu/TeamsNotifyGoV2/internal/api/services/batch_service.go:320.16,322.3 1 0
github.com/evencycu/TeamsNotifyGoV2/internal/api/services/batch_service.go:325.2,328.33 3 0
github.com/evencycu/TeamsNotifyGoV2/internal/api/services/batch_service.go:328.33,342.35 3 0
github.com/evencycu/TeamsNotifyGoV2/internal/api/services/batch_service.go:342.35,344.4 1 0
github.com/evencycu/TeamsNotifyGoV2/internal/api/services/batch_service.go:344.9,344.39 1 0
github.com/evencycu/TeamsNotifyGoV2/internal/api/services/batch_service.go:344.39,346.4 1 0
github.com/evencycu/TeamsNotifyGoV2/internal/api/services/batch_service.go:346.9,348.4 1 0
github.com/evencycu/TeamsNotifyGoV2/internal/api/services/batch_service.go:352.2,352.28 1 0
github.com/evencycu/TeamsNotifyGoV2/internal/api/services/batch_service.go:352.28,354.3 1 0
github.com/evencycu/TeamsNotifyGoV2/internal/api/services/batch_service.go:356.2,364.8 1 0
github.com/evencycu/TeamsNotifyGoV2/internal/api/services/batch_service.go:367.82,369.16 2 0
github.com/evencycu/TeamsNotifyGoV2/internal/api/services/batch_service.go:369.16,371.3 1 0
github.com/evencycu/TeamsNotifyGoV2/internal/api/services/batch_service.go:374.2,374.63 1 0
github.com/evencycu/TeamsNotifyGoV2/internal/api/services/batch_service.go:374.63,376.3 1 0
github.com/evencycu/TeamsNotifyGoV2/internal/api/services/batch_service.go:379.2,381.55 3 0
github.com/evencycu/TeamsNotifyGoV2/internal/api/services/batch_service.go:381.55,383.3 1 0
github.com/evencycu/TeamsNotifyGoV2/internal/api/services/batch_service.go:385.2,385.12 1 0
github.com/evencycu/TeamsNotifyGoV2/internal/api/services/batch_service.go:388.122,391.2 1 0
github.com/evencycu/TeamsNotifyGoV2/internal/api/services/batch_service.go:393.108,396.2 1 0
github.com/evencycu/TeamsNotifyGoV2/internal/api/services/batch_service.go:398.119,401.2 1 0
github.com/evencycu/TeamsNotifyGoV2/internal/api/services/batch_service.go:403.144,406.2 1 0
github.com/evencycu/TeamsNotifyGoV2/internal/api/services/batch_service.go:408.93,411.2 1 0
github.com/evencycu/TeamsNotifyGoV2/internal/api/services/batch_service.go:414.77,417.16 2 0
github.com/evencycu/TeamsNotifyGoV2/internal/api/services/batch_service.go:417.16,420.3 2 0
github.com/evencycu/TeamsNotifyGoV2/internal/api/services/batch_service.go:422.2,425.55 4 0
github.com/evencycu/TeamsNotifyGoV2/internal/api/services/batch_service.go:425.55,428.3 2 0
github.com/evencycu/TeamsNotifyGoV2/internal/api/services/batch_service.go:431.2,432.16 2 0
github.com/evencycu/TeamsNotifyGoV2/internal/api/services/batch_service.go:432.16,435.3 2 0
github.com/evencycu/TeamsNotifyGoV2/internal/api/services/batch_service.go:438.2,438.33 1 0
github.com/evencycu/TeamsNotifyGoV2/internal/api/services/batch_service.go:438.33,452.34 2 0
github.com/evencycu/TeamsNotifyGoV2/internal/api/services/batch_service.go:452.34,454.4 1 0
github.com/evencycu/TeamsNotifyGoV2/internal/api/services/batch_service.go:457.3,458.17 2 0
github.com/evencycu/TeamsNotifyGoV2/internal/api/services/batch_service.go:458.17,465.4 5 0
github.com/evencycu/TeamsNotifyGoV2/internal/api/services/batch_service.go:465.9,472.4 5 0
github.com/evencycu/TeamsNotifyGoV2/internal/api/services/batch_service.go:476.2,479.32 4 0
github.com/evencycu/TeamsNotifyGoV2/internal/api/services/billing_service.go:55.18,63.2 1 1
github.com/evencycu/TeamsNotifyGoV2/internal/api/services/billing_service.go:230.119,239.2 1 1
github.com/evencycu/TeamsNotifyGoV2/internal/api/services/billing_service.go:241.119,254.2 1 0
github.com/evencycu/TeamsNotifyGoV2/internal/api/services/billing_service.go:256.96,259.2 1 0
github.com/evencycu/TeamsNotifyGoV2/internal/api/services/billing_service.go:261.107,264.2 1 0
github.com/evencycu/TeamsNotifyGoV2/internal/api/services/billing_service.go:266.127,269.2 1 0
github.com/evencycu/TeamsNotifyGoV2/internal/api/services/billing_service.go:271.141,274.2 1 0
github.com/evencycu/TeamsNotifyGoV2/internal/api/services/billing_service.go:276.120,279.2 1 0
github.com/evencycu/TeamsNotifyGoV2/internal/api/services/billing_service.go:281.157,284.2 1 0
github.com/evencycu/TeamsNotifyGoV2/internal/api/services/billing_service.go:286.142,289.2 1 0
github.com/evencycu/TeamsNotifyGoV2/internal/api/services/billing_service.go:291.134,303.2 1 0
github.com/evencycu/TeamsNotifyGoV2/internal/api/services/billing_service.go:305.128,313.2 1 0
github.com/evencycu/TeamsNotifyGoV2/internal/api/services/billing_service.go:315.152,327.2 1 0
github.com/evencycu/TeamsNotifyGoV2/internal/api/services/billing_service.go:329.90,332.2 1 0
github.com/evencycu/TeamsNotifyGoV2/internal/api/services/broadcast_service.go:59.20,65.2 1 0
github.com/evencycu/TeamsNotifyGoV2/internal/api/services/broadcast_service.go:68.167,73.16 3 0
github.com/evencycu/TeamsNotifyGoV2/internal/api/services/broadcast_service.go:73.16,75.3 1 0
github.com/evencycu/TeamsNotifyGoV2/internal/api/services/broadcast_service.go:77.2,77.29 1 0
github.com/evencycu/TeamsNotifyGoV2/internal/api/services/broadcast_service.go:77.29,85.3 1 0
github.com/evencycu/TeamsNotifyGoV2/internal/api/services/broadcast_service.go:88.2,90.16 3 0
github.com/evencycu/TeamsNotifyGoV2/internal/api/services/broadcast_service.go:90.16,92.3 1 0
github.com/evencycu/TeamsNotifyGoV2/internal/api/services/broadcast_service.go:93.2,103.37 6 0
github.com/evencycu/TeamsNotifyGoV2/internal/api/services/broadcast_service.go:103.37,107.21 3 0
github.com/evencycu/TeamsNotifyGoV2/internal/api/services/broadcast_service.go:107.21,111.4 2 0
github.com/evencycu/TeamsNotifyGoV2/internal/api/services/broadcast_service.go:111.9,114.101 2 0
github.com/evencycu/TeamsNotifyGoV2/internal/api/services/broadcast_service.go:114.101,116.5 1 0
github.com/evencycu/TeamsNotifyGoV2/internal/api/services/broadcast_service.go:120.2,126.8 1 0
github.com/evencycu/TeamsNotifyGoV2/internal/api/services/broadcast_service.go:130.177,135.16 3 0
github.com/evencycu/TeamsNotifyGoV2/internal/api/services/broadcast_service.go:135.16,137.3 1 0
github.com/evencycu/TeamsNotifyGoV2/internal/api/services/broadcast_service.go:140.2,141.37 2 0
github.com/evencycu/TeamsNotifyGoV2/internal/api/services/broadcast_service.go:141.37,142.87 1 0
github.com/evencycu/TeamsNotifyGoV2/internal/api/services/broadcast_service.go:142.87,144.4 1 0
github.com/evencycu/TeamsNotifyGoV2/internal/api/services/broadcast_service.go:147.2,147.24 1 0
github.com/evencycu/TeamsNotifyGoV2/internal/api/services/broadcast_service.go:147.24,155.3 1 0
github.com/evencycu/TeamsNotifyGoV2/internal/api/services/broadcast_service.go:158.2,160.16 3 0
github.com/evencycu/TeamsNotifyGoV2/internal/api/services/broadcast_service.go:160.16,162.3 1 0
github.com/evencycu/TeamsNotifyGoV2/internal/api/services/broadcast_service.go:163.2,171.32 6 0
github.com/evencycu/TeamsNotifyGoV2/internal/api/services/broadcast_service.go:171.32,175.21 3 0
github.com/evencycu/TeamsNotifyGoV2/internal/api/services/broadcast_service.go:175.21,178.4 2 0
github.com/evencycu/TeamsNotifyGoV2/internal/api/services/broadcast_service.go:178.9,180.101 2 0
github.com/evencycu/TeamsNotifyGoV2/internal/api/services/broadcast_service.go:180.101,182.5 1 0
github.com/evencycu/TeamsNotifyGoV2/internal/api/services/broadcast_service.go:186.2,192.8 1 0
github.com/evencycu/TeamsNotifyGoV2/internal/api/services/broadcast_service.go:196.166,199.28 2 0
github.com/evencycu/TeamsNotifyGoV2/internal/api/services/broadcast_service.go:199.28,207.3 1 0
github.com/evencycu/TeamsNotifyGoV2/internal/api/services/broadcast_service.go:210.2,212.33 3 0
github.com/evencycu/TeamsNotifyGoV2/internal/api/services/broadcast_service.go:212.33,213.22 1 0
github.com/evencycu/TeamsNotifyGoV2/internal/api/services/broadcast_service.go:213.22,215.9 2 0
github.com/evencycu/TeamsNotifyGoV2/internal/api/services/broadcast_service.go:217.3,217.34 1 0
github.com/evencycu/TeamsNotifyGoV2/internal/api/services/broadcast_service.go:221.2,223.36 3 0
github.com/evencycu/TeamsNotifyGoV2/internal/api/services/broadcast_service.go:223.36,224.16 1 0
github.com/evencycu/TeamsNotifyGoV2/internal/api/services/broadcast_service.go:224.16,228.12 3 0
github.com/evencycu/TeamsNotifyGoV2/internal/api/services/broadcast_service.go:230.3,230.39 1 0
github.com/evencycu/TeamsNotifyGoV2/internal/api/services/broadcast_service.go:230.39,231.27 1 0
github.com/evencycu/TeamsNotifyGoV2/internal/api/services/broadcast_service.go:231.27,233.46 1 0
github.com/evencycu/TeamsNotifyGoV2/internal/api/services/broadcast_service.go:233.46,236.14 3 0
github.com/evencycu/TeamsNotifyGoV2/internal/api/services/broadcast_service.go:238.5,238.55 1 0
github.com/evencycu/TeamsNotifyGoV2/internal/api/services/broadcast_service.go:238.55,241.6 2 0
github.com/evencycu/TeamsNotifyGoV2/internal/api/services/broadcast_service.go:242.10,246.5 2 0
github.com/evencycu/TeamsNotifyGoV2/internal/api/services/broadcast_service.go:250.2,250.50 1 0
github.com/evencycu/TeamsNotifyGoV2/internal/api/services/broadcast_service.go:254.137,257.23 2 0
github.com/evencycu/TeamsNotifyGoV2/internal/api/services/broadcast_service.go:257.23,265.3 1 0
github.com/evencycu/TeamsNotifyGoV2/internal/api/services/broadcast_service.go:268.2,270.28 3 0
github.com/evencycu/TeamsNotifyGoV2/internal/api/services/broadcast_service.go:270.28,272.17 2 0
github.com/evencycu/TeamsNotifyGoV2/internal/api/services/broadcast_service.go:273.19,274.47 1 0
github.com/evencycu/TeamsNotifyGoV2/internal/api/services/broadcast_service.go:274.47,282.13 2 0
github.com/evencycu/TeamsNotifyGoV2/internal/api/services/broadcast_service.go:284.31,285.30 1 0
github.com/evencycu/TeamsNotifyGoV2/internal/api/services/broadcast_service.go:285.30,293.13 2 0
github.com/evencycu/TeamsNotifyGoV2/internal/api/services/broadcast_service.go:295.11,303.12 2 0
github.com/evencycu/TeamsNotifyGoV2/internal/api/services/broadcast_service.go:305.3,305.35 1 0
github.com/evencycu/TeamsNotifyGoV2/internal/api/services/broadcast_service.go:308.2,308.25 1 0
github.com/evencycu/TeamsNotifyGoV2/internal/api/services/broadcast_service.go:308.25,316.3 1 0
github.com/evencycu/TeamsNotifyGoV2/internal/api/services/broadcast_service.go:320.2,321.24 2 0
github.com/evencycu/TeamsNotifyGoV2/internal/api/services/broadcast_service.go:321.24,323.3 1 0
github.com/evencycu/TeamsNotifyGoV2/internal/api/services/broadcast_service.go:326.2,327.16 2 0
github.com/evencycu/TeamsNotifyGoV2/internal/api/services/broadcast_service.go:327.16,336.3 2 0
github.com/evencycu/TeamsNotifyGoV2/internal/api/services/broadcast_service.go:337.2,345.35 6 0
github.com/evencycu/TeamsNotifyGoV2/internal/api/services/broadcast_service.go:345.35,347.85 1 0
github.com/evencycu/TeamsNotifyGoV2/internal/api/services/broadcast_service.go:347.85,348.109 1 0
github.com/evencycu/TeamsNotifyGoV2/internal/api/services/broadcast_service.go:348.109,350.5 1 0
github.com/evencycu/TeamsNotifyGoV2/internal/api/services/broadcast_service.go:350.10,352.5 1 0
github.com/evencycu/TeamsNotifyGoV2/internal/api/services/broadcast_service.go:354.3,356.38 3 0
github.com/evencycu/TeamsNotifyGoV2/internal/api/services/broadcast_service.go:356.38,358.37 2 0
github.com/evencycu/TeamsNotifyGoV2/internal/api/services/broadcast_service.go:358.37,361.10 3 0
github.com/evencycu/TeamsNotifyGoV2/internal/api/services/broadcast_service.go:365.3,365.33 1 0
github.com/evencycu/TeamsNotifyGoV2/internal/api/services/broadcast_service.go:365.33,375.12 4 0
github.com/evencycu/TeamsNotifyGoV2/internal/api/services/broadcast_service.go:380.3,383.17 4 0
github.com/evencycu/TeamsNotifyGoV2/internal/api/services/broadcast_service.go:383.17,385.4 1 0
github.com/evencycu/TeamsNotifyGoV2/internal/api/services/broadcast_service.go:386.3,394.21 6 0
github.com/evencycu/TeamsNotifyGoV2/internal/api/services/broadcast_service.go:394.21,397.4 2 0
github.com/evencycu/TeamsNotifyGoV2/internal/api/services/broadcast_service.go:397.9,399.101 2 0
github.com/evencycu/TeamsNotifyGoV2/internal/api/services/broadcast_service.go:399.101,401.5 1 0
github.com/evencycu/TeamsNotifyGoV2/internal/api/services/broadcast_service.go:405.2,411.8 1 0
github.com/evencycu/TeamsNotifyGoV2/internal/api/services/broadcast_service.go:415.149,422.16 5 0
github.com/evencycu/TeamsNotifyGoV2/internal/api/services/broadcast_service.go:422.16,432.3 2 0
github.com/evencycu/TeamsNotifyGoV2/internal/api/services/broadcast_service.go:433.2,459.16 7 0
github.com/evencycu/TeamsNotifyGoV2/internal/api/services/broadcast_service.go:459.16,469.3 2 0
github.com/evencycu/TeamsNotifyGoV2/internal/api/services/broadcast_service.go:471.2,476.16 6 0
github.com/evencycu/TeamsNotifyGoV2/internal/api/services/broadcast_service.go:476.16,486.3 2 0
github.com/evencycu/TeamsNotifyGoV2/internal/api/services/broadcast_service.go:487.2,491.28 3 0
github.com/evencycu/TeamsNotifyGoV2/internal/api/services/broadcast_service.go:491.28,502.3 3 0
github.com/evencycu/TeamsNotifyGoV2/internal/api/services/broadcast_service.go:505.2,506.69 2 0
github.com/evencycu/TeamsNotifyGoV2/internal/api/services/broadcast_service.go:506.69,507.44 1 0
github.com/evencycu/TeamsNotifyGoV2/internal/api/services/broadcast_service.go:507.44,516.4 1 0
github.com/evencycu/TeamsNotifyGoV2/internal/api/services/broadcast_service.go:519.2,525.3 1 0
github.com/evencycu/TeamsNotifyGoV2/internal/api/services/broadcast_service.go:529.120,535.20 1 0
github.com/evencycu/TeamsNotifyGoV2/internal/api/services/broadcast_service.go:535.20,537.3 1 0
github.com/evencycu/TeamsNotifyGoV2/internal/api/services/broadcast_service.go:539.2,549.16 9 0
github.com/evencycu/TeamsNotifyGoV2/internal/api/services/broadcast_service.go:549.16,552.3 2 0
github.com/evencycu/TeamsNotifyGoV2/internal/api/services/broadcast_service.go:554.2,558.16 4 0
github.com/evencycu/TeamsNotifyGoV2/internal/api/services/broadcast_service.go:558.16,561.3 2 0
github.com/evencycu/TeamsNotifyGoV2/internal/api/services/broadcast_service.go:562.2,566.53 3 0
github.com/evencycu/TeamsNotifyGoV2/internal/api/services/broadcast_service.go:566.53,570.3 3 0
github.com/evencycu/TeamsNotifyGoV2/internal/api/services/broadcast_service.go:572.2,575.63 2 0
github.com/evencycu/TeamsNotifyGoV2/internal/api/services/broadcast_service.go:575.63,578.3 2 0
github.com/evencycu/TeamsNotifyGoV2/internal/api/services/broadcast_service.go:580.2,580.26 1 0
github.com/evencycu/TeamsNotifyGoV2/internal/api/services/broadcast_service.go:580.26,583.3 2 0
github.com/evencycu/TeamsNotifyGoV2/internal/api/services/broadcast_service.go:585.2,586.28 2 0
github.com/evencycu/TeamsNotifyGoV2/internal/api/services/broadcast_service.go:590.108,593.21 2 0
github.com/evencycu/TeamsNotifyGoV2/internal/api/services/broadcast_service.go:594.18,595.27 1 0
github.com/evencycu/TeamsNotifyGoV2/internal/api/services/broadcast_service.go:596.17,597.26 1 0
github.com/evencycu/TeamsNotifyGoV2/internal/api/services/broadcast_service.go:598.19,599.28 1 0
github.com/evencycu/TeamsNotifyGoV2/internal/api/services/broadcast_service.go:600.10,601.15 1 0
github.com/evencycu/TeamsNotifyGoV2/internal/api/services/broadcast_service.go:605.2,605.121 1 0
github.com/evencycu/TeamsNotifyGoV2/internal/api/services/broadcast_service.go:605.121,607.3 1 0
github.com/evencycu/TeamsNotifyGoV2/internal/api/services/broadcast_service.go:609.2,609.93 1 0
github.com/evencycu/TeamsNotifyGoV2/internal/api/services/broadcast_service.go:609.93,611.3 1 0
github.com/evencycu/TeamsNotifyGoV2/internal/api/services/broadcast_service.go:612.2,612.14 1 0
github.com/evencycu/TeamsNotifyGoV2/internal/api/services/external_service.go:30.19,36.2 1 0
github.com/evencycu/TeamsNotifyGoV2/internal/api/services/external_service.go:71.138,73.27 1 0
github.com/evencycu/TeamsNotifyGoV2/internal/api/services/external_service.go:73.27,75.3 1 0
github.com/evencycu/TeamsNotifyGoV2/internal/api/services/external_service.go:76.2,76.24 1 0
github.com/evencycu/TeamsNotifyGoV2/internal/api/services/external_service.go:76.24,78.3 1 0
github.com/evencycu/TeamsNotifyGoV2/internal/api/services/external_service.go:81.2,82.16 2 0
github.com/evencycu/TeamsNotifyGoV2/internal/api/services/external_service.go:82.16,84.3 1 0
github.com/evencycu/TeamsNotifyGoV2/internal/api/services/external_service.go:87.2,87.32 1 0
github.com/evencycu/TeamsNotifyGoV2/internal/api/services/external_service.go:87.32,89.3 1 0
github.com/evencycu/TeamsNotifyGoV2/internal/api/services/external_service.go:92.2,93.16 2 0
github.com/evencycu/TeamsNotifyGoV2/internal/api/services/external_service.go:93.16,95.3 1 0
github.com/evencycu/TeamsNotifyGoV2/internal/api/services/external_service.go:97.2,97.28 1 0
github.com/evencycu/TeamsNotifyGoV2/internal/api/services/external_service.go:97.28,99.3 1 0
github.com/evencycu/TeamsNotifyGoV2/internal/api/services/external_service.go:104.2,117.16 3 0
github.com/evencycu/TeamsNotifyGoV2/internal/api/services/external_service.go:117.16,119.3 1 0
github.com/evencycu/TeamsNotifyGoV2/internal/api/services/external_service.go:122.2,123.22 2 0
github.com/evencycu/TeamsNotifyGoV2/internal/api/services/external_service.go:124.14,125.32 1 0
github.com/evencycu/TeamsNotifyGoV2/internal/api/services/external_service.go:126.13,127.34 1 0
github.com/evencycu/TeamsNotifyGoV2/internal/api/services/external_service.go:131.2,132.36 2 0
github.com/evencycu/TeamsNotifyGoV2/internal/api/services/external_service.go:132.36,140.3 1 0
github.com/evencycu/TeamsNotifyGoV2/internal/api/services/external_service.go:142.2,157.22 3 0
github.com/evencycu/TeamsNotifyGoV2/internal/api/services/external_service.go:161.124,163.16 2 0
github.com/evencycu/TeamsNotifyGoV2/internal/api/services/external_service.go:163.16,165.3 1 0
github.com/evencycu/TeamsNotifyGoV2/internal/api/services/external_service.go:167.2,168.16 2 0
github.com/evencycu/TeamsNotifyGoV2/internal/api/services/external_service.go:168.16,170.3 1 0
github.com/evencycu/TeamsNotifyGoV2/internal/api/services/external_service.go:172.2,173.36 2 0
github.com/evencycu/TeamsNotifyGoV2/internal/api/services/external_service.go:173.36,181.3 1 0
github.com/evencycu/TeamsNotifyGoV2/internal/api/services/external_service.go:183.2,183.20 1 0
github.com/evencycu/TeamsNotifyGoV2/internal/api/services/file_service.go:40.92,45.2 1 1
github.com/evencycu/TeamsNotifyGoV2/internal/api/services/file_service.go:116.98,121.66 2 0
github.com/evencycu/TeamsNotifyGoV2/internal/api/services/file_service.go:121.66,123.3 1 0
github.com/evencycu/TeamsNotifyGoV2/internal/api/services/file_service.go:126.2,127.16 2 0
github.com/evencycu/TeamsNotifyGoV2/internal/api/services/file_service.go:127.16,129.3 1 0
github.com/evencycu/TeamsNotifyGoV2/internal/api/services/file_service.go:132.2,133.50 2 0
github.com/evencycu/TeamsNotifyGoV2/internal/api/services/file_service.go:133.50,134.69 1 0
github.com/evencycu/TeamsNotifyGoV2/internal/api/services/file_service.go:134.69,136.4 1 0
github.com/evencycu/TeamsNotifyGoV2/internal/api/services/file_service.go:140.2,159.53 2 0
github.com/evencycu/TeamsNotifyGoV2/internal/api/services/file_service.go:159.53,163.3 2 0
github.com/evencycu/TeamsNotifyGoV2/internal/api/services/file_service.go:166.2,181.22 2 0
github.com/evencycu/TeamsNotifyGoV2/internal/api/services/file_service.go:184.118,188.36 3 0
github.com/evencycu/TeamsNotifyGoV2/internal/api/services/file_service.go:188.36,197.17 7 0
github.com/evencycu/TeamsNotifyGoV2/internal/api/services/file_service.go:197.17,199.12 2 0
github.com/evencycu/TeamsNotifyGoV2/internal/api/services/file_service.go:202.3,202.42 1 0
github.com/evencycu/TeamsNotifyGoV2/internal/api/services/file_service.go:206.2,206.44 1 0
github.com/evencycu/TeamsNotifyGoV2/internal/api/services/file_service.go:206.44,208.3 1 0
github.com/evencycu/TeamsNotifyGoV2/internal/api/services/file_service.go:210.2,210.23 1 0
github.com/evencycu/TeamsNotifyGoV2/internal/api/services/file_service.go:213.89,215.16 2 0
github.com/evencycu/TeamsNotifyGoV2/internal/api/services/file_service.go:215.16,217.3 1 0
github.com/evencycu/TeamsNotifyGoV2/internal/api/services/file_service.go:220.2,235.22 2 0
github.com/evencycu/TeamsNotifyGoV2/internal/api/services/file_service.go:238.98,240.16 2 0
github.com/evencycu/TeamsNotifyGoV2/internal/api/services/file_service.go:240.16,242.3 1 0
github.com/evencycu/TeamsNotifyGoV2/internal/api/services/file_service.go:245.2,245.64 1 0
github.com/evencycu/TeamsNotifyGoV2/internal/api/services/file_service.go:245.64,247.3 1 0
github.com/evencycu/TeamsNotifyGoV2/internal/api/services/file_service.go:250.2,251.16 2 0
github.com/evencycu/TeamsNotifyGoV2/internal/api/services/file_service.go:251.16,253.3 1 0
github.com/evencycu/TeamsNotifyGoV2/internal/api/services/file_service.go:255.2,255.20 1 0
github.com/evencycu/TeamsNotifyGoV2/internal/api/services/file_service.go:258.79,260.16 2 0
github.com/evencycu/TeamsNotifyGoV2/internal/api/services/file_service.go:260.16,262.3 1 0
github.com/evencycu/TeamsNotifyGoV2/internal/api/services/file_service.go:265.2,265.60 1 0
github.com/evencycu/TeamsNotifyGoV2/internal/api/services/file_service.go:265.60,267.3 1 0
github.com/evencycu/TeamsNotifyGoV2/internal/api/services/file_service.go:270.2,270.55 1 0
github.com/evencycu/TeamsNotifyGoV2/internal/api/services/file_service.go:270.55,272.3 1 0
github.com/evencycu/TeamsNotifyGoV2/internal/api/services/file_service.go:274.2,274.12 1 0
github.com/evencycu/TeamsNotifyGoV2/internal/api/services/file_service.go:277.105,287.16 2 0
github.com/evencycu/TeamsNotifyGoV2/internal/api/services/file_service.go:287.16,289.3 1 0
github.com/evencycu/TeamsNotifyGoV2/internal/api/services/file_service.go:292.2,293.29 2 0
github.com/evencycu/TeamsNotifyGoV2/internal/api/services/file_service.go:293.29,309.3 2 0
github.com/evencycu/TeamsNotifyGoV2/internal/api/services/file_service.go:311.2,311.30 1 0
github.com/evencycu/TeamsNotifyGoV2/internal/api/services/file_service.go:314.114,317.32 2 1
github.com/evencycu/TeamsNotifyGoV2/internal/api/services/file_service.go:317.32,322.3 1 1
github.com/evencycu/TeamsNotifyGoV2/internal/api/services/file_service.go:325.2,342.43 3 1
github.com/evencycu/TeamsNotifyGoV2/internal/api/services/file_service.go:342.43,343.37 1 1
github.com/evencycu/TeamsNotifyGoV2/internal/api/services/file_service.go:343.37,345.9 2 1
github.com/evencycu/TeamsNotifyGoV2/internal/api/services/file_service.go:349.2,349.14 1 1
github.com/evencycu/TeamsNotifyGoV2/internal/api/services/file_service.go:349.14,354.3 1 0
github.com/evencycu/TeamsNotifyGoV2/internal/api/services/file_service.go:356.2,359.8 1 1
github.com/evencycu/TeamsNotifyGoV2/internal/api/services/file_service.go:362.70,365.16 2 0
github.com/evencycu/TeamsNotifyGoV2/internal/api/services/file_service.go:365.16,367.3 1 0
github.com/evencycu/TeamsNotifyGoV2/internal/api/services/file_service.go:370.2,370.36 1 0
github.com/evencycu/TeamsNotifyGoV2/internal/api/services/file_service.go:370.36,372.61 1 0
github.com/evencycu/TeamsNotifyGoV2/internal/api/services/file_service.go:372.61,375.4 1 0
github.com/evencycu/TeamsNotifyGoV2/internal/api/services/file_service.go:378.3,378.57 1 0
github.com/evencycu/TeamsNotifyGoV2/internal/api/services/file_service.go:378.57,381.4 1 0
github.com/evencycu/TeamsNotifyGoV2/internal/api/services/file_service.go:384.2,384.12 1 0
github.com/evencycu/TeamsNotifyGoV2/internal/api/services/provision_service.go:33.20,39.2 1 0
github.com/evencycu/TeamsNotifyGoV2/internal/api/services/provision_service.go:68.119,69.60 1 0
github.com/evencycu/TeamsNotifyGoV2/internal/api/services/provision_service.go:69.60,71.3 1 0
github.com/evencycu/TeamsNotifyGoV2/internal/api/services/provision_service.go:72.2,72.46 1 0
github.com/evencycu/TeamsNotifyGoV2/internal/api/services/provision_service.go:72.46,74.3 1 0
github.com/evencycu/TeamsNotifyGoV2/internal/api/services/provision_service.go:75.2,75.48 1 0
github.com/evencycu/TeamsNotifyGoV2/internal/api/services/provision_service.go:75.48,77.3 1 0
github.com/evencycu/TeamsNotifyGoV2/internal/api/services/provision_service.go:78.2,78.27 1 0
github.com/evencycu/TeamsNotifyGoV2/internal/api/services/provision_service.go:78.27,80.3 1 0
github.com/evencycu/TeamsNotifyGoV2/internal/api/services/provision_service.go:83.2,83.69 1 0
github.com/evencycu/TeamsNotifyGoV2/internal/api/services/provision_service.go:83.69,85.3 1 0
github.com/evencycu/TeamsNotifyGoV2/internal/api/services/provision_service.go:88.2,102.59 4 0
github.com/evencycu/TeamsNotifyGoV2/internal/api/services/provision_service.go:102.59,104.3 1 0
github.com/evencycu/TeamsNotifyGoV2/internal/api/services/provision_service.go:107.2,118.60 2 0
github.com/evencycu/TeamsNotifyGoV2/internal/api/services/provision_service.go:118.60,120.3 1 0
github.com/evencycu/TeamsNotifyGoV2/internal/api/services/provision_service.go:122.2,122.97 1 0
github.com/evencycu/TeamsNotifyGoV2/internal/api/services/provision_service.go:125.104,127.16 2 0
github.com/evencycu/TeamsNotifyGoV2/internal/api/services/provision_service.go:127.16,129.3 1 0
github.com/evencycu/TeamsNotifyGoV2/internal/api/services/provision_service.go:130.2,131.16 2 0
github.com/evencycu/TeamsNotifyGoV2/internal/api/services/provision_service.go:131.16,133.3 1 0
github.com/evencycu/TeamsNotifyGoV2/internal/api/services/provision_service.go:134.2,134.72 1 0
github.com/evencycu/TeamsNotifyGoV2/internal/api/services/provision_service.go:137.135,139.16 2 0
github.com/evencycu/TeamsNotifyGoV2/internal/api/services/provision_service.go:139.16,141.3 1 0
github.com/evencycu/TeamsNotifyGoV2/internal/api/services/provision_service.go:143.2,143.28 1 0
github.com/evencycu/TeamsNotifyGoV2/internal/api/services/provision_service.go:143.28,145.3 1 0
github.com/evencycu/TeamsNotifyGoV2/internal/api/services/provision_service.go:147.2,147.56 1 0
github.com/evencycu/TeamsNotifyGoV2/internal/api/services/provision_service.go:147.56,149.3 1 0
github.com/evencycu/TeamsNotifyGoV2/internal/api/services/provision_service.go:152.2,152.52 1 0
github.com/evencycu/TeamsNotifyGoV2/internal/api/services/provision_service.go:152.52,154.17 2 0
github.com/evencycu/TeamsNotifyGoV2/internal/api/services/provision_service.go:154.17,156.4 1 0
github.com/evencycu/TeamsNotifyGoV2/internal/api/services/provision_service.go:157.3,157.21 1 0
github.com/evencycu/TeamsNotifyGoV2/internal/api/services/provision_service.go:157.21,159.32 2 0
github.com/evencycu/TeamsNotifyGoV2/internal/api/services/provision_service.go:159.32,161.5 1 0
github.com/evencycu/TeamsNotifyGoV2/internal/api/services/provision_service.go:162.4,162.26 1 0
github.com/evencycu/TeamsNotifyGoV2/internal/api/services/provision_service.go:162.26,164.5 1 0
github.com/evencycu/TeamsNotifyGoV2/internal/api/services/provision_service.go:165.4,165.59 1 0
github.com/evencycu/TeamsNotifyGoV2/internal/api/services/provision_service.go:165.59,167.5 1 0
github.com/evencycu/TeamsNotifyGoV2/internal/api/services/provision_service.go:171.2,171.31 1 0
github.com/evencycu/TeamsNotifyGoV2/internal/api/services/provision_service.go:174.97,176.16 2 0
github.com/evencycu/TeamsNotifyGoV2/internal/api/services/provision_service.go:176.16,178.3 1 0
github.com/evencycu/TeamsNotifyGoV2/internal/api/services/provision_service.go:179.2,179.13 1 0
github.com/evencycu/TeamsNotifyGoV2/internal/api/services/provision_service.go:179.13,181.3 1 0
github.com/evencycu/TeamsNotifyGoV2/internal/api/services/provision_service.go:181.8,183.3 1 0
github.com/evencycu/TeamsNotifyGoV2/internal/api/services/provision_service.go:184.2,184.56 1 0
github.com/evencycu/TeamsNotifyGoV2/internal/api/services/provision_service.go:184.56,186.3 1 0
github.com/evencycu/TeamsNotifyGoV2/internal/api/services/provision_service.go:187.2,187.12 1 0
github.com/evencycu/TeamsNotifyGoV2/internal/api/services/provision_service.go:190.63,194.2 2 0
github.com/evencycu/TeamsNotifyGoV2/internal/api/services/service.go:76.76,78.2 1 0
github.com/evencycu/TeamsNotifyGoV2/internal/api/services/service.go:99.67,101.2 1 0
github.com/evencycu/TeamsNotifyGoV2/internal/api/services/service.go:104.110,112.33 5 0
github.com/evencycu/TeamsNotifyGoV2/internal/api/services/service.go:112.33,114.17 2 0
github.com/evencycu/TeamsNotifyGoV2/internal/api/services/service.go:114.17,116.4 1 0
github.com/evencycu/TeamsNotifyGoV2/internal/api/services/service.go:117.3,117.49 1 0
github.com/evencycu/TeamsNotifyGoV2/internal/api/services/service.go:120.2,121.16 2 0
github.com/evencycu/TeamsNotifyGoV2/internal/api/services/service.go:121.16,123.3 1 0
github.com/evencycu/TeamsNotifyGoV2/internal/api/services/service.go:125.2,125.23 1 0
github.com/evencycu/TeamsNotifyGoV2/internal/api/services/service.go:129.90,131.2 1 0
github.com/evencycu/TeamsNotifyGoV2/internal/api/services/service.go:134.124,139.33 3 0
github.com/evencycu/TeamsNotifyGoV2/internal/api/services/service.go:139.33,141.17 2 0
github.com/evencycu/TeamsNotifyGoV2/internal/api/services/service.go:141.17,143.4 1 0
github.com/evencycu/TeamsNotifyGoV2/internal/api/services/service.go:144.3,144.49 1 0
github.com/evencycu/TeamsNotifyGoV2/internal/api/services/service.go:147.2,148.16 2 0
github.com/evencycu/TeamsNotifyGoV2/internal/api/services/service.go:148.16,150.3 1 0
github.com/evencycu/TeamsNotifyGoV2/internal/api/services/service.go:152.2,152.23 1 0
github.com/evencycu/TeamsNotifyGoV2/internal/api/services/service.go:156.71,158.2 1 0
github.com/evencycu/TeamsNotifyGoV2/internal/api/services/service.go:161.93,163.16 2 0
github.com/evencycu/TeamsNotifyGoV2/internal/api/services/service.go:163.16,165.3 1 0
github.com/evencycu/TeamsNotifyGoV2/internal/api/services/service.go:167.2,167.19 1 0
github.com/evencycu/TeamsNotifyGoV2/internal/api/services/service.go:171.84,173.2 1 0
github.com/evencycu/TeamsNotifyGoV2/internal/api/services/service.go:176.93,178.2 1 0
github.com/evencycu/TeamsNotifyGoV2/internal/api/services/service.go:181.106,183.2 1 0
github.com/evencycu/TeamsNotifyGoV2/internal/api/services/service.go:186.93,188.2 1 0
github.com/evencycu/TeamsNotifyGoV2/internal/api/services/service.go:191.97,193.2 1 0
github.com/evencycu/TeamsNotifyGoV2/internal/api/services/service.go:196.116,198.16 2 0
github.com/evencycu/TeamsNotifyGoV2/internal/api/services/service.go:198.16,200.3 1 0
github.com/evencycu/TeamsNotifyGoV2/internal/api/services/service.go:203.2,204.16 2 0
github.com/evencycu/TeamsNotifyGoV2/internal/api/services/service.go:204.16,206.3 1 0
github.com/evencycu/TeamsNotifyGoV2/internal/api/services/service.go:209.2,210.16 2 0
github.com/evencycu/TeamsNotifyGoV2/internal/api/services/service.go:210.16,212.3 1 0
github.com/evencycu/TeamsNotifyGoV2/internal/api/services/service.go:215.2,218.33 3 0
github.com/evencycu/TeamsNotifyGoV2/internal/api/services/service.go:222.93,224.16 2 0
github.com/evencycu/TeamsNotifyGoV2/internal/api/services/service.go:224.16,226.3 1 0
github.com/evencycu/TeamsNotifyGoV2/internal/api/services/service.go:229.2,237.16 7 0
github.com/evencycu/TeamsNotifyGoV2/internal/api/services/service.go:237.16,239.3 1 0
github.com/evencycu/TeamsNotifyGoV2/internal/api/services/service.go:241.2,241.20 1 0
github.com/evencycu/TeamsNotifyGoV2/internal/api/services/service.go:245.81,247.16 2 0
github.com/evencycu/TeamsNotifyGoV2/internal/api/services/service.go:247.16,249.3 1 0
github.com/evencycu/TeamsNotifyGoV2/internal/api/services/service.go:251.2,255.33 4 0
github.com/evencycu/TeamsNotifyGoV2/internal/api/services/service.go:259.84,261.16 2 0
github.com/evencycu/TeamsNotifyGoV2/internal/api/services/service.go:261.16,263.3 1 0
github.com/evencycu/TeamsNotifyGoV2/internal/api/services/service.go:265.2,269.33 4 0
github.com/evencycu/TeamsNotifyGoV2/internal/api/services/service.go:273.119,279.52 5 0
github.com/evencycu/TeamsNotifyGoV2/internal/api/services/service.go:279.52,281.3 1 0
github.com/evencycu/TeamsNotifyGoV2/internal/api/services/service.go:283.2,283.21 1 0
github.com/evencycu/TeamsNotifyGoV2/internal/api/services/service.go:287.96,289.16 2 0
github.com/evencycu/TeamsNotifyGoV2/internal/api/services/service.go:289.16,291.3 1 0
github.com/evencycu/TeamsNotifyGoV2/internal/api/services/service.go:292.2,292.21 1 0
github.com/evencycu/TeamsNotifyGoV2/internal/api/services/service.go:296.133,299.16 2 0
github.com/evencycu/TeamsNotifyGoV2/internal/api/services/service.go:299.16,301.3 1 0
github.com/evencycu/TeamsNotifyGoV2/internal/api/services/service.go:304.2,312.52 8 0
github.com/evencycu/TeamsNotifyGoV2/internal/api/services/service.go:312.52,314.3 1 0
github.com/evencycu/TeamsNotifyGoV2/internal/api/services/service.go:316.2,316.21 1 0
github.com/evencycu/TeamsNotifyGoV2/internal/api/services/service.go:320.74,323.16 2 0
github.com/evencycu/TeamsNotifyGoV2/internal/api/services/service.go:323.16,325.3 1 0
github.com/evencycu/TeamsNotifyGoV2/internal/api/services/service.go:327.2,327.31 1 0
github.com/evencycu/TeamsNotifyGoV2/internal/api/services/service.go:331.99,333.16 2 0
github.com/evencycu/TeamsNotifyGoV2/internal/api/services/service.go:333.16,335.3 1 0
github.com/evencycu/TeamsNotifyGoV2/internal/api/services/service.go:336.2,336.17 1 0
github.com/evencycu/TeamsNotifyGoV2/internal/api/services/service.go:336.17,338.3 1 0
github.com/evencycu/TeamsNotifyGoV2/internal/api/services/service.go:340.2,341.16 2 0
github.com/evencycu/TeamsNotifyGoV2/internal/api/services/service.go:341.16,343.3 1 0
github.com/evencycu/TeamsNotifyGoV2/internal/api/services/service.go:345.2,345.40 1 0
github.com/evencycu/TeamsNotifyGoV2/internal/api/services/service.go:349.87,351.2 1 0
github.com/evencycu/TeamsNotifyGoV2/internal/api/services/service.go:354.99,356.16 2 0
github.com/evencycu/TeamsNotifyGoV2/internal/api/services/service.go:356.16,358.3 1 0
github.com/evencycu/TeamsNotifyGoV2/internal/api/services/service.go:359.2,359.21 1 0
github.com/evencycu/TeamsNotifyGoV2/internal/api/services/service.go:363.103,365.2 1 0
github.com/evencycu/TeamsNotifyGoV2/internal/api/services/service.go:368.95,370.16 2 0
github.com/evencycu/TeamsNotifyGoV2/internal/api/services/service.go:370.16,372.3 1 0
github.com/evencycu/TeamsNotifyGoV2/internal/api/services/service.go:374.2,377.36 3 0
github.com/evencycu/TeamsNotifyGoV2/internal/api/services/service.go:381.81,383.16 2 0
github.com/evencycu/TeamsNotifyGoV2/internal/api/services/service.go:383.16,385.3 1 0
github.com/evencycu/TeamsNotifyGoV2/internal/api/services/service.go:387.2,390.36 3 0
github.com/evencycu/TeamsNotifyGoV2/internal/api/services/service.go:394.82,396.16 2 0
github.com/evencycu/TeamsNotifyGoV2/internal/api/services/service.go:396.16,398.3 1 0
github.com/evencycu/TeamsNotifyGoV2/internal/api/services/service.go:400.2,403.36 3 0
github.com/evencycu/TeamsNotifyGoV2/internal/api/services/service.go:484.163,486.2 1 0
github.com/evencycu/TeamsNotifyGoV2/internal/api/services/service.go:488.111,489.16 1 0
github.com/evencycu/TeamsNotifyGoV2/internal/api/services/service.go:489.16,491.3 1 0
github.com/evencycu/TeamsNotifyGoV2/internal/api/services/service.go:492.2,493.22 2 0
github.com/evencycu/TeamsNotifyGoV2/internal/api/services/service.go:494.28,495.58 1 0
github.com/evencycu/TeamsNotifyGoV2/internal/api/services/service.go:496.17,497.47 1 0
github.com/evencycu/TeamsNotifyGoV2/internal/api/services/service.go:498.28,499.58 1 0
github.com/evencycu/TeamsNotifyGoV2/internal/api/services/service.go:500.10,502.13 2 0
github.com/evencycu/TeamsNotifyGoV2/internal/api/services/service.go:507.121,510.40 2 0
github.com/evencycu/TeamsNotifyGoV2/internal/api/services/service.go:510.40,511.52 1 0
github.com/evencycu/TeamsNotifyGoV2/internal/api/services/service.go:511.52,513.4 1 0
github.com/evencycu/TeamsNotifyGoV2/internal/api/services/service.go:515.2,515.17 1 0
github.com/evencycu/TeamsNotifyGoV2/internal/api/services/service.go:515.17,517.3 1 0
github.com/evencycu/TeamsNotifyGoV2/internal/api/services/service.go:520.2,524.33 4 0
github.com/evencycu/TeamsNotifyGoV2/internal/api/services/service.go:524.33,527.3 2 0
github.com/evencycu/TeamsNotifyGoV2/internal/api/services/service.go:529.2,530.56 2 0
github.com/evencycu/TeamsNotifyGoV2/internal/api/services/service.go:530.56,531.53 1 0
github.com/evencycu/TeamsNotifyGoV2/internal/api/services/service.go:531.53,533.4 1 0
github.com/evencycu/TeamsNotifyGoV2/internal/api/services/service.go:536.2,536.20 1 0
github.com/evencycu/TeamsNotifyGoV2/internal/api/services/service.go:536.20,537.63 1 0
github.com/evencycu/TeamsNotifyGoV2/internal/api/services/service.go:537.63,538.55 1 0
github.com/evencycu/TeamsNotifyGoV2/internal/api/services/service.go:538.55,540.5 1 0
github.com/evencycu/TeamsNotifyGoV2/internal/api/services/service.go:544.2,544.20 1 0
github.com/evencycu/TeamsNotifyGoV2/internal/api/services/service.go:544.20,545.69 1 0
github.com/evencycu/TeamsNotifyGoV2/internal/api/services/service.go:545.69,546.66 1 0
github.com/evencycu/TeamsNotifyGoV2/internal/api/services/service.go:546.66,548.5 1 0
github.com/evencycu/TeamsNotifyGoV2/internal/api/services/service.go:551.2,551.20 1 0
github.com/evencycu/TeamsNotifyGoV2/internal/api/services/service.go:551.20,553.3 1 0
github.com/evencycu/TeamsNotifyGoV2/internal/api/services/service.go:556.2,560.65 3 0
github.com/evencycu/TeamsNotifyGoV2/internal/api/services/service.go:560.65,562.3 1 0
github.com/evencycu/TeamsNotifyGoV2/internal/api/services/service.go:565.2,566.69 2 0
github.com/evencycu/TeamsNotifyGoV2/internal/api/services/service.go:566.69,567.58 1 0
github.com/evencycu/TeamsNotifyGoV2/internal/api/services/service.go:567.58,568.14 1 0
github.com/evencycu/TeamsNotifyGoV2/internal/api/services/service.go:569.20,570.34 1 0
github.com/evencycu/TeamsNotifyGoV2/internal/api/services/service.go:571.19,572.33 1 0
github.com/evencycu/TeamsNotifyGoV2/internal/api/services/service.go:573.21,574.35 1 0
github.com/evencycu/TeamsNotifyGoV2/internal/api/services/service.go:580.2,583.57 4 0
github.com/evencycu/TeamsNotifyGoV2/internal/api/services/service.go:583.57,584.50 1 0
github.com/evencycu/TeamsNotifyGoV2/internal/api/services/service.go:584.50,586.4 1 0
github.com/evencycu/TeamsNotifyGoV2/internal/api/services/service.go:587.3,587.44 1 0
github.com/evencycu/TeamsNotifyGoV2/internal/api/services/service.go:587.44,589.4 1 0
github.com/evencycu/TeamsNotifyGoV2/internal/api/services/service.go:591.2,591.67 1 0
github.com/evencycu/TeamsNotifyGoV2/internal/api/services/service.go:591.67,592.49 1 0
github.com/evencycu/TeamsNotifyGoV2/internal/api/services/service.go:592.49,594.4 1 0
github.com/evencycu/TeamsNotifyGoV2/internal/api/services/service.go:598.2,601.26 3 0
github.com/evencycu/TeamsNotifyGoV2/internal/api/services/service.go:602.18,604.24 1 0
github.com/evencycu/TeamsNotifyGoV2/internal/api/services/service.go:604.24,606.4 1 0
github.com/evencycu/TeamsNotifyGoV2/internal/api/services/service.go:607.3,607.29 1 0
github.com/evencycu/TeamsNotifyGoV2/internal/api/services/service.go:609.19,611.66 1 0
github.com/evencycu/TeamsNotifyGoV2/internal/api/services/service.go:611.66,612.46 1 0
github.com/evencycu/TeamsNotifyGoV2/internal/api/services/service.go:612.46,614.5 1 0
github.com/evencycu/TeamsNotifyGoV2/internal/api/services/service.go:617.17,619.72 1 0
github.com/evencycu/TeamsNotifyGoV2/internal/api/services/service.go:619.72,620.60 1 0
github.com/evencycu/TeamsNotifyGoV2/internal/api/services/service.go:620.60,621.50 1 0
github.com/evencycu/TeamsNotifyGoV2/internal/api/services/service.go:621.50,623.6 1 0
github.com/evencycu/TeamsNotifyGoV2/internal/api/services/service.go:629.2,630.59 2 0
github.com/evencycu/TeamsNotifyGoV2/internal/api/services/service.go:630.59,632.3 1 0
github.com/evencycu/TeamsNotifyGoV2/internal/api/services/service.go:635.2,656.83 3 0
github.com/evencycu/TeamsNotifyGoV2/internal/api/services/service.go:656.83,662.3 3 0
github.com/evencycu/TeamsNotifyGoV2/internal/api/services/service.go:663.2,663.40 1 0
github.com/evencycu/TeamsNotifyGoV2/internal/api/services/service.go:667.110,670.16 2 0
github.com/evencycu/TeamsNotifyGoV2/internal/api/services/service.go:670.16,672.3 1 0
github.com/evencycu/TeamsNotifyGoV2/internal/api/services/service.go:673.2,674.12 2 0
github.com/evencycu/TeamsNotifyGoV2/internal/api/services/service.go:678.121,681.2 1 0
github.com/evencycu/TeamsNotifyGoV2/internal/api/services/service.go:684.110,687.22 2 0
github.com/evencycu/TeamsNotifyGoV2/internal/api/services/service.go:687.22,689.3 1 0
github.com/evencycu/TeamsNotifyGoV2/internal/api/services/service.go:690.2,692.18 3 0
github.com/evencycu/TeamsNotifyGoV2/internal/api/services/service.go:692.18,694.3 1 0
github.com/evencycu/TeamsNotifyGoV2/internal/api/services/service.go:696.2,697.20 2 0
github.com/evencycu/TeamsNotifyGoV2/internal/api/services/service.go:697.20,698.61 1 0
github.com/evencycu/TeamsNotifyGoV2/internal/api/services/service.go:698.61,699.52 1 0
github.com/evencycu/TeamsNotifyGoV2/internal/api/services/service.go:699.52,700.42 1 0
github.com/evencycu/TeamsNotifyGoV2/internal/api/services/service.go:700.42,702.6 1 0
github.com/evencycu/TeamsNotifyGoV2/internal/api/services/service.go:706.2,706.20 1 0
github.com/evencycu/TeamsNotifyGoV2/internal/api/services/service.go:706.20,708.3 1 0
github.com/evencycu/TeamsNotifyGoV2/internal/api/services/service.go:709.2,720.42 9 0
github.com/evencycu/TeamsNotifyGoV2/internal/api/services/service.go:720.42,722.3 1 0
github.com/evencycu/TeamsNotifyGoV2/internal/api/services/service.go:723.2,724.16 2 0
github.com/evencycu/TeamsNotifyGoV2/internal/api/services/service.go:724.16,726.3 1 0
github.com/evencycu/TeamsNotifyGoV2/internal/api/services/service.go:729.2,741.16 5 0
github.com/evencycu/TeamsNotifyGoV2/internal/api/services/service.go:741.16,743.3 1 0
github.com/evencycu/TeamsNotifyGoV2/internal/api/services/service.go:744.2,749.16 5 0
github.com/evencycu/TeamsNotifyGoV2/internal/api/services/service.go:749.16,751.3 1 0
github.com/evencycu/TeamsNotifyGoV2/internal/api/services/service.go:752.2,753.53 2 0
github.com/evencycu/TeamsNotifyGoV2/internal/api/services/service.go:753.53,756.3 2 0
github.com/evencycu/TeamsNotifyGoV2/internal/api/services/service.go:757.2,757.12 1 0
github.com/evencycu/TeamsNotifyGoV2/internal/api/services/service.go:761.107,762.20 1 0
github.com/evencycu/TeamsNotifyGoV2/internal/api/services/service.go:762.20,764.3 1 0
github.com/evencycu/TeamsNotifyGoV2/internal/api/services/service.go:765.2,772.16 8 0
github.com/evencycu/TeamsNotifyGoV2/internal/api/services/service.go:772.16,774.3 1 0
github.com/evencycu/TeamsNotifyGoV2/internal/api/services/service.go:775.2,778.16 4 0
github.com/evencycu/TeamsNotifyGoV2/internal/api/services/service.go:778.16,780.3 1 0
github.com/evencycu/TeamsNotifyGoV2/internal/api/services/service.go:781.2,782.53 2 0
github.com/evencycu/TeamsNotifyGoV2/internal/api/services/service.go:782.53,785.3 2 0
github.com/evencycu/TeamsNotifyGoV2/internal/api/services/service.go:786.2,789.62 2 0
github.com/evencycu/TeamsNotifyGoV2/internal/api/services/service.go:789.62,791.3 1 0
github.com/evencycu/TeamsNotifyGoV2/internal/api/services/service.go:792.2,792.26 1 0
github.com/evencycu/TeamsNotifyGoV2/internal/api/services/service.go:792.26,794.3 1 0
github.com/evencycu/TeamsNotifyGoV2/internal/api/services/service.go:795.2,795.28 1 0
github.com/evencycu/TeamsNotifyGoV2/internal/api/services/service.go:799.48,799.74 1 0
github.com/evencycu/TeamsNotifyGoV2/internal/api/services/service.go:800.48,800.77 1 0
github.com/evencycu/TeamsNotifyGoV2/internal/api/services/service.go:801.37,802.34 1 0
github.com/evencycu/TeamsNotifyGoV2/internal/api/services/service.go:802.34,804.3 1 0
github.com/evencycu/TeamsNotifyGoV2/internal/api/services/service.go:805.2,805.12 1 0
github.com/evencycu/TeamsNotifyGoV2/internal/api/services/service.go:834.41,836.2 1 0
github.com/evencycu/TeamsNotifyGoV2/internal/api/services/service.go:844.39,846.2 1 0
github.com/evencycu/TeamsNotifyGoV2/internal/api/services/service.go:855.39,857.2 1 0
github.com/evencycu/TeamsNotifyGoV2/internal/api/services/service.go:865.76,867.2 1 0
github.com/evencycu/TeamsNotifyGoV2/internal/api/services/service.go:870.119,878.29 5 0
github.com/evencycu/TeamsNotifyGoV2/internal/api/services/service.go:878.29,880.3 1 0
github.com/evencycu/TeamsNotifyGoV2/internal/api/services/service.go:882.2,883.16 2 0
github.com/evencycu/TeamsNotifyGoV2/internal/api/services/service.go:883.16,885.3 1 0
github.com/evencycu/TeamsNotifyGoV2/internal/api/services/service.go:887.2,887.23 1 0
github.com/evencycu/TeamsNotifyGoV2/internal/api/services/service.go:891.96,893.2 1 0
github.com/evencycu/TeamsNotifyGoV2/internal/api/services/service.go:896.133,901.16 4 0
github.com/evencycu/TeamsNotifyGoV2/internal/api/services/service.go:901.16,903.3 1 0
github.com/evencycu/TeamsNotifyGoV2/internal/api/services/service.go:905.2,905.23 1 0
github.com/evencycu/TeamsNotifyGoV2/internal/api/services/service.go:909.74,911.2 1 0
github.com/evencycu/TeamsNotifyGoV2/internal/api/services/service.go:914.99,916.16 2 0
github.com/evencycu/TeamsNotifyGoV2/internal/api/services/service.go:916.16,918.3 1 0
github.com/evencycu/TeamsNotifyGoV2/internal/api/services/service.go:920.2,920.22 1 0
github.com/evencycu/TeamsNotifyGoV2/internal/api/services/service.go:924.87,926.2 1 0
github.com/evencycu/TeamsNotifyGoV2/internal/api/services/service.go:929.112,931.2 1 0
github.com/evencycu/TeamsNotifyGoV2/internal/api/services/service.go:934.103,936.2 1 0
github.com/evencycu/TeamsNotifyGoV2/internal/api/services/service.go:939.103,941.2 1 0
github.com/evencycu/TeamsNotifyGoV2/internal/api/services/service.go:944.110,946.16 2 0
github.com/evencycu/TeamsNotifyGoV2/internal/api/services/service.go:946.16,948.3 1 0
github.com/evencycu/TeamsNotifyGoV2/internal/api/services/service.go:951.2,955.36 4 0
github.com/evencycu/TeamsNotifyGoV2/internal/api/services/service.go:959.86,961.16 2 0
github.com/evencycu/TeamsNotifyGoV2/internal/api/services/service.go:961.16,963.3 1 0
github.com/evencycu/TeamsNotifyGoV2/internal/api/services/service.go:967.2,967.18 1 0
github.com/evencycu/TeamsNotifyGoV2/internal/api/services/service.go:976.79,978.2 1 0
github.com/evencycu/TeamsNotifyGoV2/internal/api/services/service.go:981.122,990.16 7 0
github.com/evencycu/TeamsNotifyGoV2/internal/api/services/service.go:990.16,992.3 1 0
github.com/evencycu/TeamsNotifyGoV2/internal/api/services/service.go:994.2,994.23 1 0
github.com/evencycu/TeamsNotifyGoV2/internal/api/services/service.go:998.98,1000.2 1 0
github.com/evencycu/TeamsNotifyGoV2/internal/api/services/service.go:1003.136,1008.16 4 0
github.com/evencycu/TeamsNotifyGoV2/internal/api/services/service.go:1008.16,1010.3 1 0
github.com/evencycu/TeamsNotifyGoV2/internal/api/services/service.go:1012.2,1012.23 1 0
github.com/evencycu/TeamsNotifyGoV2/internal/api/services/service.go:1016.75,1018.2 1 0
github.com/evencycu/TeamsNotifyGoV2/internal/api/services/service.go:1021.101,1023.16 2 0
github.com/evencycu/TeamsNotifyGoV2/internal/api/services/service.go:1023.16,1025.3 1 0
github.com/evencycu/TeamsNotifyGoV2/internal/api/services/service.go:1027.2,1027.18 1 0
github.com/evencycu/TeamsNotifyGoV2/internal/api/services/service.go:1031.88,1033.2 1 0
github.com/evencycu/TeamsNotifyGoV2/internal/api/services/service.go:1036.101,1038.2 1 0
github.com/evencycu/TeamsNotifyGoV2/internal/api/services/service.go:1041.105,1043.2 1 0
github.com/evencycu/TeamsNotifyGoV2/internal/api/services/service.go:1046.114,1048.2 1 0
github.com/evencycu/TeamsNotifyGoV2/internal/api/services/service.go:1051.109,1053.2 1 0
github.com/evencycu/TeamsNotifyGoV2/internal/api/services/service.go:1056.96,1058.16 2 0
github.com/evencycu/TeamsNotifyGoV2/internal/api/services/service.go:1058.16,1060.3 1 0
github.com/evencycu/TeamsNotifyGoV2/internal/api/services/service.go:1062.2,1066.32 4 0
github.com/evencycu/TeamsNotifyGoV2/internal/api/services/service.go:1070.124,1072.16 2 0
github.com/evencycu/TeamsNotifyGoV2/internal/api/services/service.go:1072.16,1074.3 1 0
github.com/evencycu/TeamsNotifyGoV2/internal/api/services/service.go:1076.2,1080.32 4 0
github.com/evencycu/TeamsNotifyGoV2/internal/api/services/service.go:1084.83,1086.16 2 0
github.com/evencycu/TeamsNotifyGoV2/internal/api/services/service.go:1086.16,1088.3 1 0
github.com/evencycu/TeamsNotifyGoV2/internal/api/services/service.go:1092.2,1092.12 1 0
github.com/evencycu/TeamsNotifyGoV2/internal/api/services/service.go:1100.88,1102.2 1 0
github.com/evencycu/TeamsNotifyGoV2/internal/api/services/service.go:1109.131,1113.66 2 0
github.com/evencycu/TeamsNotifyGoV2/internal/api/services/service.go:1113.66,1115.3 1 0
github.com/evencycu/TeamsNotifyGoV2/internal/api/services/service.go:1116.2,1120.30 4 0
github.com/evencycu/TeamsNotifyGoV2/internal/api/services/service.go:1120.30,1122.3 1 0
github.com/evencycu/TeamsNotifyGoV2/internal/api/services/service.go:1123.2,1123.40 1 0
github.com/evencycu/TeamsNotifyGoV2/internal/api/services/service.go:1123.40,1125.3 1 0
github.com/evencycu/TeamsNotifyGoV2/internal/api/services/service.go:1127.2,1128.16 2 0
github.com/evencycu/TeamsNotifyGoV2/internal/api/services/service.go:1128.16,1130.3 1 0
github.com/evencycu/TeamsNotifyGoV2/internal/api/services/service.go:1132.2,1132.26 1 0
github.com/evencycu/TeamsNotifyGoV2/internal/api/services/service.go:1136.104,1138.2 1 0
github.com/evencycu/TeamsNotifyGoV2/internal/api/services/service.go:1141.145,1145.34 3 0
github.com/evencycu/TeamsNotifyGoV2/internal/api/services/service.go:1145.34,1146.67 1 0
github.com/evencycu/TeamsNotifyGoV2/internal/api/services/service.go:1146.67,1148.4 1 0
github.com/evencycu/TeamsNotifyGoV2/internal/api/services/service.go:1150.2,1153.16 3 0
github.com/evencycu/TeamsNotifyGoV2/internal/api/services/service.go:1153.16,1155.3 1 0
github.com/evencycu/TeamsNotifyGoV2/internal/api/services/service.go:1157.2,1157.26 1 0
github.com/evencycu/TeamsNotifyGoV2/internal/api/services/service.go:1161.78,1163.2 1 0
github.com/evencycu/TeamsNotifyGoV2/internal/api/services/service.go:1166.107,1168.16 2 0
github.com/evencycu/TeamsNotifyGoV2/internal/api/services/service.go:1168.16,1170.3 1 0
github.com/evencycu/TeamsNotifyGoV2/internal/api/services/service.go:1171.2,1172.16 2 0
github.com/evencycu/TeamsNotifyGoV2/internal/api/services/service.go:1172.16,1174.3 1 0
github.com/evencycu/TeamsNotifyGoV2/internal/api/services/service.go:1176.2,1176.40 1 0
github.com/evencycu/TeamsNotifyGoV2/internal/api/services/service.go:1180.91,1182.2 1 0
github.com/evencycu/TeamsNotifyGoV2/internal/api/services/service.go:1185.120,1187.2 1 0
github.com/evencycu/TeamsNotifyGoV2/internal/api/services/service.go:1190.112,1192.2 1 0
github.com/evencycu/TeamsNotifyGoV2/internal/api/services/service.go:1195.111,1197.2 1 0
github.com/evencycu/TeamsNotifyGoV2/internal/api/services/service.go:1200.131,1202.2 1 0
github.com/evencycu/TeamsNotifyGoV2/internal/api/services/service.go:1205.117,1207.2 1 0
github.com/evencycu/TeamsNotifyGoV2/internal/api/services/service.go:1210.141,1212.16 2 0
github.com/evencycu/TeamsNotifyGoV2/internal/api/services/service.go:1212.16,1214.3 1 0
github.com/evencycu/TeamsNotifyGoV2/internal/api/services/service.go:1217.2,1217.54 1 0
github.com/evencycu/TeamsNotifyGoV2/internal/api/services/service.go:1217.54,1219.3 1 0
github.com/evencycu/TeamsNotifyGoV2/internal/api/services/service.go:1221.2,1225.16 4 0
github.com/evencycu/TeamsNotifyGoV2/internal/api/services/service.go:1225.16,1227.3 1 0
github.com/evencycu/TeamsNotifyGoV2/internal/api/services/service.go:1229.2,1229.25 1 0
github.com/evencycu/TeamsNotifyGoV2/internal/api/services/service.go:1233.112,1235.16 2 0
github.com/evencycu/TeamsNotifyGoV2/internal/api/services/service.go:1235.16,1237.3 1 0
github.com/evencycu/TeamsNotifyGoV2/internal/api/services/service.go:1240.2,1240.66 1 0
github.com/evencycu/TeamsNotifyGoV2/internal/api/services/service.go:1240.66,1242.3 1 0
github.com/evencycu/TeamsNotifyGoV2/internal/api/services/service.go:1243.2,1249.16 6 0
github.com/evencycu/TeamsNotifyGoV2/internal/api/services/service.go:1249.16,1251.3 1 0
github.com/evencycu/TeamsNotifyGoV2/internal/api/services/service.go:1253.2,1253.25 1 0
github.com/evencycu/TeamsNotifyGoV2/internal/api/services/service.go:1257.64,1258.23 1 0
github.com/evencycu/TeamsNotifyGoV2/internal/api/services/service.go:1258.23,1260.3 1 0
github.com/evencycu/TeamsNotifyGoV2/internal/api/services/service.go:1261.2,1261.30 1 0
github.com/evencycu/TeamsNotifyGoV2/internal/api/services/service.go:1261.30,1263.13 2 0
github.com/evencycu/TeamsNotifyGoV2/internal/api/services/service.go:1264.19,1266.85 1 0
github.com/evencycu/TeamsNotifyGoV2/internal/api/services/service.go:1266.85,1268.5 1 0
github.com/evencycu/TeamsNotifyGoV2/internal/api/services/service.go:1269.31,1271.49 1 0
github.com/evencycu/TeamsNotifyGoV2/internal/api/services/service.go:1271.49,1273.5 1 0
github.com/evencycu/TeamsNotifyGoV2/internal/api/services/service.go:1274.11,1275.70 1 0
github.com/evencycu/TeamsNotifyGoV2/internal/api/services/service.go:1278.3,1278.42 1 0
github.com/evencycu/TeamsNotifyGoV2/internal/api/services/service.go:1278.42,1280.4 1 0
github.com/evencycu/TeamsNotifyGoV2/internal/api/services/service.go:1282.2,1282.12 1 0
github.com/evencycu/TeamsNotifyGoV2/internal/api/services/service.go:1292.24,1300.2 1 0
github.com/evencycu/TeamsNotifyGoV2/internal/api/services/service.go:1313.134,1318.31 5 0
github.com/evencycu/TeamsNotifyGoV2/internal/api/services/service.go:1318.31,1320.3 1 0
github.com/evencycu/TeamsNotifyGoV2/internal/api/services/service.go:1322.2,1323.16 2 0
github.com/evencycu/TeamsNotifyGoV2/internal/api/services/service.go:1323.16,1325.3 1 0
github.com/evencycu/TeamsNotifyGoV2/internal/api/services/service.go:1326.2,1326.27 1 0
github.com/evencycu/TeamsNotifyGoV2/internal/api/services/service.go:1330.106,1332.2 1 0
github.com/evencycu/TeamsNotifyGoV2/internal/api/services/service.go:1335.148,1341.16 5 0
github.com/evencycu/TeamsNotifyGoV2/internal/api/services/service.go:1341.16,1343.3 1 0
github.com/evencycu/TeamsNotifyGoV2/internal/api/services/service.go:1344.2,1344.27 1 0
github.com/evencycu/TeamsNotifyGoV2/internal/api/services/service.go:1348.79,1350.2 1 0
github.com/evencycu/TeamsNotifyGoV2/internal/api/services/service.go:1353.109,1355.2 1 0
github.com/evencycu/TeamsNotifyGoV2/internal/api/services/service.go:1358.92,1360.2 1 0
github.com/evencycu/TeamsNotifyGoV2/internal/api/services/service.go:1363.122,1365.2 1 0
github.com/evencycu/TeamsNotifyGoV2/internal/api/services/service.go:1368.120,1370.2 1 0
github.com/evencycu/TeamsNotifyGoV2/internal/api/services/service.go:1373.113,1375.2 1 0
github.com/evencycu/TeamsNotifyGoV2/internal/api/services/service.go:1378.123,1380.2 1 0
github.com/evencycu/TeamsNotifyGoV2/internal/api/services/service.go:1383.131,1386.27 2 0
github.com/evencycu/TeamsNotifyGoV2/internal/api/services/service.go:1386.27,1395.3 2 0
github.com/evencycu/TeamsNotifyGoV2/internal/api/services/service.go:1397.2,1398.29 2 0
github.com/evencycu/TeamsNotifyGoV2/internal/api/services/service.go:1398.29,1407.3 2 0
github.com/evencycu/TeamsNotifyGoV2/internal/api/services/service.go:1409.2,1424.16 3 0
github.com/evencycu/TeamsNotifyGoV2/internal/api/services/service.go:1424.16,1426.3 1 0
github.com/evencycu/TeamsNotifyGoV2/internal/api/services/service.go:1429.2,1435.16 6 0
github.com/evencycu/TeamsNotifyGoV2/internal/api/services/service.go:1435.16,1437.3 1 0
github.com/evencycu/TeamsNotifyGoV2/internal/api/services/service.go:1441.2,1441.60 1 0
github.com/evencycu/TeamsNotifyGoV2/internal/api/services/service.go:1441.60,1443.34 2 0
github.com/evencycu/TeamsNotifyGoV2/internal/api/services/service.go:1443.34,1444.32 1 0
github.com/evencycu/TeamsNotifyGoV2/internal/api/services/service.go:1444.32,1459.5 3 0
github.com/evencycu/TeamsNotifyGoV2/internal/api/services/service.go:1462.3,1462.19 1 0
github.com/evencycu/TeamsNotifyGoV2/internal/api/services/service.go:1462.19,1463.71 1 0
github.com/evencycu/TeamsNotifyGoV2/internal/api/services/service.go:1463.71,1465.5 1 0
github.com/evencycu/TeamsNotifyGoV2/internal/api/services/service.go:1468.4,1469.24 2 0
github.com/evencycu/TeamsNotifyGoV2/internal/api/services/service.go:1470.16,1471.30 1 0
github.com/evencycu/TeamsNotifyGoV2/internal/api/services/service.go:1472.15,1473.29 1 0
github.com/evencycu/TeamsNotifyGoV2/internal/api/services/service.go:1475.4,1475.27 1 0
github.com/evencycu/TeamsNotifyGoV2/internal/api/services/service.go:1475.27,1477.28 1 0
github.com/evencycu/TeamsNotifyGoV2/internal/api/services/service.go:1477.28,1478.67 1 0
github.com/evencycu/TeamsNotifyGoV2/internal/api/services/service.go:1478.67,1480.7 1 0
github.com/evencycu/TeamsNotifyGoV2/internal/api/services/service.go:1480.12,1482.7 1 0
github.com/evencycu/TeamsNotifyGoV2/internal/api/services/service.go:1491.2,1491.26 1 0
github.com/evencycu/TeamsNotifyGoV2/internal/api/services/service.go:1495.90,1497.16 2 0
github.com/evencycu/TeamsNotifyGoV2/internal/api/services/service.go:1497.16,1499.3 1 0
github.com/evencycu/TeamsNotifyGoV2/internal/api/services/service.go:1501.2,1501.37 1 0
github.com/evencycu/TeamsNotifyGoV2/internal/api/services/service.go:1501.37,1503.3 1 0
github.com/evencycu/TeamsNotifyGoV2/internal/api/services/service.go:1506.2,1511.16 5 0
github.com/evencycu/TeamsNotifyGoV2/internal/api/services/service.go:1511.16,1513.3 1 0
github.com/evencycu/TeamsNotifyGoV2/internal/api/services/service.go:1517.2,1517.12 1 0
github.com/evencycu/TeamsNotifyGoV2/internal/api/services/service.go:1521.91,1523.16 2 0
github.com/evencycu/TeamsNotifyGoV2/internal/api/services/service.go:1523.16,1525.3 1 0
github.com/evencycu/TeamsNotifyGoV2/internal/api/services/service.go:1527.2,1527.35 1 0
github.com/evencycu/TeamsNotifyGoV2/internal/api/services/service.go:1527.35,1529.3 1 0
github.com/evencycu/TeamsNotifyGoV2/internal/api/services/service.go:1531.2,1534.41 3 0
github.com/evencycu/TeamsNotifyGoV2/internal/api/services/service.go:1538.110,1541.16 2 0
github.com/evencycu/TeamsNotifyGoV2/internal/api/services/service.go:1541.16,1544.3 2 0
github.com/evencycu/TeamsNotifyGoV2/internal/api/services/service.go:1547.2,1549.16 3 0
github.com/evencycu/TeamsNotifyGoV2/internal/api/services/service.go:1549.16,1552.3 2 0
github.com/evencycu/TeamsNotifyGoV2/internal/api/services/service.go:1554.2,1559.16 5 0
github.com/evencycu/TeamsNotifyGoV2/internal/api/services/service.go:1559.16,1562.3 2 0
github.com/evencycu/TeamsNotifyGoV2/internal/api/services/service.go:1563.2,1565.38 2 0
github.com/evencycu/TeamsNotifyGoV2/internal/api/services/service.go:1565.38,1568.3 2 0
github.com/evencycu/TeamsNotifyGoV2/internal/api/services/service.go:1571.2,1578.16 3 0
github.com/evencycu/TeamsNotifyGoV2/internal/api/services/service.go:1578.16,1581.3 2 0
github.com/evencycu/TeamsNotifyGoV2/internal/api/services/service.go:1583.2,1583.56 1 0
github.com/evencycu/TeamsNotifyGoV2/internal/api/services/service.go:1583.56,1586.3 2 0
github.com/evencycu/TeamsNotifyGoV2/internal/api/services/service.go:1589.2,1589.25 1 0
github.com/evencycu/TeamsNotifyGoV2/internal/api/services/service.go:1589.25,1591.3 1 0
github.com/evencycu/TeamsNotifyGoV2/internal/api/services/service.go:1592.2,1592.35 1 0
github.com/evencycu/TeamsNotifyGoV2/internal/api/services/service.go:1596.104,1604.38 3 0
github.com/evencycu/TeamsNotifyGoV2/internal/api/services/service.go:1604.38,1606.3 1 0
github.com/evencycu/TeamsNotifyGoV2/internal/api/services/service.go:1609.2,1619.16 8 0
github.com/evencycu/TeamsNotifyGoV2/internal/api/services/service.go:1619.16,1621.3 1 0
github.com/evencycu/TeamsNotifyGoV2/internal/api/services/service.go:1623.2,1627.16 4 0
github.com/evencycu/TeamsNotifyGoV2/internal/api/services/service.go:1627.16,1629.3 1 0
github.com/evencycu/TeamsNotifyGoV2/internal/api/services/service.go:1630.2,1632.38 2 0
github.com/evencycu/TeamsNotifyGoV2/internal/api/services/service.go:1632.38,1635.3 2 0
github.com/evencycu/TeamsNotifyGoV2/internal/api/services/service.go:1638.2,1645.16 3 0
github.com/evencycu/TeamsNotifyGoV2/internal/api/services/service.go:1645.16,1647.3 1 0
github.com/evencycu/TeamsNotifyGoV2/internal/api/services/service.go:1649.2,1649.57 1 0
github.com/evencycu/TeamsNotifyGoV2/internal/api/services/service.go:1649.57,1651.3 1 0
github.com/evencycu/TeamsNotifyGoV2/internal/api/services/service.go:1653.2,1653.35 1 0
                                                                                                                                                                                                                                                                                                                                                                                                                                                                                                                                                                                                                                                                                                                                                                                                                                                                                                                                                                                                                                                                                                                                                                                                                                                                                                                                                                                                                                                                                                                                                                                                                                                                                                                                                                                                                                                                                                                                                                                                                                                                                                                                                                                                                                                                                                                                                                                                                                                                                                                                                                                                                                                                                                                                                                                                                                                                                                                                                                                                                                                                                                                                                                                                                                                                                                                                                                                                                                                                                                                                                                                                                                                                                                                                                                                                                                                                                                                                                                                                                                                                                                                                                                                                                                                                                                                                                                                                                                                                                                                                                                                                                                                                                                                                                                                                                                                                                                                                                                                                                                                                                                                                                                                                                                                                                                                                                                                                                                                                                                                                                                                                                                                                                                                                                                                                                                                                                                                                                                                                                                                                                                                                                                                                                                                                                                                                                                                                                                                                                                                                                                                                                                                                                                                                                                                                                                                                                                                                                                                                                                                                                                                                                                                                                                                                                                                                                                                                                                                                                                                                                                                                                                                                                                                                                                                                                                                                                                                                                                                                                                                                                                                                                                                                                                                                                                                                                                                                                                                                                                                                                                                                                                                                                                                                                                                                                                                                                                                                                                                                                                                                                                                                                                                                                                                                                                                                                                                                                                                                                                                                                                                                                                                                                                                                                                                                                                                                                                                                                                                                                                                                                                                                                                                                                                                                                                                                                                                                                                                                                                                                                                                                                                                                                                                                                                                                                                                                                                                                                                                                                                                                                                                                                                                                                                                                                                                                                                                                                                                                                                                                                                                                                                                                                                                                                                                                                                                                                                                                                                                                                                                                                                                                                                                                                                                                                                                                                                                                                                                                                                                                                                                                                                                                                                                                                                                                                                                                                                                                                                                                                                                                                                                                                                                                                                                                                                                                                                                                                                                                                                                                                                                                                                                                                                                                                                                                                                                                                                                                                                                                                                                                                                                                                                                                                                                                                                                                                                                                                                                                                                                                                                                                                                                                                                                                                                                                                                                                                                                                                                                                                                                                                                                                                                                                                                                                                                                                                                                                                                                                                                                                                                                                                                                                                                                                                                                                                                                                                                                                                                                                                                                                                                                                                                                                                                                                                                                                                                                                                                                                                                                                                                                                                                                                                                                                                                                                                                                                                                                                                                                                                                                                                                                                                                                                                                                                                                                                                                                                                                                                                                                             
[...]
github.com/evencycu/TeamsNotifyGoV2/internal/actor/actor_db.go:41.130,44.16 2 0
github.com/evencycu/TeamsNotifyGoV2/internal/actor/actor_db.go:44.16,46.3 1 0
github.com/evencycu/TeamsNotifyGoV2/internal/actor/actor_db.go:47.2,47.19 1 0
github.com/evencycu/TeamsNotifyGoV2/internal/actor/actor_db.go:47.19,49.3 1 0
github.com/evencycu/TeamsNotifyGoV2/internal/actor/actor_db.go:51.2,51.26 1 0
github.com/evencycu/TeamsNotifyGoV2/internal/actor/actor_db.go:51.26,53.3 1 0
github.com/evencycu/TeamsNotifyGoV2/internal/actor/actor_db.go:54.2,54.32 1 0
github.com/evencycu/TeamsNotifyGoV2/internal/actor/actor_db.go:54.32,57.3 2 0
github.com/evencycu/TeamsNotifyGoV2/internal/actor/actor_db.go:58.2,58.34 1 0
github.com/evencycu/TeamsNotifyGoV2/internal/actor/actor_db.go:58.34,61.3 2 0
github.com/evencycu/TeamsNotifyGoV2/internal/actor/actor_db.go:62.2,62.26 1 0
github.com/evencycu/TeamsNotifyGoV2/internal/actor/actor_db.go:62.26,64.3 1 0
github.com/evencycu/TeamsNotifyGoV2/internal/actor/actor_db.go:65.2,65.30 1 0
github.com/evencycu/TeamsNotifyGoV2/internal/actor/actor_db.go:65.30,67.3 1 0
github.com/evencycu/TeamsNotifyGoV2/internal/actor/actor_db.go:68.2,68.31 1 0
github.com/evencycu/TeamsNotifyGoV2/internal/actor/actor_db.go:68.31,70.3 1 0
github.com/evencycu/TeamsNotifyGoV2/internal/actor/actor_db.go:71.2,71.34 1 0
github.com/evencycu/TeamsNotifyGoV2/internal/actor/actor_db.go:71.34,73.3 1 0
github.com/evencycu/TeamsNotifyGoV2/internal/actor/actor_db.go:74.2,74.33 1 0
github.com/evencycu/TeamsNotifyGoV2/internal/actor/actor_db.go:74.33,76.3 1 0
github.com/evencycu/TeamsNotifyGoV2/internal/actor/actor_db.go:77.2,77.33 1 0
github.com/evencycu/TeamsNotifyGoV2/internal/actor/actor_db.go:77.33,80.3 2 0
github.com/evencycu/TeamsNotifyGoV2/internal/actor/actor_db.go:81.2,81.30 1 0
github.com/evencycu/TeamsNotifyGoV2/internal/actor/actor_db.go:81.30,83.3 1 0
github.com/evencycu/TeamsNotifyGoV2/internal/actor/actor_db.go:84.2,84.27 1 0
github.com/evencycu/TeamsNotifyGoV2/internal/actor/actor_db.go:84.27,87.3 2 0
github.com/evencycu/TeamsNotifyGoV2/internal/actor/actor_db.go:89.2,91.52 2 0
github.com/evencycu/TeamsNotifyGoV2/internal/actor/actor_db.go:95.118,97.2 1 0
github.com/evencycu/TeamsNotifyGoV2/internal/actor/actor_db.go:100.129,102.2 1 0
github.com/evencycu/TeamsNotifyGoV2/internal/actor/actor_db.go:105.135,107.2 1 0
github.com/evencycu/TeamsNotifyGoV2/internal/actor/actor_db.go:110.98,112.2 1 0
github.com/evencycu/TeamsNotifyGoV2/internal/actor/actor_db.go:115.107,117.2 1 0
github.com/evencycu/TeamsNotifyGoV2/internal/actor/actor_pool.go:29.106,38.2 1 0
github.com/evencycu/TeamsNotifyGoV2/internal/actor/actor_pool.go:41.48,45.25 2 0
github.com/evencycu/TeamsNotifyGoV2/internal/actor/actor_pool.go:45.25,47.3 1 0
github.com/evencycu/TeamsNotifyGoV2/internal/actor/actor_pool.go:48.2,50.12 3 0
github.com/evencycu/TeamsNotifyGoV2/internal/actor/actor_pool.go:50.12,52.7 2 0
github.com/evencycu/TeamsNotifyGoV2/internal/actor/actor_pool.go:52.7,53.11 1 0
github.com/evencycu/TeamsNotifyGoV2/internal/actor/actor_pool.go:54.28,55.30 1 0
github.com/evencycu/TeamsNotifyGoV2/internal/actor/actor_pool.go:56.22,58.11 2 0
github.com/evencycu/TeamsNotifyGoV2/internal/actor/actor_pool.go:63.2,63.48 1 0
github.com/evencycu/TeamsNotifyGoV2/internal/actor/actor_pool.go:67.28,75.33 6 0
github.com/evencycu/TeamsNotifyGoV2/internal/actor/actor_pool.go:75.33,77.3 1 0
github.com/evencycu/TeamsNotifyGoV2/internal/actor/actor_pool.go:78.2,80.35 2 0
github.com/evencycu/TeamsNotifyGoV2/internal/actor/actor_pool.go:84.83,88.55 3 0
github.com/evencycu/TeamsNotifyGoV2/internal/actor/actor_pool.go:88.55,91.3 2 0
github.com/evencycu/TeamsNotifyGoV2/internal/actor/actor_pool.go:94.2,95.16 2 0
github.com/evencycu/TeamsNotifyGoV2/internal/actor/actor_pool.go:95.16,98.3 2 0
github.com/evencycu/TeamsNotifyGoV2/internal/actor/actor_pool.go:101.2,101.30 1 0
github.com/evencycu/TeamsNotifyGoV2/internal/actor/actor_pool.go:101.30,104.3 2 0
github.com/evencycu/TeamsNotifyGoV2/internal/actor/actor_pool.go:106.2,107.16 2 0
github.com/evencycu/TeamsNotifyGoV2/internal/actor/actor_pool.go:107.16,110.3 2 0
github.com/evencycu/TeamsNotifyGoV2/internal/actor/actor_pool.go:113.2,114.16 2 0
github.com/evencycu/TeamsNotifyGoV2/internal/actor/actor_pool.go:114.16,117.3 2 0
github.com/evencycu/TeamsNotifyGoV2/internal/actor/actor_pool.go:120.2,121.23 2 0
github.com/evencycu/TeamsNotifyGoV2/internal/actor/actor_pool.go:121.23,124.3 2 0
github.com/evencycu/TeamsNotifyGoV2/internal/actor/actor_pool.go:127.2,140.58 2 0
github.com/evencycu/TeamsNotifyGoV2/internal/actor/actor_pool.go:140.58,142.3 1 0
github.com/evencycu/TeamsNotifyGoV2/internal/actor/actor_pool.go:144.2,148.60 3 0
github.com/evencycu/TeamsNotifyGoV2/internal/actor/actor_pool.go:152.61,157.34 4 0
github.com/evencycu/TeamsNotifyGoV2/internal/actor/actor_pool.go:157.34,160.3 2 0
github.com/evencycu/TeamsNotifyGoV2/internal/actor/actor_pool.go:163.2,164.16 2 0
github.com/evencycu/TeamsNotifyGoV2/internal/actor/actor_pool.go:164.16,166.3 1 0
github.com/evencycu/TeamsNotifyGoV2/internal/actor/actor_pool.go:168.2,171.16 3 0
github.com/evencycu/TeamsNotifyGoV2/internal/actor/actor_pool.go:171.16,174.3 2 0
github.com/evencycu/TeamsNotifyGoV2/internal/actor/actor_pool.go:176.2,176.32 1 0
github.com/evencycu/TeamsNotifyGoV2/internal/actor/actor_pool.go:176.32,178.3 1 0
github.com/evencycu/TeamsNotifyGoV2/internal/actor/actor_pool.go:182.60,187.34 4 0
github.com/evencycu/TeamsNotifyGoV2/internal/actor/actor_pool.go:187.34,189.3 1 0
github.com/evencycu/TeamsNotifyGoV2/internal/actor/actor_pool.go:191.2,196.3 1 0
github.com/evencycu/TeamsNotifyGoV2/internal/actor/notification_actor.go:83.22,103.2 1 0
github.com/evencycu/TeamsNotifyGoV2/internal/actor/notification_actor.go:106.56,108.2 1 0
github.com/evencycu/TeamsNotifyGoV2/internal/actor/notification_actor.go:111.36,113.2 1 0
github.com/evencycu/TeamsNotifyGoV2/internal/actor/notification_actor.go:116.49,118.2 1 0
github.com/evencycu/TeamsNotifyGoV2/internal/actor/notification_actor.go:121.54,137.36 6 0
github.com/evencycu/TeamsNotifyGoV2/internal/actor/notification_actor.go:137.36,138.10 1 0
github.com/evencycu/TeamsNotifyGoV2/internal/actor/notification_actor.go:139.21,147.10 3 0
github.com/evencycu/TeamsNotifyGoV2/internal/actor/notification_actor.go:148.21,156.10 3 0
github.com/evencycu/TeamsNotifyGoV2/internal/actor/notification_actor.go:157.44,157.44 0 0
github.com/evencycu/TeamsNotifyGoV2/internal/actor/notification_actor.go:162.3,162.34 1 0
github.com/evencycu/TeamsNotifyGoV2/internal/actor/notification_actor.go:162.34,173.4 4 0
github.com/evencycu/TeamsNotifyGoV2/internal/actor/notification_actor.go:176.3,184.14 4 0
github.com/evencycu/TeamsNotifyGoV2/internal/actor/notification_actor.go:184.14,207.4 8 0
github.com/evencycu/TeamsNotifyGoV2/internal/actor/notification_actor.go:210.3,215.53 4 0
github.com/evencycu/TeamsNotifyGoV2/internal/actor/notification_actor.go:215.53,238.4 8 0
github.com/evencycu/TeamsNotifyGoV2/internal/actor/notification_actor.go:241.3,246.24 4 0
github.com/evencycu/TeamsNotifyGoV2/internal/actor/notification_actor.go:246.24,248.4 1 0
github.com/evencycu/TeamsNotifyGoV2/internal/actor/notification_actor.go:250.3,256.4 1 0
github.com/evencycu/TeamsNotifyGoV2/internal/actor/notification_actor.go:261.75,263.16 2 0
github.com/evencycu/TeamsNotifyGoV2/internal/actor/notification_actor.go:263.16,264.23 1 0
github.com/evencycu/TeamsNotifyGoV2/internal/actor/notification_actor.go:264.23,267.4 1 0
github.com/evencycu/TeamsNotifyGoV2/internal/actor/notification_actor.go:268.3,269.14 2 0
github.com/evencycu/TeamsNotifyGoV2/internal/actor/notification_actor.go:272.2,272.21 1 0
github.com/evencycu/TeamsNotifyGoV2/internal/actor/notification_actor.go:272.21,275.17 2 0
github.com/evencycu/TeamsNotifyGoV2/internal/actor/notification_actor.go:275.17,278.38 3 0
github.com/evencycu/TeamsNotifyGoV2/internal/actor/notification_actor.go:278.38,283.5 3 0
github.com/evencycu/TeamsNotifyGoV2/internal/actor/notification_actor.go:285.3,285.15 1 0
github.com/evencycu/TeamsNotifyGoV2/internal/actor/notification_actor.go:288.2,288.26 1 0
github.com/evencycu/TeamsNotifyGoV2/internal/actor/notification_actor.go:288.26,292.3 2 0
github.com/evencycu/TeamsNotifyGoV2/internal/actor/notification_actor.go:294.2,294.13 1 0
github.com/evencycu/TeamsNotifyGoV2/internal/actor/notification_actor.go:298.144,303.16 3 0
github.com/evencycu/TeamsNotifyGoV2/internal/actor/notification_actor.go:303.16,305.3 1 0
github.com/evencycu/TeamsNotifyGoV2/internal/actor/notification_actor.go:308.2,309.23 2 0
github.com/evencycu/TeamsNotifyGoV2/internal/actor/notification_actor.go:309.23,312.17 2 0
github.com/evencycu/TeamsNotifyGoV2/internal/actor/notification_actor.go:312.17,314.4 1 0
github.com/evencycu/TeamsNotifyGoV2/internal/actor/notification_actor.go:315.3,315.37 1 0
github.com/evencycu/TeamsNotifyGoV2/internal/actor/notification_actor.go:319.2,340.16 5 0
github.com/evencycu/TeamsNotifyGoV2/internal/actor/notification_actor.go:340.16,342.3 1 0
github.com/evencycu/TeamsNotifyGoV2/internal/actor/notification_actor.go:344.2,349.16 5 0
github.com/evencycu/TeamsNotifyGoV2/internal/actor/notification_actor.go:349.16,351.3 1 0
github.com/evencycu/TeamsNotifyGoV2/internal/actor/notification_actor.go:352.2,357.28 3 0
github.com/evencycu/TeamsNotifyGoV2/internal/actor/notification_actor.go:357.28,359.26 2 0
github.com/evencycu/TeamsNotifyGoV2/internal/actor/notification_actor.go:359.26,363.4 3 0
github.com/evencycu/TeamsNotifyGoV2/internal/actor/notification_actor.go:366.2,366.28 1 0
github.com/evencycu/TeamsNotifyGoV2/internal/actor/notification_actor.go:366.28,369.3 2 0
github.com/evencycu/TeamsNotifyGoV2/internal/actor/notification_actor.go:372.2,373.69 2 0
github.com/evencycu/TeamsNotifyGoV2/internal/actor/notification_actor.go:373.69,374.44 1 0
github.com/evencycu/TeamsNotifyGoV2/internal/actor/notification_actor.go:374.44,376.4 1 0
github.com/evencycu/TeamsNotifyGoV2/internal/actor/notification_actor.go:379.2,379.51 1 0
github.com/evencycu/TeamsNotifyGoV2/internal/actor/notification_actor.go:383.84,385.20 2 0
github.com/evencycu/TeamsNotifyGoV2/internal/actor/notification_actor.go:385.20,387.3 1 0
github.com/evencycu/TeamsNotifyGoV2/internal/actor/notification_actor.go:389.2,399.16 9 0
github.com/evencycu/TeamsNotifyGoV2/internal/actor/notification_actor.go:399.16,401.3 1 0
github.com/evencycu/TeamsNotifyGoV2/internal/actor/notification_actor.go:403.2,407.16 4 0
github.com/evencycu/TeamsNotifyGoV2/internal/actor/notification_actor.go:407.16,410.3 2 0
github.com/evencycu/TeamsNotifyGoV2/internal/actor/notification_actor.go:411.2,415.53 3 0
github.com/evencycu/TeamsNotifyGoV2/internal/actor/notification_actor.go:415.53,419.3 3 0
github.com/evencycu/TeamsNotifyGoV2/internal/actor/notification_actor.go:421.2,424.63 2 0
github.com/evencycu/TeamsNotifyGoV2/internal/actor/notification_actor.go:424.63,426.3 1 0
github.com/evencycu/TeamsNotifyGoV2/internal/actor/notification_actor.go:428.2,428.26 1 0
github.com/evencycu/TeamsNotifyGoV2/internal/actor/notification_actor.go:428.26,431.3 2 0
github.com/evencycu/TeamsNotifyGoV2/internal/actor/notification_actor.go:433.2,434.28 2 0
github.com/evencycu/TeamsNotifyGoV2/internal/actor/notification_actor.go:438.67,440.2 1 0
github.com/evencycu/TeamsNotifyGoV2/internal/actor/notification_actor.go:443.68,444.9 1 0
github.com/evencycu/TeamsNotifyGoV2/internal/actor/notification_actor.go:445.25,446.22 1 0
github.com/evencycu/TeamsNotifyGoV2/internal/actor/notification_actor.go:447.25,448.19 1 0
github.com/evencycu/TeamsNotifyGoV2/internal/actor/notification_actor.go:449.45,450.24 1 0
github.com/evencycu/TeamsNotifyGoV2/internal/actor/notification_actor.go:451.46,452.24 1 0
github.com/evencycu/TeamsNotifyGoV2/internal/actor/notification_actor.go:453.45,454.23 1 0
github.com/evencycu/TeamsNotifyGoV2/internal/actor/notification_actor.go:455.10,456.25 1 0
github.com/evencycu/TeamsNotifyGoV2/internal/actor/notification_actor.go:461.114,465.16 3 0
github.com/evencycu/TeamsNotifyGoV2/internal/actor/notification_actor.go:465.16,467.3 1 0
github.com/evencycu/TeamsNotifyGoV2/internal/actor/notification_actor.go:469.2,480.66 3 0
github.com/evencycu/TeamsNotifyGoV2/internal/actor/notification_actor.go:484.90,487.23 2 0
github.com/evencycu/TeamsNotifyGoV2/internal/actor/notification_actor.go:487.23,492.3 3 0
github.com/evencycu/TeamsNotifyGoV2/internal/actor/notification_actor.go:492.8,495.30 2 0
github.com/evencycu/TeamsNotifyGoV2/internal/actor/notification_actor.go:495.30,497.4 1 0
github.com/evencycu/TeamsNotifyGoV2/internal/actor/notification_actor.go:499.3,500.66 2 0
github.com/evencycu/TeamsNotifyGoV2/internal/actor/notification_actor.go:503.2,504.19 2 0
github.com/evencycu/TeamsNotifyGoV2/internal/actor/queue_consumer.go:22.72,24.2 1 1
github.com/evencycu/TeamsNotifyGoV2/internal/actor/queue_consumer.go:26.52,30.2 3 1
github.com/evencycu/TeamsNotifyGoV2/internal/actor/queue_consumer.go:32.32,33.23 1 1
github.com/evencycu/TeamsNotifyGoV2/internal/actor/queue_consumer.go:33.23,35.3 1 1
github.com/evencycu/TeamsNotifyGoV2/internal/actor/queue_consumer.go:38.51,39.6 1 1
github.com/evencycu/TeamsNotifyGoV2/internal/actor/queue_consumer.go:39.6,40.10 1 1
github.com/evencycu/TeamsNotifyGoV2/internal/actor/queue_consumer.go:41.21,42.10 1 0
github.com/evencycu/TeamsNotifyGoV2/internal/actor/queue_consumer.go:43.11,43.11 0 1
github.com/evencycu/TeamsNotifyGoV2/internal/actor/queue_consumer.go:46.3,47.17 2 1
github.com/evencycu/TeamsNotifyGoV2/internal/actor/queue_consumer.go:47.17,48.24 1 0
github.com/evencycu/TeamsNotifyGoV2/internal/actor/queue_consumer.go:48.24,50.5 1 0
github.com/evencycu/TeamsNotifyGoV2/internal/actor/queue_consumer.go:51.4,52.12 2 0
github.com/evencycu/TeamsNotifyGoV2/internal/actor/queue_consumer.go:54.3,54.23 1 1
github.com/evencycu/TeamsNotifyGoV2/internal/actor/queue_consumer.go:54.23,55.12 1 0
github.com/evencycu/TeamsNotifyGoV2/internal/actor/queue_consumer.go:59.3,59.31 1 1
github.com/evencycu/TeamsNotifyGoV2/internal/actor/redis_circuit_breaker.go:28.65,35.2 1 0
github.com/evencycu/TeamsNotifyGoV2/internal/actor/redis_circuit_breaker.go:38.78,40.22 2 0
github.com/evencycu/TeamsNotifyGoV2/internal/actor/redis_circuit_breaker.go:40.22,42.3 1 0
github.com/evencycu/TeamsNotifyGoV2/internal/actor/redis_circuit_breaker.go:43.2,43.16 1 0
github.com/evencycu/TeamsNotifyGoV2/internal/actor/redis_circuit_breaker.go:43.16,45.3 1 0
github.com/evencycu/TeamsNotifyGoV2/internal/actor/redis_circuit_breaker.go:46.2,46.19 1 0
github.com/evencycu/TeamsNotifyGoV2/internal/actor/redis_circuit_breaker.go:50.73,58.2 6 0
github.com/evencycu/TeamsNotifyGoV2/internal/actor/redis_circuit_breaker.go:61.89,64.16 2 0
github.com/evencycu/TeamsNotifyGoV2/internal/actor/redis_circuit_breaker.go:64.16,66.3 1 0
github.com/evencycu/TeamsNotifyGoV2/internal/actor/redis_circuit_breaker.go:69.2,72.37 2 0
github.com/evencycu/TeamsNotifyGoV2/internal/actor/redis_circuit_breaker.go:72.37,75.21 2 0
github.com/evencycu/TeamsNotifyGoV2/internal/actor/redis_circuit_breaker.go:75.21,78.4 1 0
github.com/evencycu/TeamsNotifyGoV2/internal/actor/redis_circuit_breaker.go:80.3,87.13 7 0
github.com/evencycu/TeamsNotifyGoV2/internal/actor/redis_circuit_breaker.go:90.2,90.12 1 0
github.com/evencycu/TeamsNotifyGoV2/internal/actor/redis_circuit_breaker.go:94.74,96.16 2 0
github.com/evencycu/TeamsNotifyGoV2/internal/actor/redis_circuit_breaker.go:96.16,98.3 1 0
github.com/evencycu/TeamsNotifyGoV2/internal/actor/redis_circuit_breaker.go:100.2,100.21 1 0
github.com/evencycu/TeamsNotifyGoV2/internal/actor/redis_circuit_breaker.go:100.21,102.3 1 0
github.com/evencycu/TeamsNotifyGoV2/internal/actor/redis_circuit_breaker.go:105.2,106.22 2 0
github.com/evencycu/TeamsNotifyGoV2/internal/actor/redis_circuit_breaker.go:106.22,110.3 2 0
github.com/evencycu/TeamsNotifyGoV2/internal/actor/redis_circuit_breaker.go:111.2,111.16 1 0
github.com/evencycu/TeamsNotifyGoV2/internal/actor/redis_circuit_breaker.go:111.16,113.3 1 0
github.com/evencycu/TeamsNotifyGoV2/internal/actor/redis_circuit_breaker.go:115.2,116.16 2 0
github.com/evencycu/TeamsNotifyGoV2/internal/actor/redis_circuit_breaker.go:116.16,118.3 1 0
github.com/evencycu/TeamsNotifyGoV2/internal/actor/redis_circuit_breaker.go:120.2,120.33 1 0
github.com/evencycu/TeamsNotifyGoV2/internal/actor/redis_circuit_breaker.go:120.33,124.3 2 0
github.com/evencycu/TeamsNotifyGoV2/internal/actor/redis_circuit_breaker.go:126.2,126.18 1 0
github.com/evencycu/TeamsNotifyGoV2/internal/actor/redis_circuit_breaker.go:130.96,132.16 2 0
github.com/evencycu/TeamsNotifyGoV2/internal/actor/redis_circuit_breaker.go:132.16,134.3 1 0
github.com/evencycu/TeamsNotifyGoV2/internal/actor/redis_circuit_breaker.go:136.2,137.22 2 0
github.com/evencycu/TeamsNotifyGoV2/internal/actor/redis_circuit_breaker.go:137.22,139.3 1 0
github.com/evencycu/TeamsNotifyGoV2/internal/actor/redis_circuit_breaker.go:139.8,139.23 1 0
github.com/evencycu/TeamsNotifyGoV2/internal/actor/redis_circuit_breaker.go:139.23,141.3 1 0
github.com/evencycu/TeamsNotifyGoV2/internal/actor/redis_circuit_breaker.go:143.2,152.21 3 0
github.com/evencycu/TeamsNotifyGoV2/internal/actor/redis_circuit_breaker.go:152.21,154.17 2 0
github.com/evencycu/TeamsNotifyGoV2/internal/actor/redis_circuit_breaker.go:154.17,156.18 2 0
github.com/evencycu/TeamsNotifyGoV2/internal/actor/redis_circuit_breaker.go:156.18,158.5 1 0
github.com/evencycu/TeamsNotifyGoV2/internal/actor/redis_circuit_breaker.go:162.2,162.21 1 0
github.com/evencycu/TeamsNotifyGoV2/internal/actor/redis_queue.go:32.52,34.2 1 1
github.com/evencycu/TeamsNotifyGoV2/internal/actor/redis_queue.go:36.56,38.2 1 1
github.com/evencycu/TeamsNotifyGoV2/internal/actor/redis_queue.go:42.92,46.24 3 1
github.com/evencycu/TeamsNotifyGoV2/internal/actor/redis_queue.go:46.24,49.3 1 0
github.com/evencycu/TeamsNotifyGoV2/internal/actor/redis_queue.go:51.2,51.76 1 1
github.com/evencycu/TeamsNotifyGoV2/internal/actor/redis_queue.go:57.78,64.16 2 1
github.com/evencycu/TeamsNotifyGoV2/internal/actor/redis_queue.go:64.16,66.3 1 0
github.com/evencycu/TeamsNotifyGoV2/internal/actor/redis_queue.go:67.2,67.18 1 1
github.com/evencycu/TeamsNotifyGoV2/internal/actor/redis_queue.go:67.18,69.3 1 0
github.com/evencycu/TeamsNotifyGoV2/internal/actor/redis_queue.go:70.2,72.16 3 1
github.com/evencycu/TeamsNotifyGoV2/internal/actor/redis_queue.go:72.16,74.3 1 0
github.com/evencycu/TeamsNotifyGoV2/internal/actor/redis_queue.go:76.2,78.16 3 1
github.com/evencycu/TeamsNotifyGoV2/internal/actor/redis_queue.go:78.16,80.3 1 0
github.com/evencycu/TeamsNotifyGoV2/internal/actor/redis_queue.go:81.2,81.9 1 1
github.com/evencycu/TeamsNotifyGoV2/internal/actor/redis_queue.go:81.9,84.3 1 0
github.com/evencycu/TeamsNotifyGoV2/internal/actor/redis_queue.go:85.2,85.18 1 1
github.com/evencycu/TeamsNotifyGoV2/internal/actor/teams_sender.go:23.35,25.2 1 0
github.com/evencycu/TeamsNotifyGoV2/internal/actor/teams_sender.go:28.109,39.24 2 0
github.com/evencycu/TeamsNotifyGoV2/internal/actor/teams_sender.go:39.24,46.3 1 0
github.com/evencycu/TeamsNotifyGoV2/internal/actor/teams_sender.go:49.2,53.8 1 0
